# SSL/TLS secrets log file, generated by NSS
CLIENT_RANDOM 88382486e56038e0f02ffffff2ac80699fe3e04b565b35b07556dfe07ed2ecf2 7609b4fd8217b78291f80ca73cbbf82a266d3fafd2dc300bc7384438223d785b6e390daae1b8d11b8b983037fc7b07bc
CLIENT_HANDSHAKE_TRAFFIC_SECRET fe9c789ef53ed058214af97a490c01d78ceba561d95c852d8be328780e20e1a1 ff368c0e328cbb6431887d13f17f8220ed62942b77a7f04a2e99abec472d7561
SERVER_HANDSHAKE_TRAFFIC_SECRET fe9c789ef53ed058214af97a490c01d78ceba561d95c852d8be328780e20e1a1 23a036da984305cb1d2f806a467be5e228c194a16eb27fa6c7b8a756c3eb63ec
CLIENT_TRAFFIC_SECRET_0 fe9c789ef53ed058214af97a490c01d78ceba561d95c852d8be328780e20e1a1 5571c967ec4d263a7c0c3a79fda145d368f79ed7fb0e9bc5ed2b69a45824a7ba
SERVER_TRAFFIC_SECRET_0 fe9c789ef53ed058214af97a490c01d78ceba561d95c852d8be328780e20e1a1 d893aace99599c684e9a89af6191ce9985412255af4e7486a8b81d781ad87a7d
EXPORTER_SECRET fe9c789ef53ed058214af97a490c01d78ceba561d95c852d8be328780e20e1a1 e09334314cd4b83a9f6404dca9a8f94c913d454179d9bea4f4b13242fdbff291
CLIENT_RANDOM be315626db538da0d1c893118f33c7c5f25e3d4a32488feab507dcf21dcce048 00ad692350d603fc626924fcc6dda09c30f6f1f656ed2ad68533a482c7eec06f7c0ff6ed515e83d0f9831256f97f4e9a
CLIENT_HANDSHAKE_TRAFFIC_SECRET 1ffc14c74b1614fa58f680fc736ae10f5ebc3b4e40230bcc74ebe8a64ff8059c 14a041ed970e0e9ee1ea5828adfebab7270e4436e5d38e791a81a70f0241be1b84fce3bc6fdf7cab7cec46155b55fec2
SERVER_HANDSHAKE_TRAFFIC_SECRET 1ffc14c74b1614fa58f680fc736ae10f5ebc3b4e40230bcc74ebe8a64ff8059c 1c19608da6edf3cb83dc383e9812d9d0b3f21c59239057458b5e0dfdb5839643dd961c6a40cb5ca57b415af08804e75f
CLIENT_TRAFFIC_SECRET_0 1ffc14c74b1614fa58f680fc736ae10f5ebc3b4e40230bcc74ebe8a64ff8059c 7d2bd8f241ee9bc03d2848dd1b33ed24a4885cac30f48b3aaae753bcf5b71c63631db9e94baf7fa5182fb4205651ae83
SERVER_TRAFFIC_SECRET_0 1ffc14c74b1614fa58f680fc736ae10f5ebc3b4e40230bcc74ebe8a64ff8059c 57c6adc71a9a799a58b82b10e3188897d106f4ca6d041a89a1f2a57df37a52a59750c25c3dbe52b265bea3e96803187d
EXPORTER_SECRET 1ffc14c74b1614fa58f680fc736ae10f5ebc3b4e40230bcc74ebe8a64ff8059c 1b8208baa8b170545992735bbb708b982c6b57caf253ed5ecaf549234b7ddfaade459f623cff2d155466719d11860ee9
CLIENT_HANDSHAKE_TRAFFIC_SECRET 035362ac5834afbe1872d0ce08d81911fff5b5f938aaa242788cf0f879407887 bf768f22a2b9bde0833b74ab2dcdbf31d3aee8317a02f3783fc9353cfced3760
SERVER_HANDSHAKE_TRAFFIC_SECRET 035362ac5834afbe1872d0ce08d81911fff5b5f938aaa242788cf0f879407887 3555962b65d3897fd4ce2b06073e58b661972eb5721a873e6a4c2c6b966577a4
CLIENT_TRAFFIC_SECRET_0 035362ac5834afbe1872d0ce08d81911fff5b5f938aaa242788cf0f879407887 3f2e0076db42b00d263ff4b4ad3ef18035db8d9a4b4ac94a0a5e33cd75f39215
SERVER_TRAFFIC_SECRET_0 035362ac5834afbe1872d0ce08d81911fff5b5f938aaa242788cf0f879407887 c976c828344ac1029b2580c7c314e39a50892f8dc8eb19a8175ae5818543e949
EXPORTER_SECRET 035362ac5834afbe1872d0ce08d81911fff5b5f938aaa242788cf0f879407887 c394f2368a88a2d88ce1049c85d933df40ec96e56021e6a71c11adee82546f8a
CLIENT_HANDSHAKE_TRAFFIC_SECRET cca0faab2b6c74a5008909452cf56c960a96e06fe963333158d3252af4c36a4c fa24c20cd3f6571007e2378772c1196af85e9a7beb152736cc428a2a84e51751
SERVER_HANDSHAKE_TRAFFIC_SECRET cca0faab2b6c74a5008909452cf56c960a96e06fe963333158d3252af4c36a4c 45083c321e0fe5564599c06b528ccf3f7f5180d922fa4e2782956e0c9a7e4a46
CLIENT_TRAFFIC_SECRET_0 cca0faab2b6c74a5008909452cf56c960a96e06fe963333158d3252af4c36a4c 2273edb474c5e321ed35db998d98f2789b3c8f889998248296b243294c4778dc
SERVER_TRAFFIC_SECRET_0 cca0faab2b6c74a5008909452cf56c960a96e06fe963333158d3252af4c36a4c bed650f045c76a84dd52649e235d7d515ab7058f09db0aa4f9b9f524e36838ff
EXPORTER_SECRET cca0faab2b6c74a5008909452cf56c960a96e06fe963333158d3252af4c36a4c 8fbed6f65bcddb720bc910eb288814b47e4c3edd1b7e63ef823b02499b411e3f
CLIENT_HANDSHAKE_TRAFFIC_SECRET 86ff14d7e3e35caae867b9a9dc8624c94f7ee035b2ca8a618fb268b01205e164 358f4c843a6330bc2260468d6ee9600183228a9e401186582c35a1e6fa75152f
SERVER_HANDSHAKE_TRAFFIC_SECRET 86ff14d7e3e35caae867b9a9dc8624c94f7ee035b2ca8a618fb268b01205e164 a98536738af2e0d6a965e92704b49a40a49a9372ea9aba7d8df491e04731f3f9
CLIENT_TRAFFIC_SECRET_0 86ff14d7e3e35caae867b9a9dc8624c94f7ee035b2ca8a618fb268b01205e164 0216d6604f3e088b887f6d6fb8471c45fe10e39a1299d55ce182a0b5d69b045b
SERVER_TRAFFIC_SECRET_0 86ff14d7e3e35caae867b9a9dc8624c94f7ee035b2ca8a618fb268b01205e164 f9ca6c5283b81870403d5c21ea993f29978a40b9eac0184b1f3af852fbf23a74
EXPORTER_SECRET 86ff14d7e3e35caae867b9a9dc8624c94f7ee035b2ca8a618fb268b01205e164 80d7e658ea25a8f400f236a4a3ea2bc142140f8022eeafa84230c87d1a14c927
CLIENT_HANDSHAKE_TRAFFIC_SECRET c9d64270447e6faaafbecb35de3198dcc44350f911fe3bbb7909ef409a153d51 afd9ae1eb5e153e25f7e8d3a1d1ba7c448af74d696d4d4a07348268747d637a0
SERVER_HANDSHAKE_TRAFFIC_SECRET c9d64270447e6faaafbecb35de3198dcc44350f911fe3bbb7909ef409a153d51 30b335cd7580facbb8acd8c6b50affe007c44f8cc480bcc7f476fa4f06f6793b
CLIENT_TRAFFIC_SECRET_0 c9d64270447e6faaafbecb35de3198dcc44350f911fe3bbb7909ef409a153d51 3488890fe57518d42abde119ca2ec649054810719aca94702d0af77880c1aabc
SERVER_TRAFFIC_SECRET_0 c9d64270447e6faaafbecb35de3198dcc44350f911fe3bbb7909ef409a153d51 e04a84720b2e838b323856246f62011ac9f8a4498a5cb34e8c5ad3519c8656d6
EXPORTER_SECRET c9d64270447e6faaafbecb35de3198dcc44350f911fe3bbb7909ef409a153d51 a9b24430ff6167fbeb3b7363bf500dd3eb5fb69074eebb76557b5892e31be6f6
CLIENT_RANDOM a2a3da3dfb2342b42862418386ca40225da9213c5770c0f13a35c50e20544b29 40f341b3e81739d40925af202c4ba99f596460114e121e1528451abfcaf72613c4e6a306b49484d8de7f8ec150f9eca3
CLIENT_HANDSHAKE_TRAFFIC_SECRET a5788fe16477ffe7ff16d5da5fc6337e56ef75c4247a0d3a190ab32cbb16bfc3 e962486a824030f09ec43b7965f34f5bd27845022ee0825e52d07e670c14d115
SERVER_HANDSHAKE_TRAFFIC_SECRET a5788fe16477ffe7ff16d5da5fc6337e56ef75c4247a0d3a190ab32cbb16bfc3 81fd6016e81e20eb5ec8dbfe370bcdf07848e9df6dacafcea2485f0a96a85896
CLIENT_TRAFFIC_SECRET_0 a5788fe16477ffe7ff16d5da5fc6337e56ef75c4247a0d3a190ab32cbb16bfc3 28d48e1fdabb0ce5b66c5a694852fad1bfef3a9f27427373b5aa0f947c43d56c
SERVER_TRAFFIC_SECRET_0 a5788fe16477ffe7ff16d5da5fc6337e56ef75c4247a0d3a190ab32cbb16bfc3 b614ee3ed77ea062913bef13637999e480da48ae7932ced3c018e1a0675b19f7
EXPORTER_SECRET a5788fe16477ffe7ff16d5da5fc6337e56ef75c4247a0d3a190ab32cbb16bfc3 ba41211510db8e767852ec0b209bfea5f3472df6d49601afceca93bbcb232d55
CLIENT_HANDSHAKE_TRAFFIC_SECRET 3f433274c7338944b9111edebd2903f1c0cbd77c227ba267b52bf3fd57de685b 9a21edb45f40f6d87cd75964c181bae45ec04f51a516ac01a5b8a081a5ceb289
SERVER_HANDSHAKE_TRAFFIC_SECRET 3f433274c7338944b9111edebd2903f1c0cbd77c227ba267b52bf3fd57de685b 040191ed2d56222266ad959802fc673b11f43c6efb878e44a1b84f7c81d3fd4b
CLIENT_HANDSHAKE_TRAFFIC_SECRET 0dd0b2c935622333b70a1d63255a62f2cecbf79920c1877dc7e581b25243dddc f27438e0bc1e18cb0bcfd80d5a2e587f257455053c4043fbedfdc2b146f4ed00
SERVER_HANDSHAKE_TRAFFIC_SECRET 0dd0b2c935622333b70a1d63255a62f2cecbf79920c1877dc7e581b25243dddc 820ee942bf3b163ddd1114f4ccd782a9651007b33a3c7f5c273dfe1602ecc0e4
CLIENT_TRAFFIC_SECRET_0 3f433274c7338944b9111edebd2903f1c0cbd77c227ba267b52bf3fd57de685b 28e10632b59c092341f0c6da94eba906aa4ee4bfc72da43290ed89492ee3b4ae
SERVER_TRAFFIC_SECRET_0 3f433274c7338944b9111edebd2903f1c0cbd77c227ba267b52bf3fd57de685b 70e554246916d5265911d045c2e30c64d1042ad251dd58cf61ac6a80a69770fa
EXPORTER_SECRET 3f433274c7338944b9111edebd2903f1c0cbd77c227ba267b52bf3fd57de685b 673e88525357406e7e0df4726433129edd79778340d3a3afdb4fa418810bb4f6
CLIENT_TRAFFIC_SECRET_0 0dd0b2c935622333b70a1d63255a62f2cecbf79920c1877dc7e581b25243dddc 24d4099da16a5648d2f53efc5ad8523ec500176ec70a4124f815accf4916acd7
SERVER_TRAFFIC_SECRET_0 0dd0b2c935622333b70a1d63255a62f2cecbf79920c1877dc7e581b25243dddc 5894eef652feb0c20b4ba6476058eaab9b0c5001ef082595b0e4fa72e19d1b0f
EXPORTER_SECRET 0dd0b2c935622333b70a1d63255a62f2cecbf79920c1877dc7e581b25243dddc 639bba47b7448c4ad2480d4c04fcc87ac53d9fc43c3604e534bfea455926f0e8
CLIENT_HANDSHAKE_TRAFFIC_SECRET 464e4d5b512ca472a16088a1034f0a8438fec77e9de38bc7581df88be3a0ab81 7be3a1a92aff66654cc2a3ab5296c994610fffa00200d6fa4ac23c545fde48ac
SERVER_HANDSHAKE_TRAFFIC_SECRET 464e4d5b512ca472a16088a1034f0a8438fec77e9de38bc7581df88be3a0ab81 d4169b4a284718bbb8220e8d143e06adf911d4dfd3699171d40c23f866f0a768
CLIENT_TRAFFIC_SECRET_0 464e4d5b512ca472a16088a1034f0a8438fec77e9de38bc7581df88be3a0ab81 333cebf89a335b10a692212ade136709e9048671ede33d72e8c81eb4ae23147a
SERVER_TRAFFIC_SECRET_0 464e4d5b512ca472a16088a1034f0a8438fec77e9de38bc7581df88be3a0ab81 c795d5ce31ce72940fa50f74d5c4475762a6dfd66e145306994c5733b4358427
EXPORTER_SECRET 464e4d5b512ca472a16088a1034f0a8438fec77e9de38bc7581df88be3a0ab81 5fc4a43e4e7dd106cfaa63a89fd0c29827f6a4992267705ed8665a1c30abcf0e
CLIENT_HANDSHAKE_TRAFFIC_SECRET d56825459a4d200df45f38f59f6d99e1e30e2a4bff863fc1d0fa3476885c54ae 4b33cf89005a5f1e0b8480a426336db7667f860c9f8a8035c48fc80549c8bf71
SERVER_HANDSHAKE_TRAFFIC_SECRET d56825459a4d200df45f38f59f6d99e1e30e2a4bff863fc1d0fa3476885c54ae 11d5f0f92631dccd9dd791db2a2c99e51f9f14c9f38788652b522663ddd5d60b
CLIENT_TRAFFIC_SECRET_0 d56825459a4d200df45f38f59f6d99e1e30e2a4bff863fc1d0fa3476885c54ae e7ed8152dfd24df0d7e09c2a14674e1dfc87760b16fbfc9ea99410027c4de1e9
SERVER_TRAFFIC_SECRET_0 d56825459a4d200df45f38f59f6d99e1e30e2a4bff863fc1d0fa3476885c54ae a9d417b072d6f7ec666137fd7290897ee7ef76750c3ffa77fe0dbb17dd808b8b
EXPORTER_SECRET d56825459a4d200df45f38f59f6d99e1e30e2a4bff863fc1d0fa3476885c54ae 1f995f19796f4028e4a8add4b53d1d5d400ea2cfc99de0ecdfe086c3bdd7eae4
CLIENT_RANDOM b3c085952cafd2ec87c26fd71540c6701a3847093b8df9eff6c767b6c93d0870 211d26b27282c1f54b05a337c61b95626295c62bbcc88a33535327765989f52e636f43731ea0b3fe02c27d4a835c7e2f
CLIENT_RANDOM ee2541c8fd400db2a6bfef3c62d022b03530b9d41b052b650014ab6f24388dbf cfad17c905d4f72472fbe67724f5593c577e9b5b5430876108fb77739c5b409cbe52a0ebce40d29621543502ed540424
CLIENT_RANDOM 8ec4e4d143a59f2746d8104092d682fa6aa4caccb39770cbf5fb10ef74e9a00e 389016fa5d89b6085d9e420120f5c331e7ae28950297a515bbebd4a612f7b4f86d1a0b3eb05e918ca4e35b3f8ce64c52
CLIENT_HANDSHAKE_TRAFFIC_SECRET d34ea1f9096fdc57684cb8e2c05ab70eddb30d792de6b80831fe82b9a7106d80 add93d4bc49b0f957b53b0aa35fa546785cb03b445f7bf8a81d7b0826ea77070cf8418c86ec9f2654e9e6cf896d06445
SERVER_HANDSHAKE_TRAFFIC_SECRET d34ea1f9096fdc57684cb8e2c05ab70eddb30d792de6b80831fe82b9a7106d80 96bdd165d36b6219371a1efcb83a5aed4600ca07699ac114754220ef67de8197bc98fc5c2745d241d6e73c0c3404c640
CLIENT_HANDSHAKE_TRAFFIC_SECRET e357c3b7fb9d44f9ac513c13e6065c730ae414ded90ce1708c9449912b6d78aa 64cde23ee31a06c18a8c3dda3d42104c7ff20c276fd8275a6eb663b196b8b2feb4115c6dfaec28a89e933da47ebc5e8a
SERVER_HANDSHAKE_TRAFFIC_SECRET e357c3b7fb9d44f9ac513c13e6065c730ae414ded90ce1708c9449912b6d78aa 287770f9f8c334555d8567b0a0b2017fa635c3c9c1b85a5c149d3ae8e3ca1a1c3cd0de8707a5017649ebb9fb199be481
CLIENT_HANDSHAKE_TRAFFIC_SECRET 55890fe08df49edf2e5d7cee78208bd6a7d45c0d0da3a9a73a92495150eba399 d7dee14d7361413b27e78f41fbb61901cafdfca16410ba9a803f421bb275c2350e4bce3403c6b990d04c74072b4cd33b
SERVER_HANDSHAKE_TRAFFIC_SECRET 55890fe08df49edf2e5d7cee78208bd6a7d45c0d0da3a9a73a92495150eba399 20a7e0b17f35c83320cccf2c04dbd928640c13d9caaa7b9083ffd6007135fc741b0f238cb7e6d36bf8ed5ed8073cde55
CLIENT_HANDSHAKE_TRAFFIC_SECRET a50be77fc750f0446dfb98e634f0a8654896f6beb633a166881d325e17327119 f435439f1139c28ee0504bb31bab7d6a66fe4486a375d7731dab27ddddd2806e0726ce22e5259ff67a439f24c64faebb
SERVER_HANDSHAKE_TRAFFIC_SECRET a50be77fc750f0446dfb98e634f0a8654896f6beb633a166881d325e17327119 0a7342f6a916702d560930d31ba3e1f57c54785a0f94d9d000f0eed08fc516f9de9d07ff02a22e1b94aeb6e9885c4ffb
CLIENT_HANDSHAKE_TRAFFIC_SECRET c0c35e9c1a2d2fb3aa6d9c664fff1c047ce30718b51fb34c01cadfdfa81032f5 cf83137250e10e663d8eab4f23e15845d952f921bb6ac566a683b09bd39770f2f76b6e7d66abccb519d147344844db2e
SERVER_HANDSHAKE_TRAFFIC_SECRET c0c35e9c1a2d2fb3aa6d9c664fff1c047ce30718b51fb34c01cadfdfa81032f5 78643db20c9502ac8d11266f6eb24f05ecb18d2336b890ed94d4ef9fe031ea167de6742b891b99649a34de84df050142
CLIENT_HANDSHAKE_TRAFFIC_SECRET 68723db0c00c3827ed34609b01121c8a2ce63cd90b4a4c2db35ab56876a1d4ba dff86ddaaf5d95bb3903e7c6740fd430c278c0743a39018e18b7c4f8c1ff29b7
SERVER_HANDSHAKE_TRAFFIC_SECRET 68723db0c00c3827ed34609b01121c8a2ce63cd90b4a4c2db35ab56876a1d4ba 54736e2d57c7ea3c94b575e69de3c641ec1c41dbe7c194302f4e4923ea39e10c
CLIENT_TRAFFIC_SECRET_0 68723db0c00c3827ed34609b01121c8a2ce63cd90b4a4c2db35ab56876a1d4ba 7adb957790c96467dc20aaa13115f2b63ae3d929d554a4f1f2d741b3d1b6a031
SERVER_TRAFFIC_SECRET_0 68723db0c00c3827ed34609b01121c8a2ce63cd90b4a4c2db35ab56876a1d4ba 75dd33b68ce812e1280699fa8929f25e2c7efa479a1f7cd19d813bd64489084b
EXPORTER_SECRET 68723db0c00c3827ed34609b01121c8a2ce63cd90b4a4c2db35ab56876a1d4ba 9cc92cc5afceef065fba37bfbffbc645040bf38f6db8a7715f96506c026672a4
CLIENT_HANDSHAKE_TRAFFIC_SECRET fcc9161ce9017ad2b3687371c8fa0e72cf185d968fe4aa851af88543e2d3e52a 43857f1485a4cf1a3614fadc02758fd0866cec61025c26fee5d80f17fad802daef79f0429cc825f323147992330fbc2a
SERVER_HANDSHAKE_TRAFFIC_SECRET fcc9161ce9017ad2b3687371c8fa0e72cf185d968fe4aa851af88543e2d3e52a af951684a5e1b8918bbe62a992cb88b74eab5889b878c7ae8bbf133cec7f8c2b1f080fa303015dfc88e2f29ddddb4d61
CLIENT_TRAFFIC_SECRET_0 fcc9161ce9017ad2b3687371c8fa0e72cf185d968fe4aa851af88543e2d3e52a 3d74988849e670d3ea30b19809c061e3719eda879c18eda4ed1e75a0d7706e8cdde8540c268aef0e072bad4ed9f565e3
SERVER_TRAFFIC_SECRET_0 fcc9161ce9017ad2b3687371c8fa0e72cf185d968fe4aa851af88543e2d3e52a 4594b541b9634fb79b2f84a928b22e4268c00fead5d4d2e75dad54c814439a1502731d344ddcbd4870411b7417f3e4be
EXPORTER_SECRET fcc9161ce9017ad2b3687371c8fa0e72cf185d968fe4aa851af88543e2d3e52a 59ce312bafd64c149cbfd81d617b729f9acbd71a2838c5835e4b47e473eeff72af89b9e036afccfd9f5557c842029f28
CLIENT_HANDSHAKE_TRAFFIC_SECRET 4e1ecb34925858e44a013e2ae3ac565042baa3b7f4d947c1890bbfff50894ee2 0b55fda144f0cb4aa5d9ac8e40cc7fdfb7d4408ecbf40e15ff989a079609bb733eff71b391012510ffa24343b9c60d74
SERVER_HANDSHAKE_TRAFFIC_SECRET 4e1ecb34925858e44a013e2ae3ac565042baa3b7f4d947c1890bbfff50894ee2 b711cf2fdf6c0e10d06190fc3f287ae5a13aa26c13e2a45e3c685916ec7a436e02c08aaa7b8d2e9844eb652b1cc44b06
CLIENT_TRAFFIC_SECRET_0 4e1ecb34925858e44a013e2ae3ac565042baa3b7f4d947c1890bbfff50894ee2 a82d991933a496ed9db17df1204b64dc8d1efb1c22a85a99ec5991d4f7e8db460af074d36b88c702841d4f841b873bf1
SERVER_TRAFFIC_SECRET_0 4e1ecb34925858e44a013e2ae3ac565042baa3b7f4d947c1890bbfff50894ee2 ff5b3b134134c6fe3e3b972904c445a998b839983a9d0ccfd3310c9a6bc5f700debe33d6d182c87ddf8d7a75bae468ef
EXPORTER_SECRET 4e1ecb34925858e44a013e2ae3ac565042baa3b7f4d947c1890bbfff50894ee2 54c8f695654f6e41f6d7bba4f6ab57d24fbe9b0d499c11533f1a8b4acb40fa472245703b3af05869c808ce0808437390
CLIENT_HANDSHAKE_TRAFFIC_SECRET 6b04586de3ded76f1e9f71e6b92782fff5d5c86ff5254a3ef49d44d230428599 0b49f3dd71725f901f38b63a2a32f03ea1fb18b6d8228bd0aacac648b1806968807b60a5df9d813284ae750d536eafc9
SERVER_HANDSHAKE_TRAFFIC_SECRET 6b04586de3ded76f1e9f71e6b92782fff5d5c86ff5254a3ef49d44d230428599 06aa91654ac2d21ebbda981fb19f59e2ce91faba62e88b0b8dc41890e47443de28fdd609c61c9eb9e43cecf588d30805
CLIENT_HANDSHAKE_TRAFFIC_SECRET b7656305863829a34026218475e760351009144d17eb2426e9f66734d0e58b86 0daa914d7a99645329bc81e49f76f5ecbd4868d788380a24b2487aeb9c656360021de3de6a18b82036d3adfaf03a47ad
SERVER_HANDSHAKE_TRAFFIC_SECRET b7656305863829a34026218475e760351009144d17eb2426e9f66734d0e58b86 6f033d19af29c0f06288e19fab0454c025e6da30378ba5b9ee2ad249da53f2f977140dcd366b37afded4bb0c62df1a98
CLIENT_HANDSHAKE_TRAFFIC_SECRET 3368896afb746ce9ad047d359a0635402592e3a5db76d537119a0e3df59b2665 67f4858301ab8070474c626564fdbda86d2d9295fe49b5ea52602beb7de346df41072d749e324438d392e444d2e152f2
SERVER_HANDSHAKE_TRAFFIC_SECRET 3368896afb746ce9ad047d359a0635402592e3a5db76d537119a0e3df59b2665 6601fa425d3e73b4a608650f64d753268e69bfe365e7b2920c48e73a018cb649d5f9d6ecfeedddffd8c2a216ccf0e17c
CLIENT_HANDSHAKE_TRAFFIC_SECRET 17a85f1252e02c2024b06226e733bb267ff7be26abe421bb111add2de0372cc0 33768eb1b493d26620f137743a6b50ff125965ca243d84114e11c531494dfc5e6c5f2bd46ac7d6cdf03a2fbc530e2c99
SERVER_HANDSHAKE_TRAFFIC_SECRET 17a85f1252e02c2024b06226e733bb267ff7be26abe421bb111add2de0372cc0 a7e3a77f225a8285f8f331da86d6622daacdd74a642d6855866c2c0d2b323f5e9079ea432b302a379a2b4b558d482e0f
CLIENT_TRAFFIC_SECRET_0 6b04586de3ded76f1e9f71e6b92782fff5d5c86ff5254a3ef49d44d230428599 307d0176374009d9a5904ff261541701dfb1441fba0b29c2144bf993a267cde3e21260b9aca14cd109418376fad7e584
SERVER_TRAFFIC_SECRET_0 6b04586de3ded76f1e9f71e6b92782fff5d5c86ff5254a3ef49d44d230428599 4dcc881514849d02d1308101d512967b14add665092a36d8002685ea4045ed6114e4db60e1d8656102820ed25ffc4406
EXPORTER_SECRET 6b04586de3ded76f1e9f71e6b92782fff5d5c86ff5254a3ef49d44d230428599 ea2813740cb98b46604870b3c964f5841ac111190f409af523b103aa23563361c996b1f0a02b28c978a7d3e846a8bf69
CLIENT_TRAFFIC_SECRET_0 b7656305863829a34026218475e760351009144d17eb2426e9f66734d0e58b86 83469217fed83974839c5ff793077c912a97dd10b23490422111c137503ed174fbbb4667f6a39d5595e04353367f3dc1
SERVER_TRAFFIC_SECRET_0 b7656305863829a34026218475e760351009144d17eb2426e9f66734d0e58b86 3a398b8e61ac77c5409bb7e0c7cff2a9036937d59d1c5c112458e9139114fc390544865c185178de237a3a28b34dd9ed
EXPORTER_SECRET b7656305863829a34026218475e760351009144d17eb2426e9f66734d0e58b86 31c4e8533ce30b028c654dc8ba3d1c3f2e425d487a92f60a1405946add2ed91f213e3fc3e58a0325388c3df95cd12807
CLIENT_TRAFFIC_SECRET_0 3368896afb746ce9ad047d359a0635402592e3a5db76d537119a0e3df59b2665 94c9dea45d61a42e1bfd08b26fabf374c9434fe68b4623851e45ad9f135beb86c1831bdf00e12e898ec30a79526b922e
SERVER_TRAFFIC_SECRET_0 3368896afb746ce9ad047d359a0635402592e3a5db76d537119a0e3df59b2665 5e160b3da37b216c5b62e3651a1b2a60cf2c7c25e7f56c9cba5402fb95380b3e45869270284e71aeb24bb48275a53c3b
EXPORTER_SECRET 3368896afb746ce9ad047d359a0635402592e3a5db76d537119a0e3df59b2665 bad05a96ca8068ef7f65836d19af6f99e9c63a2521a77bd7d2558e60d4915790eaea224cb49d4d4a7ed824336ec31b5a
CLIENT_TRAFFIC_SECRET_0 17a85f1252e02c2024b06226e733bb267ff7be26abe421bb111add2de0372cc0 ab10e8cb9d53fac3346f71edda5dd9287d8b8785f746b4d41f5f71afd1f6f3d1a2175d1b052d8a136e9c3e8e17386533
SERVER_TRAFFIC_SECRET_0 17a85f1252e02c2024b06226e733bb267ff7be26abe421bb111add2de0372cc0 f774ee6e31fc154ac1fed96db15eaa5ae9a7c071629d39b76c6ea5ef50af841535d81f1880cfb93e90d992eab290d92f
EXPORTER_SECRET 17a85f1252e02c2024b06226e733bb267ff7be26abe421bb111add2de0372cc0 ae8f018d916402a6fd45abaf8f850c3ca07989b76c08a92a08ccb472a16599aa5a8b3df20437318c3ff854cdc6272069
CLIENT_HANDSHAKE_TRAFFIC_SECRET e121fe00f09c611ba8476b1c94207b1f402bbacfed1c103fc02044248fcf0250 851b787624dc33d0669868c9778a081e641212d32acdf13ca0de9be058730c659780d4742b88965684dee3de342a6982
SERVER_HANDSHAKE_TRAFFIC_SECRET e121fe00f09c611ba8476b1c94207b1f402bbacfed1c103fc02044248fcf0250 e64d45f6dfbdebda80f16d3283e065b903146e83a0e056f6462f237671a431a2a40d21eff576fdf4aeacba628a1515fb
CLIENT_TRAFFIC_SECRET_0 e121fe00f09c611ba8476b1c94207b1f402bbacfed1c103fc02044248fcf0250 3632ad1596c40b62b672321cfe42a13cf5b822d8b772d1cbb368755fa7cece91e0dbeef089d19e1d299cda2ace207b79
SERVER_TRAFFIC_SECRET_0 e121fe00f09c611ba8476b1c94207b1f402bbacfed1c103fc02044248fcf0250 08bc9f2e2d822ba5b08dc26b82a259438b15cd387d025600dca8466aceae6f171f89899918027e95f578bbecfdd881b2
EXPORTER_SECRET e121fe00f09c611ba8476b1c94207b1f402bbacfed1c103fc02044248fcf0250 f57fd8d1520bea7e45155c32a9460cc486c9a7507ba9518b7b1cba071b7f3c8426782a55ba492a7d5f953ccb984adb19
CLIENT_HANDSHAKE_TRAFFIC_SECRET 7e9d528b67de1fce88358590de523b7e8ccdaa44d977aebc667cb3ae2413b869 5d82e0dfa3abdd958a655878aec730f72c23a2a57846f8ac8f136beb44a41ed675445e16e20b60509a32d59c82d49fc1
SERVER_HANDSHAKE_TRAFFIC_SECRET 7e9d528b67de1fce88358590de523b7e8ccdaa44d977aebc667cb3ae2413b869 8d483eb3c5b6c7e24717d07de87c50452780795b8e6d1d9e35e5facfb621af7de1bb5b1ce838ac870a10b82bd4a37949
CLIENT_TRAFFIC_SECRET_0 7e9d528b67de1fce88358590de523b7e8ccdaa44d977aebc667cb3ae2413b869 f80e453132ec268e50a3f66ebc1ef096233a1a0778a852bc6c5322938bcd303ce32dd78e85cd93e7d8f1d05726fea7f8
SERVER_TRAFFIC_SECRET_0 7e9d528b67de1fce88358590de523b7e8ccdaa44d977aebc667cb3ae2413b869 044bee406e76043fb31928f66cedf9c772fea6d54ea88daf204ee824d4a3b3b7176c356a65c46ae1898f6f078355f250
EXPORTER_SECRET 7e9d528b67de1fce88358590de523b7e8ccdaa44d977aebc667cb3ae2413b869 b0349ce7ee7f2a1e0e0572d5c0921bf93a1bc420ea7fa4160ef66159b926561256e5eec958e17dc044577ef1c7badc2f
CLIENT_HANDSHAKE_TRAFFIC_SECRET 9b812c0eecd992196cf9e8cca2584e9d620080b2e2466e1ba39c6253b2deaaa3 5731492e4001296ef6e21a91d60a689d7b22103d8d9214eabd565a6fcb6ccb1a19b615b020d8cc0dfb0a73cfb5039b4c
SERVER_HANDSHAKE_TRAFFIC_SECRET 9b812c0eecd992196cf9e8cca2584e9d620080b2e2466e1ba39c6253b2deaaa3 b98a8c8333e366322c89c2326ffe7f36a71a553cb3448672e9722172d1de426a34f2bb0f0267697192a33026664ad257
CLIENT_HANDSHAKE_TRAFFIC_SECRET 56eb3a9654203dbf8536db18df60917b4521626871de1472860f32769cb4cfb9 98c37d0e6604581c1d03d8a5bf307cc430f4972be33902434fb17a44cbcb6d96c17ca5565e35b7f6ac7bbd874de36482
SERVER_HANDSHAKE_TRAFFIC_SECRET 56eb3a9654203dbf8536db18df60917b4521626871de1472860f32769cb4cfb9 abbf9be55c17b69193be4b74720959b6e2913bab97cc230b8325a6b6eaa68a3e0bf918507dafabd6fac83ef6bc4f0754
CLIENT_TRAFFIC_SECRET_0 9b812c0eecd992196cf9e8cca2584e9d620080b2e2466e1ba39c6253b2deaaa3 687b1624e7067965f7243b29d6fc410ef4cc9e45c68cf105324f5a14891eabf71de2c4c0ea59c0262bd782cd83a23272
SERVER_TRAFFIC_SECRET_0 9b812c0eecd992196cf9e8cca2584e9d620080b2e2466e1ba39c6253b2deaaa3 dd94987a6511cc9f9da578289e597344ed3cfdff7ed459926814e532101b4f7e2a49e7dcf8109904a58edc8231eb1de5
EXPORTER_SECRET 9b812c0eecd992196cf9e8cca2584e9d620080b2e2466e1ba39c6253b2deaaa3 5cfbea6d3cbf55c695aac2ca9c87157bdc2870f207afccf51cedb9516d6164337eaf1d4b5a894f539c050ddfc28f17d1
CLIENT_TRAFFIC_SECRET_0 56eb3a9654203dbf8536db18df60917b4521626871de1472860f32769cb4cfb9 7e47d683b5131423b033be9b04dd98b5dda7507328afba88f9d0c4d5d4e795dbdfee140366c757b3efec9b88ec29dbd9
SERVER_TRAFFIC_SECRET_0 56eb3a9654203dbf8536db18df60917b4521626871de1472860f32769cb4cfb9 401048720014d24a08df20bd057e194e8215c945c464bd9a9ffb65e4157632d9fa9bb1f00fc28deebf52678ad68c6323
EXPORTER_SECRET 56eb3a9654203dbf8536db18df60917b4521626871de1472860f32769cb4cfb9 e62c0ba47d5c182a04bec42d2bb10875daece8d41b5d77fc3c2eb7e12d26e29cb3e9a4dc85de02333c717f1f6cb5d104
CLIENT_RANDOM 3fe4acaa7196158555087fb79905c134470b34f1beac3d476e53e2b3c7cf59e2 185569c3be464aab93711afad866dfeb7c5e1738cb04c996013b5df212f98a42242deaaeff31161efcb6be3ecd2797f4
CLIENT_RANDOM 95c2ffc1b9897326f33c90775ae480f91ac11b606b3c6682ccf5b13390932b5a c60c54dff9e9087c3fcaedf310c1d5ad99f3dd6940dc51208e79aedcd3fb74f55a3ff708ca8cea09658ea5678be78522
CLIENT_HANDSHAKE_TRAFFIC_SECRET 52af3dc2e84f7a63f38ca6d4ee32dfde3ea4802886ee683f8455b4f4f8f5426d 79992247d75fdffe05ffe00599d89eb4c69eb95ff19efb09e7f76d5423efa3b3
SERVER_HANDSHAKE_TRAFFIC_SECRET 52af3dc2e84f7a63f38ca6d4ee32dfde3ea4802886ee683f8455b4f4f8f5426d 0beebaced06f31f1c634c6d893a5cb869f157c714baacd3d84e9f9a31d2b2b78
CLIENT_TRAFFIC_SECRET_0 52af3dc2e84f7a63f38ca6d4ee32dfde3ea4802886ee683f8455b4f4f8f5426d 4e7f9203a678d6b2f6e05883827eb56b169312417ffab36dae8fa363c3a1e9c6
SERVER_TRAFFIC_SECRET_0 52af3dc2e84f7a63f38ca6d4ee32dfde3ea4802886ee683f8455b4f4f8f5426d efafcb18377770b86a0f17d5c4da6b9328ee837c5f77443866283aea0baf744d
EXPORTER_SECRET 52af3dc2e84f7a63f38ca6d4ee32dfde3ea4802886ee683f8455b4f4f8f5426d 30af2c4d65122581c2fa89033ae66c24e1f408f05d80ac3c6c730853bacf6063
CLIENT_HANDSHAKE_TRAFFIC_SECRET 505d7aec39b35b79d9ef01bb81b125f3078225d0023b60f02465e46d7c89d830 21df2dfabbcfb5cf14ce13e8ae91ae2a6ee6f115375d71b67c929182b565e12b258a796b36619b446bda4a3e0b660d8b
SERVER_HANDSHAKE_TRAFFIC_SECRET 505d7aec39b35b79d9ef01bb81b125f3078225d0023b60f02465e46d7c89d830 210e559a225960d68ff93b958be1e54f144f035ed261460297bfb1ec3b29ac248adc4200571167600db964970c178025
CLIENT_HANDSHAKE_TRAFFIC_SECRET d1d6863a0b35acf3aedb28a98f65ae549a9698104bd7eb8256ebae7edd592067 7e463e1fb52d6aabff5c257f76788f1d01f21390616ff1fd62c27306cff5a47d89552633c4ec971b8c181ef69e715c03
SERVER_HANDSHAKE_TRAFFIC_SECRET d1d6863a0b35acf3aedb28a98f65ae549a9698104bd7eb8256ebae7edd592067 beddc84223a96d7488cc7f19269b920691f3739cb3486cd4c7f9dab490db2cdff890eb3b800bdeb48aff2cb403735475
CLIENT_HANDSHAKE_TRAFFIC_SECRET c2c94fc5275cf196bb90c387efc64540d18080d5c5cc79cd3b7088af2f7132f0 59b0e1fdff106be9b1f6375becadf7ff7b82de400d4886482b9940e81c4441652f253ab7f8970816f4ab2f366f2c9858
SERVER_HANDSHAKE_TRAFFIC_SECRET c2c94fc5275cf196bb90c387efc64540d18080d5c5cc79cd3b7088af2f7132f0 6b71b418398944f5fd4a7ff64216f6ab26e972b4bd888d668f3007ce1cac1eacc8983f0290edf0c4dfbad9f0d0caabe8
CLIENT_HANDSHAKE_TRAFFIC_SECRET 4d24c0538e9a3672ccb7c01c17018f6d0e1c980499d0dae291226a198e81b2fb 215f5bba8a9284f60721f18b3eb7ec2d73589f0b82438ee54f7b4a56059d6cc1
SERVER_HANDSHAKE_TRAFFIC_SECRET 4d24c0538e9a3672ccb7c01c17018f6d0e1c980499d0dae291226a198e81b2fb 5365cd44178ae1d736bbed10337325abd0cdc30bc4abdf313b3c9908d9190b49
CLIENT_TRAFFIC_SECRET_0 505d7aec39b35b79d9ef01bb81b125f3078225d0023b60f02465e46d7c89d830 e44f942016cef494c6e3d28c2dd67ccaaf11a2ef6ecd8d119fa678c509fba5f828f424ba89cf403bdffed0f3c8d38715
SERVER_TRAFFIC_SECRET_0 505d7aec39b35b79d9ef01bb81b125f3078225d0023b60f02465e46d7c89d830 f2a412156e8ada83483ac2820dbdbaa37fcca928914deeadf2bf4d902d05eb5feede292d4b0fdef85df9b9bc2e459648
EXPORTER_SECRET 505d7aec39b35b79d9ef01bb81b125f3078225d0023b60f02465e46d7c89d830 893af98c56d322cc0cbbaed26682fa298c7676674bb6d239214d7aebbdbc8407b12dd43ed67ba1f947e3e4692c09b37e
CLIENT_TRAFFIC_SECRET_0 d1d6863a0b35acf3aedb28a98f65ae549a9698104bd7eb8256ebae7edd592067 92fb161dc21f139ab825e7d0258ffc4e762cdac1bbd14195efe362f0aff04a3c1b7c5613a42da37863f48af5b9dda204
SERVER_TRAFFIC_SECRET_0 d1d6863a0b35acf3aedb28a98f65ae549a9698104bd7eb8256ebae7edd592067 c317288759c7e1187567f86deff81b1c952b1533e0821624f8fc9b4a7c02b9d3447a5b08db0f1f909c97bd5bddaf349d
EXPORTER_SECRET d1d6863a0b35acf3aedb28a98f65ae549a9698104bd7eb8256ebae7edd592067 4adf7ebd983a5da241b27035f6c5628af4c5f3d5c167b821a31f63eaeb9847080de14811e85ed5a69a5fe2ff548d20db
CLIENT_TRAFFIC_SECRET_0 c2c94fc5275cf196bb90c387efc64540d18080d5c5cc79cd3b7088af2f7132f0 c861acac2ed46512b067cec849f7a22445511b9fdc77f64344d5867cfcbdac554998e0402c65635d5a3607a8cf718f92
SERVER_TRAFFIC_SECRET_0 c2c94fc5275cf196bb90c387efc64540d18080d5c5cc79cd3b7088af2f7132f0 7559ce5975c076e23486ac261371ed485588a17ac8d66ffdc0b65cd54f3241215cf64dc319fe42635eda6fa35dd848dc
EXPORTER_SECRET c2c94fc5275cf196bb90c387efc64540d18080d5c5cc79cd3b7088af2f7132f0 77156784382a47c8a7653d3e8251e5b4459e5eefb8994f52361f6dd5766d1d08dfc3c07b09541524fd49deb02958007e
CLIENT_TRAFFIC_SECRET_0 4d24c0538e9a3672ccb7c01c17018f6d0e1c980499d0dae291226a198e81b2fb 91ab47cfde2d4354efc8f8baa9b68cf1c7b06df699f96d34863d5ca22952f725
SERVER_TRAFFIC_SECRET_0 4d24c0538e9a3672ccb7c01c17018f6d0e1c980499d0dae291226a198e81b2fb 23db0f70d7ecefe210ae7983a84844a240e7c06793dc8bb0a6ceeeff2a5fcfda
EXPORTER_SECRET 4d24c0538e9a3672ccb7c01c17018f6d0e1c980499d0dae291226a198e81b2fb dd3d3863fae5b67ad72acb0bc7abfd56c50c778357168513dfae2c85a8c060cf
CLIENT_HANDSHAKE_TRAFFIC_SECRET 0c61ed031679da79595315f0ab1238a3955bbc2ccff9b64f8d76da2d97866d25 c69f0a525dfe5e82b8ab2e99d7f9828485cff42d8890498cd7e17c4ebe35edd663839c4e0beed57ca50ef99741140ee2
SERVER_HANDSHAKE_TRAFFIC_SECRET 0c61ed031679da79595315f0ab1238a3955bbc2ccff9b64f8d76da2d97866d25 ac8f36d17c36289facfc14efa69b80b9275da662c6feaa5feeedecb58c0909997489b500e0479a50524944b68aee9382
CLIENT_TRAFFIC_SECRET_0 0c61ed031679da79595315f0ab1238a3955bbc2ccff9b64f8d76da2d97866d25 3ead113ba913e1d26ae46cca7d2eea6b9378365faea72b6f8bb56758f8c22dc4853fe9a35be2592b26d08342fe088e68
SERVER_TRAFFIC_SECRET_0 0c61ed031679da79595315f0ab1238a3955bbc2ccff9b64f8d76da2d97866d25 c0ab8ca876046c30818a31b4fdef7355e06146207f89d498f25ce24d07d01a5e5a4b776abfe2e7f7036ad03ba566f6f0
EXPORTER_SECRET 0c61ed031679da79595315f0ab1238a3955bbc2ccff9b64f8d76da2d97866d25 015ccc650a51afee95c0ac129dce75f31672ec0d5c66f44eeaf140bb2f4519051002763447cd76df2afc5ff24e20d6cb
CLIENT_HANDSHAKE_TRAFFIC_SECRET b9178b58aabeda2357e30b78c79d58f06ecec7fc4bc914331a0632ef270ff409 3a7e0e4be50a48e35ca4614f2d124930e05e0a08d07d06b61e913831b5f96a8b8480265c32f0e67a77af587253f46608
SERVER_HANDSHAKE_TRAFFIC_SECRET b9178b58aabeda2357e30b78c79d58f06ecec7fc4bc914331a0632ef270ff409 1043cd809a41d5b816f7c0787f4731d4f99ba616eab1bcabcfcdea5950e5da81aeaf821c476d1077cd7699ebc12ace37
CLIENT_TRAFFIC_SECRET_0 b9178b58aabeda2357e30b78c79d58f06ecec7fc4bc914331a0632ef270ff409 1141951fdddf0ea57bd09ff414525156281f943938d7b27d3557b2d02d6e8b93d8ce4df725a926b0d3f2c1dd48167403
SERVER_TRAFFIC_SECRET_0 b9178b58aabeda2357e30b78c79d58f06ecec7fc4bc914331a0632ef270ff409 c553e0fc889be2accd1b206ced27739cff131287ad76c5ed422dfa5a0197e3ecf711f8d32d41647cddf35cc469850665
EXPORTER_SECRET b9178b58aabeda2357e30b78c79d58f06ecec7fc4bc914331a0632ef270ff409 8428a4300b3809f4ff6de12a4fc461528632fb545ccf0f06ef39b9e1ef6fa92a03107aa9a21276310c3b1e49f0a21d15
CLIENT_RANDOM 9a55557834e3e93eb51582ba1466830c5bb2a315d357c70a0301c7252a223d0b 2b8ba14afe44b42315adb79b429f9d2fe35d51473c275095ad0985e680c1f7cf0b0c1331e899171adbcfad14060e8518
CLIENT_RANDOM 43785aabd4119d6156dcd63528f75675a83a0ebefbd2b3cecabebf8bc7763411 301d1fdd8231497065e32db11f57ba4510720e28fd12c170cc40b771aa660972f1d0a35190488b682f3ba6e1e17a5440
CLIENT_RANDOM 9c20c062a46310a93441fc1ff1d6a135f1320051e20d865080deb408471634d8 8ff372ac4f4585c513093d796942e56104bf38b37bb2f9a86e10ede22404e6a802e693f7b4994f9c62cc403042e628d7
CLIENT_RANDOM 35cb0db0aa29f581375f3eefd2c9fdec2b46adeb878402ac9e5182bbfe843364 4d7cb9977305f3adc34e89f5c6a7d1a5543855835e2b7dc13326e502f778d657779145766ee6bf4c4b884b0e8a3304a8
CLIENT_RANDOM 181f856bfb0f7c1c4db6e26935f92ef4dbd400ad0f83a287bb8a54c04c82e3a0 aed308eee417fbbae9a7c23634ec26ac72c34998e883ca2acd2af7b4ac10b5a23bba793f27483562d92b7a1251ef6682
CLIENT_RANDOM d125147ba638f6bf7f9593a265714da9240d88b4bf376bd9816c8e52da6fd3ef e3f43d61483b1f10040ae56a935fd35f9ccc95eb503df4aef7e8bd1fb5dc5c96d5d924841c5add7e2ae922cb5c172971
CLIENT_HANDSHAKE_TRAFFIC_SECRET 37e52cf9719ffd349750c28d3ecd9e0bb53a7e1afd6bf52b45350ed8dd650528 28224683632da9820822f58d95842a67cd2f92f4de2356aaa1c2cc185ce4c947
SERVER_HANDSHAKE_TRAFFIC_SECRET 37e52cf9719ffd349750c28d3ecd9e0bb53a7e1afd6bf52b45350ed8dd650528 8dd9e3a2817a53b2b7e1c8553510e7fb7437a773885b642af5bb1828686e6e97
CLIENT_HANDSHAKE_TRAFFIC_SECRET 6432ca8785f9d00c788e413636f7fc1104381403cfcb4ee3dd72caf1eb2bf162 2c622ee7faf3492402bc5c2bf91dba90e24984034c033b21aa1a2e0902b32cf8
SERVER_HANDSHAKE_TRAFFIC_SECRET 6432ca8785f9d00c788e413636f7fc1104381403cfcb4ee3dd72caf1eb2bf162 a7eaf16e9bdc9ef3884319159546fc795f5e3a6bed76f9701cf59f9ee6017bcd
CLIENT_HANDSHAKE_TRAFFIC_SECRET 1907e1ff940398f2fc216082523790f15fc2b1dddce1ee5d523cbd61036c5f38 b07bbd6a15828f530a63e21ed39ff39cb20c3601abd4d67feae2a6ce202ca192df785c6b26f617b4d35df764e51ab7d0
SERVER_HANDSHAKE_TRAFFIC_SECRET 1907e1ff940398f2fc216082523790f15fc2b1dddce1ee5d523cbd61036c5f38 bb62d591cc5dd74091a82aa83e7f5141b75306ea0a9bd8c74ab5bf0265d29fbd698442f22f29181a4184068814ca17b5
CLIENT_TRAFFIC_SECRET_0 1907e1ff940398f2fc216082523790f15fc2b1dddce1ee5d523cbd61036c5f38 14ed72f9dc0bcbca46faee719879c78407841b846de9d343cec2fe52a024351f041713ca79a8228721f02c95599b80a2
SERVER_TRAFFIC_SECRET_0 1907e1ff940398f2fc216082523790f15fc2b1dddce1ee5d523cbd61036c5f38 a5644e70713268eabf8fb78f00033288efd3db6b893ceb36055321d2a95141dcad426bdc252559c70fa2046cf073bbe8
EXPORTER_SECRET 1907e1ff940398f2fc216082523790f15fc2b1dddce1ee5d523cbd61036c5f38 e3c87e804d3da7b9b41f5489469243ea1cfe305f4ffe14b336d68f11968b20e853f2ef6bdec0fe6286b0ca011631c750
CLIENT_TRAFFIC_SECRET_0 37e52cf9719ffd349750c28d3ecd9e0bb53a7e1afd6bf52b45350ed8dd650528 1ceea1602bb649c2ecda7944fd6f127faf572596f3fcf86dbafc44496f8783e6
SERVER_TRAFFIC_SECRET_0 37e52cf9719ffd349750c28d3ecd9e0bb53a7e1afd6bf52b45350ed8dd650528 f068a2f428530001c012fe30df18d7973f3679ab39683ff213687e43c7758962
EXPORTER_SECRET 37e52cf9719ffd349750c28d3ecd9e0bb53a7e1afd6bf52b45350ed8dd650528 31220b38d32762fdcf67dd5148187c32243f5d524b0428af0f2deb1dd802cb28
CLIENT_TRAFFIC_SECRET_0 6432ca8785f9d00c788e413636f7fc1104381403cfcb4ee3dd72caf1eb2bf162 fa30c84d797bbab6216393b401ef8ca24138909e0a683d20a85d0a01ef83b255
SERVER_TRAFFIC_SECRET_0 6432ca8785f9d00c788e413636f7fc1104381403cfcb4ee3dd72caf1eb2bf162 48a4477b1fda4927f54f4c1b67938fe82cf9165f7f95ad04a5571b3ac2167c94
EXPORTER_SECRET 6432ca8785f9d00c788e413636f7fc1104381403cfcb4ee3dd72caf1eb2bf162 231bcb632420a1a01b55274f87cb5823dca4fc65be90265dee24f16ba0fe1b2d
CLIENT_HANDSHAKE_TRAFFIC_SECRET 22565568cb3ab6c5056fe2bdf5bace59c6ceec61a3a908a750ec3490ac240f70 c869a484d8e78ee1c0eeb859df46652c084ba9907f1df3d26b2862d2d7c59d44
SERVER_HANDSHAKE_TRAFFIC_SECRET 22565568cb3ab6c5056fe2bdf5bace59c6ceec61a3a908a750ec3490ac240f70 228606136803603fb0fc4c5659ee9e5e30322c6adf69028e47ebd9bc2fea59a6
CLIENT_TRAFFIC_SECRET_0 22565568cb3ab6c5056fe2bdf5bace59c6ceec61a3a908a750ec3490ac240f70 45980b863902df9d91b19a5746e13e704238fbfa229cc370778619da380b539e
SERVER_TRAFFIC_SECRET_0 22565568cb3ab6c5056fe2bdf5bace59c6ceec61a3a908a750ec3490ac240f70 07f9f4f6562452de82570386b6a69ac68aeb7373bf07c0f6610395423d7cf8a7
EXPORTER_SECRET 22565568cb3ab6c5056fe2bdf5bace59c6ceec61a3a908a750ec3490ac240f70 e85013f456567951a397151ba24909e4d03bd5bc667343709113cccd4a3c3f4f
CLIENT_HANDSHAKE_TRAFFIC_SECRET 68dac914d050ba249d5b9f6f4a3e35477c9fe13f214a0be389d168a4f88a46d1 6294b10bd46464f4ff02e3e11f1cbc3b8c30a8f8755b266e4a5e7ea56b7c0c6087e8f55672210205b3cec578d4843d8e
SERVER_HANDSHAKE_TRAFFIC_SECRET 68dac914d050ba249d5b9f6f4a3e35477c9fe13f214a0be389d168a4f88a46d1 23fe4e19b722260d62cd391c0a084ea76152211cc64a007d5a847df176a90205ccff38b68631a099056d75585a7d4fdc
CLIENT_TRAFFIC_SECRET_0 68dac914d050ba249d5b9f6f4a3e35477c9fe13f214a0be389d168a4f88a46d1 aaa830e887d3bb37a5a140e8a4725a90f5776eb2d83612d067535f48eaa495f9a384ff22588f2ea57f499025c055455c
SERVER_TRAFFIC_SECRET_0 68dac914d050ba249d5b9f6f4a3e35477c9fe13f214a0be389d168a4f88a46d1 c4ee4a0fb6ad249a4898f1620ba27e257893c71b576d73070f1b01c863aa4c39826a7a3546f117b1138258fc7378fd56
EXPORTER_SECRET 68dac914d050ba249d5b9f6f4a3e35477c9fe13f214a0be389d168a4f88a46d1 ce64f08c82a773291cf3eab57cd74d8ae41f69a0e69263f48ca854cb80b07a75ba020d27506e678d8d577b8f96b01ae3
CLIENT_RANDOM edbc31d42e8ded26dfe25d0d95bc7db7befb07ebcd2340667b05fc8eb1de1525 05a13c5261708b5ed8c2f3d9c89fc2ec74693ba6365a3db419cba0a6a4d698613e646e16f3f924ae49163d740dec3239
CLIENT_RANDOM 1c5c1c1fee40d9d3cb5c35112cc1bf1ccaf54e81447b9c9a39614eda59503b2b 332633a168a4f9bd99d552520e6cf9918a14a2c95f03338924164d3a4f50079872c7ae1e606f11605c86452f1a66f9f0
CLIENT_HANDSHAKE_TRAFFIC_SECRET d28103f7f68404345f7ab6d436f90d2c86a21c91e08215eb21cc030b5b08fce8 6ebb3a707d77e8bd023ca42add0ec1ff5480b786e8fc0bfbf8338661bd65ce7abd3770d43a47598a4cfed745c89083a5
SERVER_HANDSHAKE_TRAFFIC_SECRET d28103f7f68404345f7ab6d436f90d2c86a21c91e08215eb21cc030b5b08fce8 a05a0fd60913e74fcfa3d5c6a689db91dace860bf8b698a4eeda44c8df0aa310ccc20af35efffbfb3995689c2842ba90
CLIENT_TRAFFIC_SECRET_0 d28103f7f68404345f7ab6d436f90d2c86a21c91e08215eb21cc030b5b08fce8 e57a5abf0b29d54b0a46f9db3a27e544be145b5fd9421a872e3a206d774edd2fa1537134e679cf48017d86270aba2998
SERVER_TRAFFIC_SECRET_0 d28103f7f68404345f7ab6d436f90d2c86a21c91e08215eb21cc030b5b08fce8 20acb651108fda1016f724b823040dd65e282a63d778f7e2da52e2c2488619abd7fa5d8139ddce1f542cdb28549d5427
EXPORTER_SECRET d28103f7f68404345f7ab6d436f90d2c86a21c91e08215eb21cc030b5b08fce8 ffe8494b49cfdc59680ae5320f3b9002f288a281b6550e3c60a41f34ddf212604ad1bd252c9efe99bf009e39348f3fd9
CLIENT_HANDSHAKE_TRAFFIC_SECRET 05844c7111adc77ec9ad88ded9b988277e71e42cb7d5a2e0e91037180ec2d8a4 f52c2ba27a2babcb302f7e3c449ad95cf1d0ca25478759a7f6b481ba70ef80d0fc053ffbcd0831149d3857c246320015
SERVER_HANDSHAKE_TRAFFIC_SECRET 05844c7111adc77ec9ad88ded9b988277e71e42cb7d5a2e0e91037180ec2d8a4 5728f25700043bf521cbd9ee2dc264b7d43fd90f4ba00017ea7f2bb962f94819082d8066fda5d4b1a537047d324048f1
CLIENT_HANDSHAKE_TRAFFIC_SECRET 02a817783e691762fa014ea9ac08c1bb8a765542b134d372bc62a7eeb2f99f03 c3a9c04852617515fd34acc046acb146563f6251f489f0d52481f87de5cd6ee5fc8cd77cf5d381b7f56c9dfc2ac79522
SERVER_HANDSHAKE_TRAFFIC_SECRET 02a817783e691762fa014ea9ac08c1bb8a765542b134d372bc62a7eeb2f99f03 49e5c59e5b9fbb273ea98c500727dd2529dc181313e89191248970b505c60a90d1338766152f369f9f3916fbaa8bb8ba
CLIENT_HANDSHAKE_TRAFFIC_SECRET bd36d0f7201c894395fa7d7dfd85984c14379e17acdd7442e42613b2866aace6 8ada48b5ef3412b09e95814fb2c7ccbc58599fcf841e870eedb1ba30c6b1cba63e98bd1cca5dde6c301b7aeb6217587e
SERVER_HANDSHAKE_TRAFFIC_SECRET bd36d0f7201c894395fa7d7dfd85984c14379e17acdd7442e42613b2866aace6 2aaefa0c34fe207be6a3bd72d63c425cc3220fb778b7783c6b2290c08bf28ff5a1eca90640ac639468fbb160a9320cb4
CLIENT_HANDSHAKE_TRAFFIC_SECRET 11972d425431ac3213760ac1cd111d2dd8c176753cdf49014a095ff49a8ba3de ec25bb2c087600612ea8543a48de73189f238184c9b9507c0b6c1b6845320753
SERVER_HANDSHAKE_TRAFFIC_SECRET 11972d425431ac3213760ac1cd111d2dd8c176753cdf49014a095ff49a8ba3de cd15844d97fe767431e60c276bd06dcc4d896d352152111aa53165dfc0ba7836
CLIENT_TRAFFIC_SECRET_0 05844c7111adc77ec9ad88ded9b988277e71e42cb7d5a2e0e91037180ec2d8a4 962a5f02c79a4609bd94b85ab92a78380b822d11eed35352508c44c69d87b473053f40276682513bd8d92abfd0d3a78b
SERVER_TRAFFIC_SECRET_0 05844c7111adc77ec9ad88ded9b988277e71e42cb7d5a2e0e91037180ec2d8a4 7987baab0e651e00204a2abb8aa916a794a81e89f7b746483dfbb5c29a7fc3e9d242f81dc1299660a131c37ece915925
EXPORTER_SECRET 05844c7111adc77ec9ad88ded9b988277e71e42cb7d5a2e0e91037180ec2d8a4 44b5a3d04d0a1c16cb311ce66a4315ef0990eee0e65a84aa2424883ce6e571c3b4a993bcaff36cede9c3d1052ef6cbff
CLIENT_TRAFFIC_SECRET_0 02a817783e691762fa014ea9ac08c1bb8a765542b134d372bc62a7eeb2f99f03 139f8e7ff4b59dee9a486d1a231168d071e692fdf0bc5dac8037af991a51322b97d405fdf5af5e7c67da413d56b12266
SERVER_TRAFFIC_SECRET_0 02a817783e691762fa014ea9ac08c1bb8a765542b134d372bc62a7eeb2f99f03 030c7bbb79c2fe85af796f50bcb1a24156e5462b02577d40ded841f2e074256c06bd5b6498fca1f7c677b19dcd4da228
EXPORTER_SECRET 02a817783e691762fa014ea9ac08c1bb8a765542b134d372bc62a7eeb2f99f03 bdd0c8f358e67dde7afcfb7fbaa1ac1da69c9beee877d00b3b6420d639531fbc2e93a13f801519655c7de55f8319a116
CLIENT_TRAFFIC_SECRET_0 bd36d0f7201c894395fa7d7dfd85984c14379e17acdd7442e42613b2866aace6 7cbcb1e4d7e8fdfbaf11e7a72f6b60392bf54281a09108ea515970ea22ad9bc072234233eb2294e2b26b2e5b7a3c3940
SERVER_TRAFFIC_SECRET_0 bd36d0f7201c894395fa7d7dfd85984c14379e17acdd7442e42613b2866aace6 96986e37b7c015ee5b9d95df0a8b0f652092528c1d7f9f4c2f56138c1750c3a5dcaa06ac0081d02ff5faf1b14cd126c8
EXPORTER_SECRET bd36d0f7201c894395fa7d7dfd85984c14379e17acdd7442e42613b2866aace6 4ae5ad775cf8a2eb0c74fd1e4dcda9827c90b2a7c825f35532945acceb156b95e0b2a9b35e6de78d120f79e1ab3aa2fb
CLIENT_TRAFFIC_SECRET_0 11972d425431ac3213760ac1cd111d2dd8c176753cdf49014a095ff49a8ba3de de90418fd59574c720780db2f0e0bed8c2d8a19463f0f6de0fd7392c91fb5c27
SERVER_TRAFFIC_SECRET_0 11972d425431ac3213760ac1cd111d2dd8c176753cdf49014a095ff49a8ba3de c9478b58f8cbf368c0d7772ffd09425f258e51288dc39798d6b52fb48f5566c3
EXPORTER_SECRET 11972d425431ac3213760ac1cd111d2dd8c176753cdf49014a095ff49a8ba3de 29ec59f1adcbed22fafa4a6119eb7e88d5acdccd32d01939d9ed1c546171543b
CLIENT_HANDSHAKE_TRAFFIC_SECRET 524127ac44a42c6c1e3df1b31b24db578c5ad897b96578a238454dfc9c4b23bc dfa678f8712e5b65c1c192d55117b143b43281df19615b6970fcabd74b6b0469
SERVER_HANDSHAKE_TRAFFIC_SECRET 524127ac44a42c6c1e3df1b31b24db578c5ad897b96578a238454dfc9c4b23bc 5208b63035d55660cd79254d92b0449f9bfdfaa7375d566b49fcd0fe7e8ec627
CLIENT_TRAFFIC_SECRET_0 524127ac44a42c6c1e3df1b31b24db578c5ad897b96578a238454dfc9c4b23bc 571f43c9935764a27c68ff63b8f0beff20083b5da52068edfff2817eddf2ce06
SERVER_TRAFFIC_SECRET_0 524127ac44a42c6c1e3df1b31b24db578c5ad897b96578a238454dfc9c4b23bc 70a6957c095f153440bc20924e5c425dea17f40504ea790df80782eb12916533
EXPORTER_SECRET 524127ac44a42c6c1e3df1b31b24db578c5ad897b96578a238454dfc9c4b23bc c58afed5b3ecd7e011604efec1824ee01822d3cd4d92809ed0c9793de4c5e956
CLIENT_HANDSHAKE_TRAFFIC_SECRET d74cb14a2fe82c44cbce16a957d0ff5d28ec75830ccfa5d3f61886163e08c6a1 dc77195c35947484a7bcdeddf98ddb2f112f146aac6bac525f60e753820cfedc
SERVER_HANDSHAKE_TRAFFIC_SECRET d74cb14a2fe82c44cbce16a957d0ff5d28ec75830ccfa5d3f61886163e08c6a1 49f97cf226f80861ed175a4433536e4f1c036e8cc1810c80021408a7c3e70a35
CLIENT_TRAFFIC_SECRET_0 d74cb14a2fe82c44cbce16a957d0ff5d28ec75830ccfa5d3f61886163e08c6a1 1bc74ac332320e65cd07f343848e53e55846db89604e93210d638855bc350a00
SERVER_TRAFFIC_SECRET_0 d74cb14a2fe82c44cbce16a957d0ff5d28ec75830ccfa5d3f61886163e08c6a1 c1e4d9745dfb04b162ec578ff9d9de4098a64f28f522a0bb8fd3d3f1f6946625
EXPORTER_SECRET d74cb14a2fe82c44cbce16a957d0ff5d28ec75830ccfa5d3f61886163e08c6a1 3306a74d3f5397b20a0d29d1c0704fd2401abf604e39ce54e96ff9a127e6d668
CLIENT_HANDSHAKE_TRAFFIC_SECRET 84390f191898e583b840364ed762597af3a6946be2ee70ee2a8710d459957984 b3e59f52f929d151d9edb09372f4e455e1b5e9845c4634bf6302900f0fd3945d
SERVER_HANDSHAKE_TRAFFIC_SECRET 84390f191898e583b840364ed762597af3a6946be2ee70ee2a8710d459957984 443ff0b2d88b7f371113a18dea9a11661fe1f665a90befa8046af6d3347eb007
CLIENT_TRAFFIC_SECRET_0 84390f191898e583b840364ed762597af3a6946be2ee70ee2a8710d459957984 e82d8fde81c9f53e6d8e5e87cb293b75afa2d7cfdf490eb477985480f9d65a9a
SERVER_TRAFFIC_SECRET_0 84390f191898e583b840364ed762597af3a6946be2ee70ee2a8710d459957984 03bec65bdb3f48c5f55de8e9d3dc57c4109411634b713da41ea40a53aa93665e
EXPORTER_SECRET 84390f191898e583b840364ed762597af3a6946be2ee70ee2a8710d459957984 b5b54acabefd95d134e288f3552a4cee431ae7a14e63cd4b0e12a3ea1c25d06c
CLIENT_RANDOM 7bfd958cf5532ecd6e6fdc14bb5db5ff242a1757161933a6eb61d57310a7bac2 18514e5b2b22e22d15f537edbeab6fee25036239dcd15be6f65d00d094cad7c744d79e54d5b7b7f33fda02a457653744
CLIENT_RANDOM a14f1fde33f22bb491d7fcdfafa1c4c2419bc1c3948210a972bdbe3e65fa31ca 325edafd73b02360c4f54a17be053604c995f37fe1a8ca733645519d3af5a3601feb82a523d3cb39815ed10b9e4e7df9
CLIENT_HANDSHAKE_TRAFFIC_SECRET 9bbc26760193b9d2a8342b3758264fa5d67a147b8594d67799d583ec38f0d8c9 7b0ff6e0d4481615af7d58bddca40349d854a159bfb467cc228a85427c836cb6629bc006b4f6bb76e318f130073b012d
SERVER_HANDSHAKE_TRAFFIC_SECRET 9bbc26760193b9d2a8342b3758264fa5d67a147b8594d67799d583ec38f0d8c9 d437586307c2ff882e70393db065f16c36799e5f279c1b00242d1ab6ecf08cd326498f0254e4a6ef7f9e73ef73550775
CLIENT_TRAFFIC_SECRET_0 9bbc26760193b9d2a8342b3758264fa5d67a147b8594d67799d583ec38f0d8c9 0100836043a439cba3139dd4d9b98320348355726290526551d4011eb8ec23baf99468092ff264c5a60daf162db2f0c7
SERVER_TRAFFIC_SECRET_0 9bbc26760193b9d2a8342b3758264fa5d67a147b8594d67799d583ec38f0d8c9 6c95c4c8e5d53063a9d45c5a9934d2fa56134ee4f534979732d3eb6d1b6beadb51331a837384fc20dc951c17f8238e40
EXPORTER_SECRET 9bbc26760193b9d2a8342b3758264fa5d67a147b8594d67799d583ec38f0d8c9 afb09fc715201241d2997208f6409bb84722abc30efe3e29809ae38611024bc1862e5bd5627f2add68416d2bc6e570fc
CLIENT_HANDSHAKE_TRAFFIC_SECRET f4aa5c73de9a2209d0611b91a732114f57015a5d12cfde1b2aeb36892a67dea7 86b1daceb4897af48eef55ea2495b616698f958251accb766110751ed95eb78f1fab2c684f76f67d10b2c7eb51a797bd
SERVER_HANDSHAKE_TRAFFIC_SECRET f4aa5c73de9a2209d0611b91a732114f57015a5d12cfde1b2aeb36892a67dea7 565936b906d164984219984f4074db07dfb1c122eb6eb0baa204054a4c467df63e937d939de7ab8811cb81e6464cebd1
CLIENT_HANDSHAKE_TRAFFIC_SECRET a6ad933bcc1e71899b09fb4cd6a2cb552bc659deb0c6afaa14ff9bbaf63b4585 9796ee3c25ee267db36992bd40d1f370d0063dbe731473976401b09d5a27d5410a21ad9ded5d4ea5ac85d4e3f7b161c0
SERVER_HANDSHAKE_TRAFFIC_SECRET a6ad933bcc1e71899b09fb4cd6a2cb552bc659deb0c6afaa14ff9bbaf63b4585 8e49a8520e40829aa21905e43fb26dc97a264a12e6b8ba5bbb06083c6b1a0d30ff3e13a0accd0eacdffcd5787b1152f4
CLIENT_HANDSHAKE_TRAFFIC_SECRET 2a175a699da672fb5e03717b6afe63cd6ef4e95f90ea4159863c26d9b20e373c 9d2141565686d60066763c0ab801981e7970e908b536995c09584b7301eb6cf02b25c66a5cc06922f94ba6664690c6cc
SERVER_HANDSHAKE_TRAFFIC_SECRET 2a175a699da672fb5e03717b6afe63cd6ef4e95f90ea4159863c26d9b20e373c 4a86ee2621e5adfb2479a22f24507f49f85f4520d8e299ae63f31220aeb6024fa2ee9586e92a954d2b86b54ef5964157
CLIENT_HANDSHAKE_TRAFFIC_SECRET d8d9f94942188fd7fd91a28c1df8eaeb685fb949a7dd40de234e6b256137ee60 31ecb4835317f6c616f9b251c3b7f2773c8f56972ebee2591ce5a16d577066f9090f88a9cdc5a077e17628cd251ebc3d
SERVER_HANDSHAKE_TRAFFIC_SECRET d8d9f94942188fd7fd91a28c1df8eaeb685fb949a7dd40de234e6b256137ee60 9932f0998dcbbc41e96e95adc886229a9342695523a6c9c9e831fc4313b0f42cc02f03c73ec566d024778afd2b02f061
CLIENT_TRAFFIC_SECRET_0 2a175a699da672fb5e03717b6afe63cd6ef4e95f90ea4159863c26d9b20e373c 84cbe3151e81b119ff3214d41f4114d731340ededd9b2e64719aa9de015dad7d7c0e0d300432f93f7cb8cc89f4157854
SERVER_TRAFFIC_SECRET_0 2a175a699da672fb5e03717b6afe63cd6ef4e95f90ea4159863c26d9b20e373c c75763b4f085b504566a0889efcb85636036a8729ebaf97f24001d1baddee18486f78c8cf712c922a76cd56ba66e44f5
EXPORTER_SECRET 2a175a699da672fb5e03717b6afe63cd6ef4e95f90ea4159863c26d9b20e373c 83207af6bd6e3f1f947ffe18076df794616cc88a9c78b8b44316ac5b70226e01f99709c5be5cbcaf664fca593d2b4123
CLIENT_TRAFFIC_SECRET_0 f4aa5c73de9a2209d0611b91a732114f57015a5d12cfde1b2aeb36892a67dea7 026aba2954e149202e9399745d732cf11b6e14ee85677adbad992a2618fe686551696474ceee54573a2b9e19212278a4
SERVER_TRAFFIC_SECRET_0 f4aa5c73de9a2209d0611b91a732114f57015a5d12cfde1b2aeb36892a67dea7 b955c21677877b83159561fd3d3c4a9ad869d7de55cb4effdec987684ce581b8faaec67f47a6c6c7166dbec716c53c9d
EXPORTER_SECRET f4aa5c73de9a2209d0611b91a732114f57015a5d12cfde1b2aeb36892a67dea7 19a602ae676220522c73926cbedcf830cd9f5ec90e29f9b5837d7edc3ee234d2d3bd1a22405f4890b419b285c74e741d
CLIENT_TRAFFIC_SECRET_0 a6ad933bcc1e71899b09fb4cd6a2cb552bc659deb0c6afaa14ff9bbaf63b4585 8647c3cf1a5baa6e377820273dc8917a9cd91bbe553c43e0b76ebfe9315e1d86b295a905f8a94ef947c87be657ad62e9
SERVER_TRAFFIC_SECRET_0 a6ad933bcc1e71899b09fb4cd6a2cb552bc659deb0c6afaa14ff9bbaf63b4585 f34fa3efcb08699bedc48e80bd64ac774aa3c5ad6588d1ba7353dffd648d2fb5d83d9b3c60105182e0a4a410009a16e1
EXPORTER_SECRET a6ad933bcc1e71899b09fb4cd6a2cb552bc659deb0c6afaa14ff9bbaf63b4585 a00ebb31a85edf6fa001f168d42ca438755453d9f79dfeaf0a705985d5447314a9c9774bbf5caed6e9857a6421516a7b
CLIENT_TRAFFIC_SECRET_0 d8d9f94942188fd7fd91a28c1df8eaeb685fb949a7dd40de234e6b256137ee60 107681ed9dd5c486858212e55334f22da0f258a4b4ece94da2cc5d63a29bdbcbb9df936ed2ad17723b1e7e438487d583
SERVER_TRAFFIC_SECRET_0 d8d9f94942188fd7fd91a28c1df8eaeb685fb949a7dd40de234e6b256137ee60 d3da8cb27f08c8f3f6d85bd3a6c12b0585e215bcc151a8ed80e1cfaadffdf4ab98d232a1b1c3ed6762e75d2da68948f5
EXPORTER_SECRET d8d9f94942188fd7fd91a28c1df8eaeb685fb949a7dd40de234e6b256137ee60 682f57f5232044c1b6f16eac720e50892d8ed70cfb50f111a051db41b6ef46b84520a9b9899e7322a7c309f16f6147fe
CLIENT_HANDSHAKE_TRAFFIC_SECRET 6ced484f95be51cc87fabb11df3a095c1fabfc2e8109aa75fa5fd8f8093f5d9c 140f76c71f441d72d3d2b74f5204682988ece5423d0f63e373d5577b52843c2c8a7c575368cd701e1286cc286c6a4234
SERVER_HANDSHAKE_TRAFFIC_SECRET 6ced484f95be51cc87fabb11df3a095c1fabfc2e8109aa75fa5fd8f8093f5d9c 96ced35c9552f6c64ec55c5e5555f77ba883c388f99756cc4767e12455b1f9de2ebaeb67d53ec8c66142ed9b42685451
CLIENT_TRAFFIC_SECRET_0 6ced484f95be51cc87fabb11df3a095c1fabfc2e8109aa75fa5fd8f8093f5d9c cbe1c6be10123687af985d8ac97f5388c1885078fcfc83ec724269aea349db2c9d9b4f0fc71f438acfc520c39999e354
SERVER_TRAFFIC_SECRET_0 6ced484f95be51cc87fabb11df3a095c1fabfc2e8109aa75fa5fd8f8093f5d9c c93895dfc82563561f8ccbc2f8eb88e0aca172d8b27dfcfd9f5cc3d27e570d3749c1f9ab6b50171e87d3b070f1471032
EXPORTER_SECRET 6ced484f95be51cc87fabb11df3a095c1fabfc2e8109aa75fa5fd8f8093f5d9c f3348a131f3a740ba142f6925787319912efd8dd712c1dc60eccc001c6b734aa0ce6c55124d55ffc542dcb01c6eb97bb
CLIENT_HANDSHAKE_TRAFFIC_SECRET 0b54ff6057970301c133b204f0071fdf6d98137f6821cc1eae851bfcdfe39fa3 7ad23eae88c028c143bb25e962f1f4c9beeae95d76c021cd0f63fcf3537e205097d503cc2dca385574f07bf7d6888880
SERVER_HANDSHAKE_TRAFFIC_SECRET 0b54ff6057970301c133b204f0071fdf6d98137f6821cc1eae851bfcdfe39fa3 d3b787ba815e42edd0dd3309843233e9e223d0f19c9b6bd9a8c0e87f48e3f421ce17d87c614cdfe2da290b05f33c4962
CLIENT_HANDSHAKE_TRAFFIC_SECRET 307776bea0d63645c3521cfa567fb576ee7efb9d8bbac6b8f40b06982b23f607 0c81d276eb1ced084668f34fbca90ea14efc16c03b742becfa5aa41a3e91986ae138016a75f918ee26ea525b7ac641c7
SERVER_HANDSHAKE_TRAFFIC_SECRET 307776bea0d63645c3521cfa567fb576ee7efb9d8bbac6b8f40b06982b23f607 0c74bdb6346315ad4c5a2a254762b1992be43ebe157b1ff80de986762c707c902a003686a333754524676373851f9607
CLIENT_TRAFFIC_SECRET_0 307776bea0d63645c3521cfa567fb576ee7efb9d8bbac6b8f40b06982b23f607 a7182c877b04db87504bd8c7afcaa928f2ff76a5fa4a96feaf70af851224981951108e51a847ccbc541ac6efc9c7cdb3
SERVER_TRAFFIC_SECRET_0 307776bea0d63645c3521cfa567fb576ee7efb9d8bbac6b8f40b06982b23f607 ccc6556f0b5a46061e06ec7087158a3cd87d30d130c5bcde934c9c7e823c05c480a273f9e8f3483049b05173e55d0770
EXPORTER_SECRET 307776bea0d63645c3521cfa567fb576ee7efb9d8bbac6b8f40b06982b23f607 b2cc9cde97d6730cc397dc433e13fdafec82f11a0f21ffdcc9fbd6dc928965a3c5a58749291f5b50348591f13684b30d
CLIENT_TRAFFIC_SECRET_0 0b54ff6057970301c133b204f0071fdf6d98137f6821cc1eae851bfcdfe39fa3 08b582c296db3544b0834f9026f857047704fe860a305fb39f513b7be7e0d52cabbf1e993a0c02e5787d8adec91a234c
SERVER_TRAFFIC_SECRET_0 0b54ff6057970301c133b204f0071fdf6d98137f6821cc1eae851bfcdfe39fa3 12c5f32104508a58ad35b0a700addf95b2f863b1b22dbb9dfd6979aa1d876ab951dad3ba1641a64c882c7da2b6a2d177
EXPORTER_SECRET 0b54ff6057970301c133b204f0071fdf6d98137f6821cc1eae851bfcdfe39fa3 d0e5aaee3f346f00752106e872f8308b21a84a7408e4aecee23a743fb4d73bc22e923930b33fce792fe35d6b6cdb8ae5
CLIENT_HANDSHAKE_TRAFFIC_SECRET 3f114023c3d5a41a6285638df72f73c88dd6d25cce94c59eb3fa93f237b208bd f6e7621403e5ccaf820b772393241af08f1db441a568b9ed4587f5181516bf4a2dc805027af33bfb35d7f0b5f27eac4c
SERVER_HANDSHAKE_TRAFFIC_SECRET 3f114023c3d5a41a6285638df72f73c88dd6d25cce94c59eb3fa93f237b208bd cbe332e1eb0bb7be7ef007844a6135077807ec7bb4bb4ebabb9ea42ba4e0a55ab974fe656ae25450537dec3c145cee96
CLIENT_TRAFFIC_SECRET_0 3f114023c3d5a41a6285638df72f73c88dd6d25cce94c59eb3fa93f237b208bd b5328c80bd292198852f0614259aad2de4a8b3f45bc8fa958b1a23a3e024f06d11aaa0d8d7804db7da471ddb6e6dc9ee
SERVER_TRAFFIC_SECRET_0 3f114023c3d5a41a6285638df72f73c88dd6d25cce94c59eb3fa93f237b208bd 794f42f43140c2682b315ffcd1fa582dbf83c57c725481a9976be3b169d353ff6206b60b7fa9dfb5d1e3f07fa21d87f7
EXPORTER_SECRET 3f114023c3d5a41a6285638df72f73c88dd6d25cce94c59eb3fa93f237b208bd 668cce634884ef030fe179cc6d6f39701dcd325f084e34573558b6dc113133ef8949b3956e820fe1c627e84e369ce158
CLIENT_HANDSHAKE_TRAFFIC_SECRET 4c993684f7ab172d1bcea90a4aac63526dbd3b82abd4e4ec3ae2ffdb4d64859f 6824c5df3e7b6186f75bb14e74a686a1f7288dd205921a17e018e1d4fefd2c7697331af47f35cb78d249b36ad35ad68b
SERVER_HANDSHAKE_TRAFFIC_SECRET 4c993684f7ab172d1bcea90a4aac63526dbd3b82abd4e4ec3ae2ffdb4d64859f dc8adadb02092cad94d00c58752f5ec0b2157bd7c0367ee81dca767effa5da3186c0b7774800f399a6be1f4f137da06c
CLIENT_TRAFFIC_SECRET_0 4c993684f7ab172d1bcea90a4aac63526dbd3b82abd4e4ec3ae2ffdb4d64859f fdbb74066cc7b05ded464513b30838b3de58878e56588a18e6989ecdd0072c6905bdc510ecb74690c13b0045668d1fb0
SERVER_TRAFFIC_SECRET_0 4c993684f7ab172d1bcea90a4aac63526dbd3b82abd4e4ec3ae2ffdb4d64859f 382b9e7fe86e41db85e3505bba1d0ffb6e6a14cb8b2cb22f387ec8fc3a9c94b05609ba2e16e9716fa53a3de6e6689848
EXPORTER_SECRET 4c993684f7ab172d1bcea90a4aac63526dbd3b82abd4e4ec3ae2ffdb4d64859f 0353ccb9a8f9f1d3f3265d2d137bb57f2efd8ec89f346074626e4ab393dd5e65fea94570fcc7844f8704d65aa0a0cec6
CLIENT_RANDOM 339377dbd829c166167ec34bb3b6d6c9e17f9d99082babe009f84a53b6a58a31 bdaa7d72ca29c97ae72341eb3ed29289fe51835bc61588526011eccc3cbbb25f553a119e9d2e1d887d9b0a9d19f104f1
CLIENT_RANDOM 0592721e0cb78068c4e6f15b560e131d71b81f9f8ed1d908b8deb378f2439574 6cb1ad6a194fc2941c8b57c9e7bdf0bbfaa94cd2f0d3fd3ca80dab3ea3fbedd720c5a2a54ce4c6d922fd9d035637dfa6
CLIENT_HANDSHAKE_TRAFFIC_SECRET 5452d99652b4772eee82cbd23e0b24b4d52446b8820c2f56df112bcf5de151c8 0f71055e6cc6fccdbfe23ec231d0f443cfbaabc1286de8434c7a13d109653cecb8ae98e6e5cabd686ab145055809c791
SERVER_HANDSHAKE_TRAFFIC_SECRET 5452d99652b4772eee82cbd23e0b24b4d52446b8820c2f56df112bcf5de151c8 747f9fcc5db8fe5c2b15002fc2e97355ba32f04dcf5624038b0ed99059fa9a7960d8531572f53a59ad15c728c5e93268
CLIENT_TRAFFIC_SECRET_0 5452d99652b4772eee82cbd23e0b24b4d52446b8820c2f56df112bcf5de151c8 a0efe3b2f8d69a6221321afb6b5a0750e8cd70aa16b0e6e8c89e5ae9fe1fda1aa83d7743c441efc2f4ba99cac37ae9a4
SERVER_TRAFFIC_SECRET_0 5452d99652b4772eee82cbd23e0b24b4d52446b8820c2f56df112bcf5de151c8 dfbb13f1e3c7c3e9f3e78cc4670f06747904f23aa944de5c3560d35bba36ee1cb8f12dbd5ba0090ebeeb8a8afa144dff
EXPORTER_SECRET 5452d99652b4772eee82cbd23e0b24b4d52446b8820c2f56df112bcf5de151c8 b7889be5d34d78624383c0b9180821d4d40ae86ba7d334eb1c7ac2573a15c776b8f105590eacb32787177e3c82aa1d78
CLIENT_HANDSHAKE_TRAFFIC_SECRET 7ce7ad732fcff42c27b4090adb0a04a230eccdf17599f3a81284e19cf7926ad8 4db4a0d6d9c8acc3a08e2133e017ce648b5d6b26f16ce093152471aaa7773a9dbf00342a450abd5cd7433119203dc8dc
SERVER_HANDSHAKE_TRAFFIC_SECRET 7ce7ad732fcff42c27b4090adb0a04a230eccdf17599f3a81284e19cf7926ad8 b4c506cc266ed620c9dfd2c49f9664a9279c771c120243c01726d8f62b9905cea087807fe5273b4a793e3714d2b789ae
CLIENT_TRAFFIC_SECRET_0 7ce7ad732fcff42c27b4090adb0a04a230eccdf17599f3a81284e19cf7926ad8 e4bba77cbf5a386535314634e599770743ac38b3230ffa492dd76d87568212a2dc32b1f994b9e4cceea506cf2f12f7bc
SERVER_TRAFFIC_SECRET_0 7ce7ad732fcff42c27b4090adb0a04a230eccdf17599f3a81284e19cf7926ad8 308820807422585a81902a33bd84898bb8b3f9b4a8e4f6cb37b42381bdd46d930145032de672cd0bc3e4db4491fa06f6
EXPORTER_SECRET 7ce7ad732fcff42c27b4090adb0a04a230eccdf17599f3a81284e19cf7926ad8 8cf6f8d718f686e2853feab02b7a25818af01a0fefa09eaf495f0a5901fa647bfe49db0443ab9912f0b381ee20d901fa
CLIENT_RANDOM 4ff727cef3530f194bf44f66718d1afd3484b7bcf6b86ce37a78967d7abf459d 7103aa3f12889fbb674de45f53c15b603501ee6478d23b33eba53f06a9d9e78aa84c33874c32a9a4438b9fd7f8f9722a
CLIENT_RANDOM 8b599f0f9557c8517fa85b89c155ce6d226608d724ff20ea68a8470e1a07d948 58cb53aea513f63db4a250607405d94f571f86abf5d343f9a306282cfa9ace0c3033982478f1f16cbd4d65f7e22979e0
CLIENT_HANDSHAKE_TRAFFIC_SECRET 474feb2af93fb3fdd59312f5620be0739725ab589fee8cdc5ed8e726cb53dbb2 a5c98c0916ba362ea429e6c90f80362cc2b47759281a149a4f87e79e897de7cd810b094a32b35dd2435036cf5ef341a0
SERVER_HANDSHAKE_TRAFFIC_SECRET 474feb2af93fb3fdd59312f5620be0739725ab589fee8cdc5ed8e726cb53dbb2 7c25a0f9f265a96199991d43fe9327ff94450352560b25ad23fb5842e79a0e719d38690cb734d2882c70a4eec01fb29c
CLIENT_TRAFFIC_SECRET_0 474feb2af93fb3fdd59312f5620be0739725ab589fee8cdc5ed8e726cb53dbb2 b5589536be9cf28e59b878f779f441e9ab88c69b8061daef1918e9ace9d285161aaaaf13310278c2c34e4b3b31160450
SERVER_TRAFFIC_SECRET_0 474feb2af93fb3fdd59312f5620be0739725ab589fee8cdc5ed8e726cb53dbb2 ce75642d67fb2a0f4f0a091590d830efe6333b17636f4602310b5af2938d3f9b07eb3e02360417e5724afc77304d6e0a
EXPORTER_SECRET 474feb2af93fb3fdd59312f5620be0739725ab589fee8cdc5ed8e726cb53dbb2 5fcbccd04811fe9481851c7e0e6b3a5d14bc0ccc2ac03bc085513bb7d3ce6d30b088e97a8660df4ddc88fd7c63ad37ee
CLIENT_EARLY_TRAFFIC_SECRET 02ed17ff9455d6aee29d5a88c4ad59553bcf536bfe358b02517c55bebb1ddd20 c68edc3bfc0ecf202fc6854d70c5dd9349d1f4ab94d31c101d2d75773e4c59f9
EARLY_EXPORTER_SECRET 02ed17ff9455d6aee29d5a88c4ad59553bcf536bfe358b02517c55bebb1ddd20 b96bddef554d0bcdd3db6f738cd525d8c675579bea27830019216f086e742e22
CLIENT_HANDSHAKE_TRAFFIC_SECRET 02ed17ff9455d6aee29d5a88c4ad59553bcf536bfe358b02517c55bebb1ddd20 cee8166c4436de48c3c4cef9c501ac3f3e1c5900a08d2a71ca43f887c059b18a
SERVER_HANDSHAKE_TRAFFIC_SECRET 02ed17ff9455d6aee29d5a88c4ad59553bcf536bfe358b02517c55bebb1ddd20 12e7c219a2a62deb9cac5eee41ca5c8f264966c6e4dda967a737beef57a206c9
CLIENT_TRAFFIC_SECRET_0 02ed17ff9455d6aee29d5a88c4ad59553bcf536bfe358b02517c55bebb1ddd20 6eebf299be295cd319aa0dce03eeddfb2243e582396ac1b9c45e0e4a8e8371bd
SERVER_TRAFFIC_SECRET_0 02ed17ff9455d6aee29d5a88c4ad59553bcf536bfe358b02517c55bebb1ddd20 c062bba95138f74631baee2d172a5445ac53ad1be16619e8195a0046106ce424
EXPORTER_SECRET 02ed17ff9455d6aee29d5a88c4ad59553bcf536bfe358b02517c55bebb1ddd20 79cc6543a1c8489c1c314be71ced91087cdadae5301bd118a8d79f96065a6490
CLIENT_HANDSHAKE_TRAFFIC_SECRET 41cc2ed6bd6784c051985d21bc224d34378d249cf37d916d1be47443a8640e54 0134e9b76290ef3337cb64a6fa28a2cadb9bef320c8ce69d90ad3d8f4cb4290bef4793ebc3bf9e26724f243dc740bf9f
SERVER_HANDSHAKE_TRAFFIC_SECRET 41cc2ed6bd6784c051985d21bc224d34378d249cf37d916d1be47443a8640e54 3c32b635775320410eb7c03b48f0afc7085d531378d2d665dbf84fa785cde02948562eb74e9afc1df2b72c9f507c719a
CLIENT_HANDSHAKE_TRAFFIC_SECRET 4690907027741f3527825148091c481a4f785677f5feaf69266cdce598719b0c 7d7f97ba6786c2a57a6edb0517f48973e54509e616fa7e8d7372f332d045f2dc2b1ab99a7ee4dd3bda293611ef08a0fe
SERVER_HANDSHAKE_TRAFFIC_SECRET 4690907027741f3527825148091c481a4f785677f5feaf69266cdce598719b0c fa82652abf1099f04c6d8f4e5436e0d57b992ed22fff2b5a852c4d5ee25960cee665be609e5974de750be1fdd9395b52
CLIENT_TRAFFIC_SECRET_0 41cc2ed6bd6784c051985d21bc224d34378d249cf37d916d1be47443a8640e54 13876310c1bc4465ee67b0eb36cf7b44a77fa2d7dad113a2a56365b5a0b963b7e01d4b6981139fe54ffcd89c11804ebd
SERVER_TRAFFIC_SECRET_0 41cc2ed6bd6784c051985d21bc224d34378d249cf37d916d1be47443a8640e54 eece1e867c4f82b743942cd9c9dc7a8e940192fad6fc72eec1af96ef47a117bac4b85370acccc3ebc60e11b0105168a0
EXPORTER_SECRET 41cc2ed6bd6784c051985d21bc224d34378d249cf37d916d1be47443a8640e54 0326c643013005114c1e8f5004be258c79c494cfad3947103c5cf9bee2fd8ebba51b207f1f4dd88b0b6ea6f7e8448b62
CLIENT_TRAFFIC_SECRET_0 4690907027741f3527825148091c481a4f785677f5feaf69266cdce598719b0c 6b866b6ec50c6b16b9b371d4138e70fa83e29de4df53fbbb3d9ecbed6a9f84594ba8a822a71675bf389868339d3e91c3
SERVER_TRAFFIC_SECRET_0 4690907027741f3527825148091c481a4f785677f5feaf69266cdce598719b0c 50caa5fd5953083e1da6ac21fffd836ac0fab8fa4a87fc19f46af4ca868e4d5dc70ee79223dc1ac46c2c82000bca5122
EXPORTER_SECRET 4690907027741f3527825148091c481a4f785677f5feaf69266cdce598719b0c 4fcc8f84d1c0bca85fc862d2786d38c7f959000d27f4f4cb3faf61a7d9ed35a12700f90064c3538030938665da12a6f5
CLIENT_HANDSHAKE_TRAFFIC_SECRET cec2eacf66c71da21362b31fcceb1ee7ba4aca12cd95e8791174e2156a1fc1ee ef9dc3358d34f3e59fc650ea655e6295a43a581e9418a16a51636ef3c1918d076707ed59e23d72f256ce5a69fbdefe9b
SERVER_HANDSHAKE_TRAFFIC_SECRET cec2eacf66c71da21362b31fcceb1ee7ba4aca12cd95e8791174e2156a1fc1ee b24138914175b0e36e0fde394cd8ac3e0a19b09a8c12e59b15a05cb7e2aebd6c101088790e6957136e2e7009614ce5b7
CLIENT_HANDSHAKE_TRAFFIC_SECRET 983a45b0aa2c3b2f7878d3be1549467038f58b3661ddae09bac3bcfb7174c3ac a55ff1e8093f22c8b8d6842dbc6b918899f2b884e2411ffe27874f1c57aed7110040274e48c0bd9890ee210927d3d794
SERVER_HANDSHAKE_TRAFFIC_SECRET 983a45b0aa2c3b2f7878d3be1549467038f58b3661ddae09bac3bcfb7174c3ac eec9727fc36dfe4d69a9071a97e5ac7e71239af905b3794394c7c991f15336fada0b97f90a8074823642b82ed70a9cfb
CLIENT_TRAFFIC_SECRET_0 983a45b0aa2c3b2f7878d3be1549467038f58b3661ddae09bac3bcfb7174c3ac 648da260b343e65f632858068c39d052a7564460ac053c93c4d70adff8138997cae07c08190beb8718e19568966afab4
SERVER_TRAFFIC_SECRET_0 983a45b0aa2c3b2f7878d3be1549467038f58b3661ddae09bac3bcfb7174c3ac 9a371b4b3ae284b7030b11bd16516870409e2586827b8d28acc05840aa486ec3fbe1dd399cbbe7c5a7efe4a19baf9688
EXPORTER_SECRET 983a45b0aa2c3b2f7878d3be1549467038f58b3661ddae09bac3bcfb7174c3ac efc39d8ca57eaf51db330a05d3c6fcfc45fee7d02c6c16c25dc240311f01a1de70cf929d3a383b9a91ef1a5d709e724d
CLIENT_TRAFFIC_SECRET_0 cec2eacf66c71da21362b31fcceb1ee7ba4aca12cd95e8791174e2156a1fc1ee a8431e697139b6809783a4dcc2dd4aecb4f98e0c11e9d74496df77557eafc07123dc5a4971e824d535f96721b6ca5d28
SERVER_TRAFFIC_SECRET_0 cec2eacf66c71da21362b31fcceb1ee7ba4aca12cd95e8791174e2156a1fc1ee 776301174580793218490b05eca7035eec3747b8c43abcb0d9ec71269989dd674c99de93fc70c45ba9852411862d79af
EXPORTER_SECRET cec2eacf66c71da21362b31fcceb1ee7ba4aca12cd95e8791174e2156a1fc1ee 8f83d6fee2d5bd1b35834a15f902be507a6967053a350cc595c36558cb0a0f371cf1448e7233ac14508f594eec68abba
CLIENT_HANDSHAKE_TRAFFIC_SECRET 3a4c14d9e9f0997e0ce0e5c8750ab3a95f7f1f1f4107435d209c62ec4300411d 3a19a6f49c4c4bcfe0482b0067adf7c5e44bc9a6405ff3b22988324bea058bb479926a8bb2925500288b2c6a8b2979b3
SERVER_HANDSHAKE_TRAFFIC_SECRET 3a4c14d9e9f0997e0ce0e5c8750ab3a95f7f1f1f4107435d209c62ec4300411d d469bd73e183c112ccad49187946a0f996e9a268bfda97daf59ea9353f046a155219b31068e0fe7d085370518c792630
CLIENT_TRAFFIC_SECRET_0 3a4c14d9e9f0997e0ce0e5c8750ab3a95f7f1f1f4107435d209c62ec4300411d 0c65ec97e1037bbb5fa52abc2a2c0b6d4773f43283581e443b09e2190e09475b83779bf2fc74f6c97e5d0798c66cdbc7
SERVER_TRAFFIC_SECRET_0 3a4c14d9e9f0997e0ce0e5c8750ab3a95f7f1f1f4107435d209c62ec4300411d 7fe349ad316dbe20078ff2cc415a3ce0d07df60eefe15f9868c950af125d55175533a155b94fa8343fbff8b85ae5e653
EXPORTER_SECRET 3a4c14d9e9f0997e0ce0e5c8750ab3a95f7f1f1f4107435d209c62ec4300411d d9cf20108e9075b851914d09b378e9b870102c31dc6e28929633b153d17235abd414184d93963dd15b4a89853f2c8171
CLIENT_HANDSHAKE_TRAFFIC_SECRET 645f73e8dcd57b23bfbe6c3b0fce52815df88eff7c6f0ae5cd1816767b0e8c3a 83247647e93443e384b1016c1fd86842bbad0d1e4868cdd72d967a1743df811eec9db7e2016eeb3146fa1c6b1b151139
SERVER_HANDSHAKE_TRAFFIC_SECRET 645f73e8dcd57b23bfbe6c3b0fce52815df88eff7c6f0ae5cd1816767b0e8c3a 40cfc42a6646eaeb414fd193e60c4c9df98c3f0b64fc9052b6ae915c86ace7fdebec3fba850366444640fba58bcab736
CLIENT_TRAFFIC_SECRET_0 645f73e8dcd57b23bfbe6c3b0fce52815df88eff7c6f0ae5cd1816767b0e8c3a b2e9acfc7ea9ec14d79818c7123795ff7a1cbaa0d33d82c7d291bb270c1dd4285e67b7f6721a9606a3990ccc8b90d0a1
SERVER_TRAFFIC_SECRET_0 645f73e8dcd57b23bfbe6c3b0fce52815df88eff7c6f0ae5cd1816767b0e8c3a 323d423dbc26253c38cb79ebc72c2cd113b7ae118c3f54170f5926a24bece841c9e1f8ddc6415c7b36d8e29089df9fe1
EXPORTER_SECRET 645f73e8dcd57b23bfbe6c3b0fce52815df88eff7c6f0ae5cd1816767b0e8c3a 98ee6675c3908fe0bbc5938af8cdaed17406f3d23dd1ac6d8af97851c8bc7eb36639f38208a4d4652c568fa7d7627abb
CLIENT_HANDSHAKE_TRAFFIC_SECRET e6d78bc5a018605d9e70a7051c883dba9c9ed71f14ba6a124cebe7f6ac03a455 c9e6e6b1ca7e590e100d1be7cbbeafe1d61a83e5512b52b728410bb19c0ff92854bc9afecfa32d8800c6e9a0fd8783dc
SERVER_HANDSHAKE_TRAFFIC_SECRET e6d78bc5a018605d9e70a7051c883dba9c9ed71f14ba6a124cebe7f6ac03a455 7e7a8ca822bef3348bb773adbdde286c49864beb1776ddc2eeb8403be3f5247659c6d0f7de587da7bf2441873dc83315
CLIENT_TRAFFIC_SECRET_0 e6d78bc5a018605d9e70a7051c883dba9c9ed71f14ba6a124cebe7f6ac03a455 62d894999d16630d6cfbb4efbaa5a3bfbbd0328650b8000b6c8f3432da655dc18dce47b473c46dc7ba4102b6853763e0
SERVER_TRAFFIC_SECRET_0 e6d78bc5a018605d9e70a7051c883dba9c9ed71f14ba6a124cebe7f6ac03a455 a1cef07f46f8e301b546a0ede22d4ca64c161edf99e897d3e73c13b293d8c7bca8e897dab823beb058b05fcd7a096180
EXPORTER_SECRET e6d78bc5a018605d9e70a7051c883dba9c9ed71f14ba6a124cebe7f6ac03a455 337347f59b2714a2a7c48f609397046446a94c9b533d2dcb2719c609a02d640e6d07e6b49e65885ab87de366352c001c
CLIENT_HANDSHAKE_TRAFFIC_SECRET 2546fc3f4dfa9ae6b14b8abe7219a66925d2119c17342acc9bff17fff584865c 31e4a7131dba47db9e4ba26882ae0349b429dedbee5d539fb9ce85b877da61861114ec2fb6d67432d311795e0deefd19
SERVER_HANDSHAKE_TRAFFIC_SECRET 2546fc3f4dfa9ae6b14b8abe7219a66925d2119c17342acc9bff17fff584865c 42c1e44efac2c6a8381813e3fec274d2dd32e32925505ade3cde14d78a81a1ff38a1706d198cdf5a72c7093ddf0e4f2a
CLIENT_TRAFFIC_SECRET_0 2546fc3f4dfa9ae6b14b8abe7219a66925d2119c17342acc9bff17fff584865c b962659989ce52fc0a4c7153b74ab3ab4042b242057e32d670713d7dedb65d46ae25252ca695a543b418030289cc6fb1
SERVER_TRAFFIC_SECRET_0 2546fc3f4dfa9ae6b14b8abe7219a66925d2119c17342acc9bff17fff584865c ef58512fa5d8639f34ba3bdd2c11ee712e09fdbac8f13838b50af9363b270d5759a3fe723cb6eff3f829439b817b8d84
EXPORTER_SECRET 2546fc3f4dfa9ae6b14b8abe7219a66925d2119c17342acc9bff17fff584865c 8be76d2ce08d0310b96920f2a90780c7452fd1c1433d218d467a6176cc392ba5e8809e83d160dfcb262c7bcef51c049e
CLIENT_HANDSHAKE_TRAFFIC_SECRET ea221a4dfb86a7ec5aaf2e33f986e5a4925bc1113c58abd24360ff7eb8db9005 de7ced356fc22dc757fc2dc699b830388dc3d7c45c9c56b534b56a7346c3842db3c61065156e43e43faffb8f5664bea2
SERVER_HANDSHAKE_TRAFFIC_SECRET ea221a4dfb86a7ec5aaf2e33f986e5a4925bc1113c58abd24360ff7eb8db9005 a32fa6fbf3965bf470d025e678c4a7470d1c037bc1aca0575cb1e53a400823840485c4509d287fc894ec3317dcd338dc
CLIENT_TRAFFIC_SECRET_0 ea221a4dfb86a7ec5aaf2e33f986e5a4925bc1113c58abd24360ff7eb8db9005 d30a82fe819eb9ce6274de8fafb22976a1c0184624e6232431de4a80f5e0b09677244fe60a4f63a2e02b6ab5a9ecc57b
SERVER_TRAFFIC_SECRET_0 ea221a4dfb86a7ec5aaf2e33f986e5a4925bc1113c58abd24360ff7eb8db9005 5dcc8e37c1ee51e34142875c09eeab929e87173726f933fa98d95650996bb0b1b4abc48241c041e1a293667ebdbad9b8
EXPORTER_SECRET ea221a4dfb86a7ec5aaf2e33f986e5a4925bc1113c58abd24360ff7eb8db9005 fe615eecc627d671f3ff445f7fbafd45bda08565b9dff36ff524b33b7ab0e51afb451cc8c439bda64af247c7621f83da
CLIENT_HANDSHAKE_TRAFFIC_SECRET 24e4f724ac33bdc36bd22c2c5a750a812cd78306d1e48f3ceb6e0c961fcc10c2 229b23105025190728f6f7f62dcd12a3808d44193fe146d576328d798f073ab1234e1d862c669393b03f429879cb47d9
SERVER_HANDSHAKE_TRAFFIC_SECRET 24e4f724ac33bdc36bd22c2c5a750a812cd78306d1e48f3ceb6e0c961fcc10c2 ed00fbbfc578370faa1ede1cf3d2d983575cbada6407469ecf5f5ed27fd8d5f75597dafbc0024ffb8cb6ce4a17d12c55
CLIENT_TRAFFIC_SECRET_0 24e4f724ac33bdc36bd22c2c5a750a812cd78306d1e48f3ceb6e0c961fcc10c2 fc15ff1f1df5a309d24ccea81ac1eeca64a132fa58d52adac4f03c47d68ae7bb37ba836d60eff98429d04f5fc2ba557b
SERVER_TRAFFIC_SECRET_0 24e4f724ac33bdc36bd22c2c5a750a812cd78306d1e48f3ceb6e0c961fcc10c2 973cf94e91e76b5a68eb8478867364ed2bfc510ac27e0eb2d550a608efcbdc124f1af1e0c3164074b58ff69dbd059f7b
EXPORTER_SECRET 24e4f724ac33bdc36bd22c2c5a750a812cd78306d1e48f3ceb6e0c961fcc10c2 bd7e50a28feea67e445019cb3ec139bfe9cfc02a188e051010edd615ffebc30ffd99407a81453de9181e23c9786faaf3
CLIENT_HANDSHAKE_TRAFFIC_SECRET 5e10ef59dd002252fb07fee1c7f0be38f700745606030bcab10f00b7c1acad63 ddeffbbef755abc319ab2f0c0d0c03b4191223435a40bac5c04a69eabf7cc1b08e28222fb0872ef2d078f0fab19b9bbd
SERVER_HANDSHAKE_TRAFFIC_SECRET 5e10ef59dd002252fb07fee1c7f0be38f700745606030bcab10f00b7c1acad63 9e669b8671d56f59a5851ccbb1662864392deb62091b14c5a277e208159127584f73f9c2e77b19ee0540732532fa363e
CLIENT_TRAFFIC_SECRET_0 5e10ef59dd002252fb07fee1c7f0be38f700745606030bcab10f00b7c1acad63 91ab584b98c943400fd446fb666d38b21e9a7678671ad6c85b90002bffc44952f6446c5a98faab0aa57e834d3e2adfaf
SERVER_TRAFFIC_SECRET_0 5e10ef59dd002252fb07fee1c7f0be38f700745606030bcab10f00b7c1acad63 635c198fe4e93ad8e6aaf8b1aa1ded3836bc08c213e9d943d31f448f224e046b40bf2dbf5df87201e47da25d387f378a
EXPORTER_SECRET 5e10ef59dd002252fb07fee1c7f0be38f700745606030bcab10f00b7c1acad63 8f13537ddbab6c6c817e0ff363475b45f1a047441c208738e36bbd2d06f62c0e3887e2288309dcad0c39987bf7da5439
CLIENT_RANDOM e08fa692b9e43c4461f4885a5932a4c65b64cd2f7be1458dbbe36b4b6489e896 b4f493191a7548bfa391704e755a16c4e97367942f9395577548d0b98c66c54bc3ad4861e88508a2c12ff2a6b1b0fa5d
