# SSL/TLS secrets log file, generated by NSS
CLIENT_RANDOM bd2a5ddde13beb8eac11e79ad1e0f828bf42a0343be1dbbf67ca4b86333a666a 13069009597e3ac76c07cdbd8f6501cbce5e774067e250e5463af647a1cbdf2106fae8d963319dafffa97352d695466c
CLIENT_HANDSHAKE_TRAFFIC_SECRET 62282e0488e28e11794587d9fd56f219842134a63625b1761ad9b6bc8028e6bf 1afa613c85860159736de58084b2deef4b2fdf70f83c88487e0f1b719e379785
SERVER_HANDSHAKE_TRAFFIC_SECRET 62282e0488e28e11794587d9fd56f219842134a63625b1761ad9b6bc8028e6bf 5d5e210558b3f3aba0c263a4b7c5f5501b001bf07a442b19d08564885f742143
CLIENT_TRAFFIC_SECRET_0 62282e0488e28e11794587d9fd56f219842134a63625b1761ad9b6bc8028e6bf 63eb547c3e0f317988d4ec567725cc4fabb6ecb8bb544111c29c2bddb41dfaf4
SERVER_TRAFFIC_SECRET_0 62282e0488e28e11794587d9fd56f219842134a63625b1761ad9b6bc8028e6bf 35a84976e9354188e4e7b2cc20cf038774b6e56848d7f17a5c13b42dce8e6915
EXPORTER_SECRET 62282e0488e28e11794587d9fd56f219842134a63625b1761ad9b6bc8028e6bf 629dd1763a04b3016eaeefc7c82c509d5a287c25b85c6d8ef8f51e7a90ffe3c0
CLIENT_RANDOM 10c1ae2c57e71f00f04d6fe4337852d60577dbb51ad434891f9067f03fe71cf0 1af7e4354c455c02bb6a67efd2f1548e931ee1c4b86334292306b7025771d5235a7de48e4b7bd63b4237433c1700c3a0
CLIENT_HANDSHAKE_TRAFFIC_SECRET ff6fdc6e36ac632fd43c85492de17a68847d523d04bf161de0f8d3c0b4b93db7 bb6d028dc9777e9e9d1dfaf6361374d8fd3d71d6d50b6a855033c6f276a25fef359e04f9a6712e13c0080d7de46b9fca
SERVER_HANDSHAKE_TRAFFIC_SECRET ff6fdc6e36ac632fd43c85492de17a68847d523d04bf161de0f8d3c0b4b93db7 1e36ceea28517de001b45f5a3dc9f62c8af10433a13f41612453260b9c1f3077d395dc911cd359745f3fcc6a4f841906
CLIENT_TRAFFIC_SECRET_0 ff6fdc6e36ac632fd43c85492de17a68847d523d04bf161de0f8d3c0b4b93db7 0a14eabee466ca5e3c33acc6ce2df8aa8a0b4d9d13dae79cc10c69234e3313999e939cf7086c5adbba27f621f1e9e170
SERVER_TRAFFIC_SECRET_0 ff6fdc6e36ac632fd43c85492de17a68847d523d04bf161de0f8d3c0b4b93db7 29fa9f5e5f9e46e86db214f54297630e5fbd2d68166dea77f067dc3dddd9f74969d60daaf0658c13325dafb3fc6ae7e8
EXPORTER_SECRET ff6fdc6e36ac632fd43c85492de17a68847d523d04bf161de0f8d3c0b4b93db7 2a10c1df71f14bd7d1e83ddaa026f1a80bc8c0fcc598d28e4867f6cce40d8e4efdfc3551dda8d52b46a9d96750e07e11
CLIENT_HANDSHAKE_TRAFFIC_SECRET 65dfb7b9ce7d3f75be65d76da41a3bfc5e5df490f771b04b41215972e9056ef6 3c1fb39e569df057d9154d51d83394532d31ed3c894c5c07cfafdf38e83e73a5
SERVER_HANDSHAKE_TRAFFIC_SECRET 65dfb7b9ce7d3f75be65d76da41a3bfc5e5df490f771b04b41215972e9056ef6 839e3138f4b9e2442ec7dc6120db9fcc1265831135dc29f8e6a9e9e655021de1
CLIENT_TRAFFIC_SECRET_0 65dfb7b9ce7d3f75be65d76da41a3bfc5e5df490f771b04b41215972e9056ef6 088864baac291d49b23aaf5cb2fe90fa8043a9516ae1d9f99b4ac75e1f2e504a
SERVER_TRAFFIC_SECRET_0 65dfb7b9ce7d3f75be65d76da41a3bfc5e5df490f771b04b41215972e9056ef6 cf053f3a674821bd316ec5a723a14dfdb069d88048e1dd93a8e902f19ab3e46e
EXPORTER_SECRET 65dfb7b9ce7d3f75be65d76da41a3bfc5e5df490f771b04b41215972e9056ef6 d12ee2e6070e059fa8119147a2d5f9b148193005e98dd6ba436c3ac045051ccd
CLIENT_HANDSHAKE_TRAFFIC_SECRET 5f67a64c75572583629013a962f9059582dfc7506c9d307c55b91d841d7c9c57 d340a9d0a0a003888dab9600d5a82a5e3398cdcd1a79c7dd5fe0ab04374aabf4
SERVER_HANDSHAKE_TRAFFIC_SECRET 5f67a64c75572583629013a962f9059582dfc7506c9d307c55b91d841d7c9c57 33181fd23aa82106b6b28d445fccee897317eb3a9f867ad951e09f2c7b1fca89
CLIENT_TRAFFIC_SECRET_0 5f67a64c75572583629013a962f9059582dfc7506c9d307c55b91d841d7c9c57 2bcf80260b33c97c92e9494b2b78fba72356a9b26b7228fcbbc17a191490dda8
SERVER_TRAFFIC_SECRET_0 5f67a64c75572583629013a962f9059582dfc7506c9d307c55b91d841d7c9c57 c19fa423d79f7e25dcc213fbc1c6f1cd88187f2dc986a9ab41ece2045a8c50a0
EXPORTER_SECRET 5f67a64c75572583629013a962f9059582dfc7506c9d307c55b91d841d7c9c57 db487a0ba9ee80e6b7b0153114b8f757dccc5725dd81f53079cf40fb900ae8ee
CLIENT_HANDSHAKE_TRAFFIC_SECRET c4bfc62e53a6721c00f4d5b1c53c74fbca161a98acca646696360992af62a2eb e45d8fddca79cc216d68fcc8257dc82f3c2d1d63f6d248fadbd390e6c89d997f
SERVER_HANDSHAKE_TRAFFIC_SECRET c4bfc62e53a6721c00f4d5b1c53c74fbca161a98acca646696360992af62a2eb 71a70f7f0cef7d5c7a69960177e5d7b770e791e19722b1599699516c65248a55
CLIENT_TRAFFIC_SECRET_0 c4bfc62e53a6721c00f4d5b1c53c74fbca161a98acca646696360992af62a2eb 6951f3d11d7c76e054f00e5ca8d6fa12f7a90bf97c7cb17a43bf1bdf9a5273e4
SERVER_TRAFFIC_SECRET_0 c4bfc62e53a6721c00f4d5b1c53c74fbca161a98acca646696360992af62a2eb f161336b0a22e2b26e9a82a237579781abffe5f03bbfc3d0fdb06c30863811b8
EXPORTER_SECRET c4bfc62e53a6721c00f4d5b1c53c74fbca161a98acca646696360992af62a2eb e51043d90d7459465df27105ad2da0b0c1f26b233ffd515f4be3e05c0d34e6f6
CLIENT_HANDSHAKE_TRAFFIC_SECRET 026c144a9077a350a27632c15301b749aa4c249e4f6263cc82d438345c6570d0 1334160285305a83dac8b5a5b18d1119ec6354ec9f97fc61323e24a8fe382d40
SERVER_HANDSHAKE_TRAFFIC_SECRET 026c144a9077a350a27632c15301b749aa4c249e4f6263cc82d438345c6570d0 4c223d51bec3928360f2c1e1334b2dda76ee60f91614cde28bce579324cff0a1
CLIENT_TRAFFIC_SECRET_0 026c144a9077a350a27632c15301b749aa4c249e4f6263cc82d438345c6570d0 3a15ffbd3a81e092272b8073901e025656df64ac5df3360a3d97abf9c7cd7f2b
SERVER_TRAFFIC_SECRET_0 026c144a9077a350a27632c15301b749aa4c249e4f6263cc82d438345c6570d0 fdaee3c03f6735687713cc6b166f4443936fdd1709f59d2890d2474938e8e7c6
EXPORTER_SECRET 026c144a9077a350a27632c15301b749aa4c249e4f6263cc82d438345c6570d0 44078b44400bc32325511d742cd445226c9e5848ebaccd02f34cefdc47d8f990
CLIENT_HANDSHAKE_TRAFFIC_SECRET 54afa1413bcef6ab2b482b31c5c361593ba1b6396130cbca16f499bbcad99160 b5a0128355264e833c3fb1ddc66590ea42443087904789fa116c5b5b70c2d606
SERVER_HANDSHAKE_TRAFFIC_SECRET 54afa1413bcef6ab2b482b31c5c361593ba1b6396130cbca16f499bbcad99160 5cbf498a41a162bd621c273c860be3c006f9bdda7fda7aa694d047e345898974
CLIENT_HANDSHAKE_TRAFFIC_SECRET 226db16adbe7bd4e152a89752a9f2ee33753957912043c59ea2885cd35ff570d 4b8e9c1f8bc37807ada3ccd915c3b02fa520764ae8302d3b01c9582265bf85e6
SERVER_HANDSHAKE_TRAFFIC_SECRET 226db16adbe7bd4e152a89752a9f2ee33753957912043c59ea2885cd35ff570d e1962d69483e4add38a0b04da421c59fb45d7a3826bc3096d65519d23dd9a08b
CLIENT_HANDSHAKE_TRAFFIC_SECRET 86de4356a9cb9df63a747948bec4b00d71a1e5579fefe81f30979911661b11f6 2774cb84fdda90029d4a0bb01756ca3dbba1a6c7ba539466f29700f3813144bc
SERVER_HANDSHAKE_TRAFFIC_SECRET 86de4356a9cb9df63a747948bec4b00d71a1e5579fefe81f30979911661b11f6 4583e59ab3415e57ffaf96004aca345262169efb273addeb764fa911f2afcf0f
CLIENT_TRAFFIC_SECRET_0 226db16adbe7bd4e152a89752a9f2ee33753957912043c59ea2885cd35ff570d 9df62dd27e4caf81698c4bf3d8e88f18f2be4ba8747f0d6ff3ee1f0ff129fc2e
SERVER_TRAFFIC_SECRET_0 226db16adbe7bd4e152a89752a9f2ee33753957912043c59ea2885cd35ff570d a11b57929c9ed1c42b2c0f2dadf7d34c08e3b306413aa2edd72332b50c950482
EXPORTER_SECRET 226db16adbe7bd4e152a89752a9f2ee33753957912043c59ea2885cd35ff570d 7eb16c0aaecd780d36a29dee166520b24c5641fb653feaaabc08bf9830e22842
CLIENT_HANDSHAKE_TRAFFIC_SECRET ebc893ddf8778e0291a641522aae5a9cd7261f0223daf252d96fcf455e326918 f9d9abb0d6a88daca0e27a4a6fe214f9c46762ec827a821cff82e7d8e7346cda
SERVER_HANDSHAKE_TRAFFIC_SECRET ebc893ddf8778e0291a641522aae5a9cd7261f0223daf252d96fcf455e326918 ea4814d2f1e93a73d17f63e9655aa597bd13e6a421475b17ddc158b0f66a63bf
CLIENT_TRAFFIC_SECRET_0 54afa1413bcef6ab2b482b31c5c361593ba1b6396130cbca16f499bbcad99160 4b317d787abd88244e8661174b25940ae34d681a4ccb49c7eac838158af92c71
SERVER_TRAFFIC_SECRET_0 54afa1413bcef6ab2b482b31c5c361593ba1b6396130cbca16f499bbcad99160 24434e3a65a5c75f011ad08a4f885d888ac656ecb4e361c79d81bf614a180f0d
EXPORTER_SECRET 54afa1413bcef6ab2b482b31c5c361593ba1b6396130cbca16f499bbcad99160 d9e6c5c00f1f4e1ba1a837bc3cf09e4093aa6448964fd25ec492161f76f465b9
CLIENT_TRAFFIC_SECRET_0 86de4356a9cb9df63a747948bec4b00d71a1e5579fefe81f30979911661b11f6 0ad56287b43d03e9f23f87e909928969130befed4f8fcc414c4570dfffb94b27
SERVER_TRAFFIC_SECRET_0 86de4356a9cb9df63a747948bec4b00d71a1e5579fefe81f30979911661b11f6 14e5d304c97e9b5ff51d0fbce358ec9736c30b8c348b68aecb4e3fbc5e5b5ea9
EXPORTER_SECRET 86de4356a9cb9df63a747948bec4b00d71a1e5579fefe81f30979911661b11f6 3180a44096d31252cbcf683283d811b37e06659b2d683a701939c6c0a3ddcb8f
CLIENT_TRAFFIC_SECRET_0 ebc893ddf8778e0291a641522aae5a9cd7261f0223daf252d96fcf455e326918 aa7a1336bfc40bb6759a7ef24a48f4b0b0ee838ab64bbdac075bc50818f96264
SERVER_TRAFFIC_SECRET_0 ebc893ddf8778e0291a641522aae5a9cd7261f0223daf252d96fcf455e326918 d222c6f10a0112580291af4580f6ba9e9710a42fd7734db1557921ee0b2cf02c
EXPORTER_SECRET ebc893ddf8778e0291a641522aae5a9cd7261f0223daf252d96fcf455e326918 95a79385787e4feb83692133b1bfb0113fb4b4412ca6bd6d0209f050ffead2b1
CLIENT_HANDSHAKE_TRAFFIC_SECRET 98bad645351e4dd11f2a7297513340abb2517fe2ae692a1ee6b16c2f6a3d0979 7ab33f69b24db2bbb7fb7a80e1c277c24209c34fbb402fdb6fb875407abee78f
SERVER_HANDSHAKE_TRAFFIC_SECRET 98bad645351e4dd11f2a7297513340abb2517fe2ae692a1ee6b16c2f6a3d0979 e80f9a577b2f05c63acf1565e7b1746897545023bb9476c2bafb367cc0984bc6
CLIENT_TRAFFIC_SECRET_0 98bad645351e4dd11f2a7297513340abb2517fe2ae692a1ee6b16c2f6a3d0979 7b85fd69bdbbd638168e3016bee50d875fc844a92957bfd4d2f9f3ca7969b7e6
SERVER_TRAFFIC_SECRET_0 98bad645351e4dd11f2a7297513340abb2517fe2ae692a1ee6b16c2f6a3d0979 c508372069ae1f4e95b5cc25ad62a6a2a3830dfc02b3937adde0957dce90ad41
EXPORTER_SECRET 98bad645351e4dd11f2a7297513340abb2517fe2ae692a1ee6b16c2f6a3d0979 8bce47b474d2282ba3a260fa8c96193d252d306eebcda44272454ae2bced5054
CLIENT_HANDSHAKE_TRAFFIC_SECRET 281efc702228543f072549b0ea414eb41ab3ded8927065664d4af90d8d8ae792 bcbf22445decb694483365dc65dacdac9e0ab25befd49d877212f344664e3ab8
SERVER_HANDSHAKE_TRAFFIC_SECRET 281efc702228543f072549b0ea414eb41ab3ded8927065664d4af90d8d8ae792 f5407c32e5e011b536059fb010a5a82566d8051358f5c8eb62b2b5b6c89d3357
CLIENT_TRAFFIC_SECRET_0 281efc702228543f072549b0ea414eb41ab3ded8927065664d4af90d8d8ae792 528742e0e969b407fc9c6416890528d2354f6078fb722a5b670915a17aff8279
SERVER_TRAFFIC_SECRET_0 281efc702228543f072549b0ea414eb41ab3ded8927065664d4af90d8d8ae792 8d2db0815d217067e9d0edf182dbc934b9db74190f64943c16a1098cb7c05920
EXPORTER_SECRET 281efc702228543f072549b0ea414eb41ab3ded8927065664d4af90d8d8ae792 947cff4533b96f42cc02c21d82e501b28d1b458fd7542cfcf831d873466486ea
CLIENT_RANDOM 7d9b14d1e27ede911e6265244aa9b8c316f2ecef51513a31ab28d73372a498ec 3fe3ac36f0d2f21adbdf412e2339b7fdf8aa8625f558ff8a77b77f1dc079f5e4c6531ff9ad3652a611047a07d73160db
CLIENT_RANDOM 83ec54d2f6f9892f217988bc4abb4cf1757d3f4e98e7beeb570b7bfb0510ddf9 fcb93a88d7e5a2ea312d064ad215ed79fe5e88f20b8233ac35b8f9619905370fa59ce8c01a2950cc571e53d87cd5922b
CLIENT_RANDOM 3c4ba5c65b957f67ba311a3e636b7218e442c55fa746d64f0bb48e6f757b06e9 2a2970120e1f23333d46e10ba39556ca8833ae301f5de05c0608f9279b24dfdf00f95b4fd70689df0ebc53d579bb7ca3
CLIENT_HANDSHAKE_TRAFFIC_SECRET 3f44921123d957873faa276163c4c2287e3c7aa3b5c3bd3247d670460cdda1a4 c6edf0718fa8c003f5e0952f3cf557d3f514d848ffe45a433933c6dfe7cf2ad50d557f2edca7daed689d97376db6c280
SERVER_HANDSHAKE_TRAFFIC_SECRET 3f44921123d957873faa276163c4c2287e3c7aa3b5c3bd3247d670460cdda1a4 4f6959245c041f153ed5d4a42d2b7c5b9ba52aee02d38ba5a905d63270f5cc85e4c7a894997bc5607509c40514c81547
CLIENT_HANDSHAKE_TRAFFIC_SECRET 5a1b1ff397c6de087ab84d6dc6476e5233ec7185a8bb072532a0f422c7d76f8b f5719fa3e8226c09cc42a31de51b71628a5b0b378494773d8c7442350f22934314abcf92acf493fafc5b9f038acfbae3
SERVER_HANDSHAKE_TRAFFIC_SECRET 5a1b1ff397c6de087ab84d6dc6476e5233ec7185a8bb072532a0f422c7d76f8b 174bbff83727aec9385dc5abf2fcd64f034005748046f329ff3c73827addc27db00a30dc7a0c4775a76f8074fa74de3b
CLIENT_HANDSHAKE_TRAFFIC_SECRET 2442d941289836add9ecbc78c4b4be3336f2869df7284dd8c5bdf1e18f5957f4 ad1e9d4aa57379a1555aec774570b1445554c8dc2784aa5f2502e37d1b28116f492fef110d074ee4850049ea6aed1b98
SERVER_HANDSHAKE_TRAFFIC_SECRET 2442d941289836add9ecbc78c4b4be3336f2869df7284dd8c5bdf1e18f5957f4 cc29986523d281199d21ca19d30e0eb263a7504f9dae11f2d98a3f6c362f9992e0dbf2824ad46f300f4781f9ab72291d
CLIENT_TRAFFIC_SECRET_0 5a1b1ff397c6de087ab84d6dc6476e5233ec7185a8bb072532a0f422c7d76f8b d13dfa0385782174f475e5bc9bb8da737ae812eaab5c59d9cc30b31a414394995bbe264f980425ecb443b5daeb3a4804
SERVER_TRAFFIC_SECRET_0 5a1b1ff397c6de087ab84d6dc6476e5233ec7185a8bb072532a0f422c7d76f8b 621e2669808556827fcd487aa1cf92d57ad5bd5fef494e6e941fcbd1361ee3fd78adf54fca8e9f6a49f6f7ff918baf72
EXPORTER_SECRET 5a1b1ff397c6de087ab84d6dc6476e5233ec7185a8bb072532a0f422c7d76f8b ef948fdbad407810a0d8cd54aca35288aee385d61d578a67b062f045eb0e228384a9c9a365384ce4f1b00878d9665c29
CLIENT_TRAFFIC_SECRET_0 2442d941289836add9ecbc78c4b4be3336f2869df7284dd8c5bdf1e18f5957f4 46c7867a87d707014f30bb239002a5c2bd234dea6399bfa1f87e917fc76b81048fae33866877a5cb795e6b05288cd8fc
SERVER_TRAFFIC_SECRET_0 2442d941289836add9ecbc78c4b4be3336f2869df7284dd8c5bdf1e18f5957f4 f68232995fff1bb42628f2a2ed9bcff2b20a1d4f4808a393e5e2373559b68fa824049abab0f43f872cf691c1886c2f55
EXPORTER_SECRET 2442d941289836add9ecbc78c4b4be3336f2869df7284dd8c5bdf1e18f5957f4 a506faf6f125a8dacdf3e0e369bd42d231da3d0095f1e6a4333c3efa08877d5d2bad85b206f24ee8861489e4738ea751
CLIENT_HANDSHAKE_TRAFFIC_SECRET 86c8c80734235b78771b33c320d0ef33c69b98f5cd049275a0079d528c644b7e 255d13a53b374d4a822e21460d04c2019c1daaaf97b98421724e33923fcc6dc8330fc73cfab69a4edf7c93d364fbaa9b
SERVER_HANDSHAKE_TRAFFIC_SECRET 86c8c80734235b78771b33c320d0ef33c69b98f5cd049275a0079d528c644b7e 4b69e63b34e348971d2c494d197be8430455ff0751d8df2c5aa778e5ac6d380733cb1af6317f7245b7a28f8de13e8048
CLIENT_TRAFFIC_SECRET_0 86c8c80734235b78771b33c320d0ef33c69b98f5cd049275a0079d528c644b7e baa901bbf0772f1f0ffbfcaa451e413ccd8a2f87e3529c11c56ef8edff59b883beeecb546958c9e1777788d53a6e5de6
SERVER_TRAFFIC_SECRET_0 86c8c80734235b78771b33c320d0ef33c69b98f5cd049275a0079d528c644b7e 1c5cbcbe6d23afb86c27f334b9351a8b194b139464839a985058d3db52e30c40e8116d94100dcfe154d6099e212d239d
EXPORTER_SECRET 86c8c80734235b78771b33c320d0ef33c69b98f5cd049275a0079d528c644b7e dd1a0d89ac1076227e37891708869f74bee32753d30a5e285b4b784e672cca041a323f5bee0f616e8beb7ade045debac
CLIENT_HANDSHAKE_TRAFFIC_SECRET 8ce7777b40a7b8a20c3e583204d65083f1136627af996a11e83a029c0be82d5f 98681a43da7520d1d56c59e96ee8daa3a84bfea460adbd5c9ae2e55e1a679d85bb783b1c8ed56b4cc85bc57daf1b43ec
SERVER_HANDSHAKE_TRAFFIC_SECRET 8ce7777b40a7b8a20c3e583204d65083f1136627af996a11e83a029c0be82d5f f9a10b69ad2b27d684310e513992d4ad0d66a882e5e94918778f8fa1f4093f9b737653367ce1f7690d0a24146c2be1da
CLIENT_TRAFFIC_SECRET_0 8ce7777b40a7b8a20c3e583204d65083f1136627af996a11e83a029c0be82d5f be84d616b04da88a95f01767ba92921f4d4bb664c5ec81f72cf2c52b4a64e02bf527162d7cd445ddc962b6f7844e4cb9
SERVER_TRAFFIC_SECRET_0 8ce7777b40a7b8a20c3e583204d65083f1136627af996a11e83a029c0be82d5f a7f09886b8cf67ac15a7a27f3be226ac65b5d7275ce9730b1bd26b3f9b8c42555a4bff7bb00ce18fac5cc361aa72ed46
EXPORTER_SECRET 8ce7777b40a7b8a20c3e583204d65083f1136627af996a11e83a029c0be82d5f b73c9cf0eae0e215a2e9b314f6e4ef2da90826bb37e4ef366a87cb7f8a2ccc1b90c21eafe507f212680ac27bbbbaa504
CLIENT_HANDSHAKE_TRAFFIC_SECRET 8f0a3ab6b770a86d104a26d802b6f02a270889b7be70fcc8765fc5ca68eadd5c 6d7b97d97d85b46d060fbbac55e2c449fb572b58fdebb1a7f7e10d27923d179c516fa9608e6de1ea71d54e4be0566fa0
SERVER_HANDSHAKE_TRAFFIC_SECRET 8f0a3ab6b770a86d104a26d802b6f02a270889b7be70fcc8765fc5ca68eadd5c 93262044ff78c77e5ab593a47e0a31c3d129f81e26cfa3064edd92092d513b060a668715571092c51373457885b491e8
CLIENT_TRAFFIC_SECRET_0 8f0a3ab6b770a86d104a26d802b6f02a270889b7be70fcc8765fc5ca68eadd5c 156ebac571cf227813f5b19d37922a55933f438346a0d960b28805e4990ccbcedb03d30f6439e53e58cde423f5288b44
SERVER_TRAFFIC_SECRET_0 8f0a3ab6b770a86d104a26d802b6f02a270889b7be70fcc8765fc5ca68eadd5c 254be86fa475377310495dd651975b8e68035ea194a1206d1546153f205ab49ab7fc931064df741c66f919fead70a195
EXPORTER_SECRET 8f0a3ab6b770a86d104a26d802b6f02a270889b7be70fcc8765fc5ca68eadd5c 5d02542496b01dc1d8a338b260b5f71498c25be334cf119aa8bc9118e8087d84c9ac35e4f47122b6146fc0e525201cdd
CLIENT_HANDSHAKE_TRAFFIC_SECRET 215d990eab52f11f30f24d0898999bf3987385aaa9d7890e3b282051b2f83f1b e2e9e1bdfcdfea7b76e9c0bbf37140df7ba2662a2d23483d7b0012c9245bcc0485fa357d92c360cf3e1e479c8caf45fa
SERVER_HANDSHAKE_TRAFFIC_SECRET 215d990eab52f11f30f24d0898999bf3987385aaa9d7890e3b282051b2f83f1b c5ba209eee60363dd892f5f6bbcca470f5645ab7539cb0a26d90613d4932ef12e45e450e795da8d49f7f11a4d3bff175
CLIENT_HANDSHAKE_TRAFFIC_SECRET 25fa3fd7a29b732a436757ae914806b844c32e2c023029f85531123fb3b09951 3be3a81260f218b253e874ca617104a1037e6764df4f353fedbfa547272c8ff9c808ed0d88901694a486681ad2e9e4f1
SERVER_HANDSHAKE_TRAFFIC_SECRET 25fa3fd7a29b732a436757ae914806b844c32e2c023029f85531123fb3b09951 e6f4ab1c9aead922d90d8a4d167da3cd47482dde5e9965b773db9cc70dd166e3ba1b75d29ab1179a9eff9d6aba0b4fd0
CLIENT_HANDSHAKE_TRAFFIC_SECRET 8d7fb882536093901af88e70b5fe4a9105e812c44bebfbb7507c355c323f945e 6e4d7abafd0e6e00d358337238c497ae3a6cfbfb6d5440884b41a0e3e3f9cbefbce8a7773c3962884206fbadb676473b
SERVER_HANDSHAKE_TRAFFIC_SECRET 8d7fb882536093901af88e70b5fe4a9105e812c44bebfbb7507c355c323f945e d34c4cdaa6a56377fa05c206d6e6004b47b460441226d625336629e35c7bf6460036f6229623606f8f0ab71fc852e550
CLIENT_HANDSHAKE_TRAFFIC_SECRET 71fcbc6d7be69fd6350e627174bf6f3856df9ddb9899f589d52638cc71356c9e 0d510d78727ef8941ef9c355c729116cd5843558b7332c88a36ebf98c6bb0e25c16dfa13694db3ffec5442b878e91a6b
SERVER_HANDSHAKE_TRAFFIC_SECRET 71fcbc6d7be69fd6350e627174bf6f3856df9ddb9899f589d52638cc71356c9e 18e8afa795c7e5431283183185b1c02a5bdb59b6330f9ebbdd98265e245881b4b8a46fe5749cfa861d8f295f90cc07d7
CLIENT_TRAFFIC_SECRET_0 215d990eab52f11f30f24d0898999bf3987385aaa9d7890e3b282051b2f83f1b e976008cb44121ea70b7e447398f7ca58f3f975066e43b4eebc0f93cc844dca83118f3ab0967bc9995b4dae1893021a7
SERVER_TRAFFIC_SECRET_0 215d990eab52f11f30f24d0898999bf3987385aaa9d7890e3b282051b2f83f1b 5866e0e3be5f4327f196659d9350f0bcab709f426674e6520c14abfd2525ec9f189f7466795ec558365596bd2417737f
EXPORTER_SECRET 215d990eab52f11f30f24d0898999bf3987385aaa9d7890e3b282051b2f83f1b aa11a354e450eea0d33e662faa9ace13717e616e03ad9e16b86fa0a54c0f47a4a7d8dadaccc0bf36e1a28712bd6c946f
CLIENT_TRAFFIC_SECRET_0 25fa3fd7a29b732a436757ae914806b844c32e2c023029f85531123fb3b09951 2c54fb7f8edeb13c0bce7ea5450df986d9fcff5ceec2067b1787f22a49b3c3535fc0518e6e4fbb4881b8094c106eb039
SERVER_TRAFFIC_SECRET_0 25fa3fd7a29b732a436757ae914806b844c32e2c023029f85531123fb3b09951 2bd1132e1471ae26157f05f17bca40236784bbbb9d2df3acacb7c82a1dcc22b0c88bd0fd9811a01707d83575f9d73dc4
EXPORTER_SECRET 25fa3fd7a29b732a436757ae914806b844c32e2c023029f85531123fb3b09951 1020f928ced4c9b66b4e3b9206b844cc09adba68285672a0245aa71da6c4c52fb44cfcf4f9aa4d395d336614b9cb5ed3
CLIENT_TRAFFIC_SECRET_0 8d7fb882536093901af88e70b5fe4a9105e812c44bebfbb7507c355c323f945e 32abf8dca7d81472a4879b271a8d4f3327ebf60518112637cb8cd08984d7b65edc3130c183f3a23554f802eb3c0d443d
SERVER_TRAFFIC_SECRET_0 8d7fb882536093901af88e70b5fe4a9105e812c44bebfbb7507c355c323f945e a7599a848d62c60998322fc224ba7f529640c439e275bedbb3c048f5f5d2a99a85f82194764033718e0e2fcfc32d8129
EXPORTER_SECRET 8d7fb882536093901af88e70b5fe4a9105e812c44bebfbb7507c355c323f945e e0d124079ec78e970a887b0d65ada7198adca85758c99be3d0bd32ed5bbe2d9e86feb3007f95ef5736e30c73eae02a19
CLIENT_TRAFFIC_SECRET_0 71fcbc6d7be69fd6350e627174bf6f3856df9ddb9899f589d52638cc71356c9e 7be218b518ff1616c81d1df4ba713976c96ad439d382d1562ac206b764045486db52af1cbf8ea2251665b55318216217
SERVER_TRAFFIC_SECRET_0 71fcbc6d7be69fd6350e627174bf6f3856df9ddb9899f589d52638cc71356c9e 0970b056c996ebbf5b79f391fcf15c359aba234859e53df7753f7a60b84f0c595cd93c38b34db5a6960b934569109858
EXPORTER_SECRET 71fcbc6d7be69fd6350e627174bf6f3856df9ddb9899f589d52638cc71356c9e 3f26808af25bb3d7f6eaefac2e6ecc23fa01d63586f54f20adee1c4368cb3d8cf20103f3374fba0bc37489e86a5447be
CLIENT_HANDSHAKE_TRAFFIC_SECRET a2618ac769c98ea6c0f5f286a51e15aef43dce3c4be2256e2dc9451ae02af0bf 6b04ff5ff3e388959950f64f11f316d808bf3f58b8453e264f134a2c95c1fc8f9b1a8dd5135def2658c3a0e2202e6b1d
SERVER_HANDSHAKE_TRAFFIC_SECRET a2618ac769c98ea6c0f5f286a51e15aef43dce3c4be2256e2dc9451ae02af0bf 86fc854030e28723c482a3494fcb88b1791bf932d8ba50893016abe98508ca3e48e0ee0174e43e7b0417711877eba702
CLIENT_TRAFFIC_SECRET_0 a2618ac769c98ea6c0f5f286a51e15aef43dce3c4be2256e2dc9451ae02af0bf 679afba741501f4f68977714427d8720bcd4b65c1849d463af73451fddea2341e23d31ae7b6c7754ae4a525df7203159
SERVER_TRAFFIC_SECRET_0 a2618ac769c98ea6c0f5f286a51e15aef43dce3c4be2256e2dc9451ae02af0bf 74d2e84e023ada130d2235901652804373dfeff0a235d496f01ef2db8c4e802fa911528a40adce326cc9c770fa3df93d
EXPORTER_SECRET a2618ac769c98ea6c0f5f286a51e15aef43dce3c4be2256e2dc9451ae02af0bf 9489e57e9138eaf15bbb15b71c01885a79d072a1b0e00c63e17e3bb9218e626506b7ace13e222f8dc5354ce6acf8406a
CLIENT_HANDSHAKE_TRAFFIC_SECRET cb93a7015425994f04b285d99e5bd59ba04d8848e3fa89bc007120a0a11adc1c 72f08884d1c7c08628ff848e4fcb7180727a000000f0d58b9af258cc576e5ee01a194d19b78555c363dd9d0417367894
SERVER_HANDSHAKE_TRAFFIC_SECRET cb93a7015425994f04b285d99e5bd59ba04d8848e3fa89bc007120a0a11adc1c 20efad45b056f417d02749b748e6c27f36751009cc396e236bce7d3b3bedb768b3c75beb353006ceb8bf6f2662862ad7
CLIENT_TRAFFIC_SECRET_0 cb93a7015425994f04b285d99e5bd59ba04d8848e3fa89bc007120a0a11adc1c 372f32eae3b3ba76e68c051bb4bed165d9ff5afdd167918c759f466dde557266f640105fb2bbc75b643ef0fc99b09396
SERVER_TRAFFIC_SECRET_0 cb93a7015425994f04b285d99e5bd59ba04d8848e3fa89bc007120a0a11adc1c 2ee2b262264f3250a274d9f6fdeea6e1f78de35ab1d9cf6cf283035d7b2262f797b4d46260dbc7551718a020a67ef579
EXPORTER_SECRET cb93a7015425994f04b285d99e5bd59ba04d8848e3fa89bc007120a0a11adc1c acaaeb4593c33c728c6f892ed3891396fa8b75ea326b17162efeb835817509ee0139d6ffb4c3bba5f97301d5d1d4c3a5
CLIENT_RANDOM 9bb61d57a090173c99ff2be2d97e741ee3625713e5a15eafbd6248d75c64434c 2aeddb5cd9602105086f3850f25e6e0e9928af3cc9b5988e34c4768ed55fcb2c1af64002aa4a2dd66705102013919ce1
CLIENT_RANDOM e31a01fe9cfe9c9d1435afcb4d6989400744cd1e128c12a9af7cc11073ec8192 b4de37ff5444db633e06857789c42410d244af92fe2f64bbebf0936301a02fd122d07efa606523f48c4addb8ebf26c18
CLIENT_HANDSHAKE_TRAFFIC_SECRET 55a0881a1c61bf33a3951863de4f741fec43c2ae0936dd524997516a9fb89ec9 6e960edde64cba1bb0ee04a23da3344dbae36f0842cc8edbcd3f0b2c7b4accfbbd1ed6019f0428c2703e3e992dfaa63f
SERVER_HANDSHAKE_TRAFFIC_SECRET 55a0881a1c61bf33a3951863de4f741fec43c2ae0936dd524997516a9fb89ec9 fbc0e400a6e01d0e57efaccb114409fc5d268cfc2e601df6e5d40320e0ad6e1b388a1c09c73b26f4d117f238bb1e15ec
CLIENT_TRAFFIC_SECRET_0 55a0881a1c61bf33a3951863de4f741fec43c2ae0936dd524997516a9fb89ec9 a3ab02c490cfbdea32179ebc8eb33a3b260a0e241759b12c905e2e6ccbbf4b2a1f08a3a3ed5be6751997ceba21328f12
SERVER_TRAFFIC_SECRET_0 55a0881a1c61bf33a3951863de4f741fec43c2ae0936dd524997516a9fb89ec9 028c07b90e30d0fa488ff0574c9aacff8c6098eb5a983c6e643666d1942179f9ee2d0d34c80b5f7df9adcf149ca874fd
EXPORTER_SECRET 55a0881a1c61bf33a3951863de4f741fec43c2ae0936dd524997516a9fb89ec9 0a49b8fb142653075216ce587ca16d9a62245053f0b937372b7edefa3270df4231189075d3ec67f05ce7566abe82d61c
CLIENT_HANDSHAKE_TRAFFIC_SECRET e1cf4c07ed0bbf2552d275c236135ad2c12f8c8e5e222533f5d048c52a9ce3d7 14773a00f348bb2d3b5c784e9461b8b42c5e4fdfcea2f24361f86959be9aea6d
SERVER_HANDSHAKE_TRAFFIC_SECRET e1cf4c07ed0bbf2552d275c236135ad2c12f8c8e5e222533f5d048c52a9ce3d7 dcc4bbf78063cbb3b77869776ff0f819ee11e3bfd4251e3e4752336e881eb8e4
CLIENT_TRAFFIC_SECRET_0 e1cf4c07ed0bbf2552d275c236135ad2c12f8c8e5e222533f5d048c52a9ce3d7 3b3b18aafad03ee080102b5870a40c33bf4c00c4691df9e642ee21cad8e13b3a
SERVER_TRAFFIC_SECRET_0 e1cf4c07ed0bbf2552d275c236135ad2c12f8c8e5e222533f5d048c52a9ce3d7 188ecd92e476a1ae9235ee1ebf43508836ca1b4cf06e2a7fadc09ebd158ac02a
EXPORTER_SECRET e1cf4c07ed0bbf2552d275c236135ad2c12f8c8e5e222533f5d048c52a9ce3d7 877693f6fd6e7abc4f1596fc12684c2a79637d350b8e4e86ff70fc9ff73df66e
CLIENT_RANDOM 40366f9eccf0b37c360010d3e074c9b4744d658088b78a9ae81177a465bade41 6751f639dadd4d9e5757c61362ee184592a5348547941d89e772852a0db6b5f190cca1f2355394d056f707a71c0d44b7
CLIENT_HANDSHAKE_TRAFFIC_SECRET b93876d7c00ebdebcab82a7fc6f65eb4a5014d7bb247dd0209b3e94c4fe4b94f 2f50a6fdeb035c9fe3d0270c6c4e85a8a29805cc65ab0379d0d5718fbd873188a4471a1dcf1de17460638036ea884b8f
SERVER_HANDSHAKE_TRAFFIC_SECRET b93876d7c00ebdebcab82a7fc6f65eb4a5014d7bb247dd0209b3e94c4fe4b94f b203b69b8e64a6b14b4ff85fcd9a142a52c01d085ac2b443d3aac280b233de6535d32f3d3e4e3609e124983e21a16059
CLIENT_HANDSHAKE_TRAFFIC_SECRET 7c03c2247500d1337e0087ff1fb3fd9e9c9883aea665fe4a1177409c55f0480a d53fbb44b9f6b03c3d222f9322f277acef390d06db5d08a4365e565ac8e1a32973c3a4abdfdf32aba80448df929e4c78
SERVER_HANDSHAKE_TRAFFIC_SECRET 7c03c2247500d1337e0087ff1fb3fd9e9c9883aea665fe4a1177409c55f0480a 6ad1271a901be8177d84666e7ae664cf3bd82e9ebe57ba8c628d83f2c3fad12e48afc5a9f023e962c186d3e5eaafe00b
CLIENT_HANDSHAKE_TRAFFIC_SECRET d940182cfd015f2444eec0033e667ee889ad0fc16b8b63a106e5800d278153ae 945e2d614245b0b5cda5b2a4a34774ce124980ff2769881c6a6939e8fb9c049c9b532c5fd55b030618188dea0d9726fa
SERVER_HANDSHAKE_TRAFFIC_SECRET d940182cfd015f2444eec0033e667ee889ad0fc16b8b63a106e5800d278153ae e8e9052ba1894439d827dd3cb1ad02e687fc86d83c3cfb074a814cc65274dfcb0ab8dca4a75594ea7ec7ac40ec5ea6bd
CLIENT_TRAFFIC_SECRET_0 7c03c2247500d1337e0087ff1fb3fd9e9c9883aea665fe4a1177409c55f0480a 166eda72d857836a41f7afd3b4d843eb3d87cc31508312f288b872bb07a158631aa379b2a441ca4c787deb127c5c7164
SERVER_TRAFFIC_SECRET_0 7c03c2247500d1337e0087ff1fb3fd9e9c9883aea665fe4a1177409c55f0480a 448ed32da67ca70b5a3aac90b068ed8e074cceb164daf1be962370ff65c01b9adb33e15faec36f98f3dd2def30fac84f
EXPORTER_SECRET 7c03c2247500d1337e0087ff1fb3fd9e9c9883aea665fe4a1177409c55f0480a c85b55293b72183409bd566c70ed895582941e05be0532474e459ee7a2ab52a9f1b4814e426ec6f263175fb71d78a22f
CLIENT_TRAFFIC_SECRET_0 d940182cfd015f2444eec0033e667ee889ad0fc16b8b63a106e5800d278153ae 189b69fa26e0ace2741c1bf88a048df865736e5cc320ba11d7f7bde4ebd90c01d3041fafd19a28a81bea89961501ed2b
SERVER_TRAFFIC_SECRET_0 d940182cfd015f2444eec0033e667ee889ad0fc16b8b63a106e5800d278153ae 71f1a46732768cedccd46f7269a66b774e13cb6a459427807f52d859c58e5ab14555992f16ef2baa54bf3ea5d12558a5
EXPORTER_SECRET d940182cfd015f2444eec0033e667ee889ad0fc16b8b63a106e5800d278153ae 2653f1bc3f492f3bb75167a7ed6e1eab6d4ed05e3eb23c80a83f410977f8aa8941a5d6d90b101de382367dae1a689454
CLIENT_TRAFFIC_SECRET_0 b93876d7c00ebdebcab82a7fc6f65eb4a5014d7bb247dd0209b3e94c4fe4b94f cf5c8bf819a33233d19f1120426e47d6538da3e777bca2b466fdaac31ab278bcbdbf9c415f0aac2c805cce703ea2e51e
SERVER_TRAFFIC_SECRET_0 b93876d7c00ebdebcab82a7fc6f65eb4a5014d7bb247dd0209b3e94c4fe4b94f 1f6c429c7a0c986f16a3a842d6d33dc797432ffdc26e9376183eafd41091614babdde1fb1e4a4056e3b4567ed41c227f
EXPORTER_SECRET b93876d7c00ebdebcab82a7fc6f65eb4a5014d7bb247dd0209b3e94c4fe4b94f 32f4c76ef14d4253cf809a924d091f60d8b42da6a9170573cd37b3aac6b2883c5d9c9e20a8f19bc4e8303b2a1f52114d
CLIENT_HANDSHAKE_TRAFFIC_SECRET e48b528a451e7694aeb6f66de6b3ffde1f20d4131a0c9f44e330eb0fe66984dd 7425fd377d6c25d2f570300caf3a216cc1fdaff790ada2910a929f6d9296758d238af40215a6b494d207ba922360672b
SERVER_HANDSHAKE_TRAFFIC_SECRET e48b528a451e7694aeb6f66de6b3ffde1f20d4131a0c9f44e330eb0fe66984dd ae4e1a735132b1db1e5bd330ba96f163f4af0f45d6c82fc04817eb86f7f700842cc5c762a21309fce392c737fcbe8576
CLIENT_TRAFFIC_SECRET_0 e48b528a451e7694aeb6f66de6b3ffde1f20d4131a0c9f44e330eb0fe66984dd 76880aa7b445fb530f7285c75701b9db731e93929aa81ff9921d11fc2ed763eccde7647a1dbcd8ce895f5739a490db77
SERVER_TRAFFIC_SECRET_0 e48b528a451e7694aeb6f66de6b3ffde1f20d4131a0c9f44e330eb0fe66984dd a259e88b20290b8ca8017cb88ede9d1a7d5f08485396ebb87c6b1751977c18943c50767bdf5e3896f56bc3df1b684906
EXPORTER_SECRET e48b528a451e7694aeb6f66de6b3ffde1f20d4131a0c9f44e330eb0fe66984dd f99115eec9ae09490191795dd284d06e7b31e2f7f6114c51d0843a8e65ce5a277b1455005039084e6d65e5168c6740d6
CLIENT_HANDSHAKE_TRAFFIC_SECRET 3f9de0712411939161ae151a288a6286b9ba1ba5702f7f274d1224ab47022457 d3fd1f059fecf927f114c7c61071498e318a82fb04dbdba4848cc1037385ad6bed51e78c0b3779739e468b5d875a064f
SERVER_HANDSHAKE_TRAFFIC_SECRET 3f9de0712411939161ae151a288a6286b9ba1ba5702f7f274d1224ab47022457 51f1226c21fbf7ef9963dfbb6002f640a6d85e9b5846382ad0346796729b74a36f8d178328b7fc5ca07b9718ecb9e5c8
CLIENT_TRAFFIC_SECRET_0 3f9de0712411939161ae151a288a6286b9ba1ba5702f7f274d1224ab47022457 1628157c6066717dfd482995972deb08e76708d51249e0860a143e1b0f84a9457f4e403a87d9954fb444c9fc4d928c7f
SERVER_TRAFFIC_SECRET_0 3f9de0712411939161ae151a288a6286b9ba1ba5702f7f274d1224ab47022457 7e1ee52b9489a1a8866458ccdcec158b9f585bbd5f82bd7b24aa0c073f6ebff5034fb8eeafbefc684f04f374b8384343
EXPORTER_SECRET 3f9de0712411939161ae151a288a6286b9ba1ba5702f7f274d1224ab47022457 30c0cf06852cc55ffeb4e79def8aa96451e5e99d33ff2fb14c5dd2b8f3eae3e873d58b4785070e0eb204920b314377e4
CLIENT_HANDSHAKE_TRAFFIC_SECRET 6136718cad45aa6bf7e110904591bc57a0c388c5e46b4eac7dc95b02e82b606a f5aa530d308a3cb36994f8627106e529680d940192c2c3837eb167955c028fd3
SERVER_HANDSHAKE_TRAFFIC_SECRET 6136718cad45aa6bf7e110904591bc57a0c388c5e46b4eac7dc95b02e82b606a 15971a97d96e865e3783db27fdf037cc04af3c59eef9608c3ee293167a081a55
CLIENT_TRAFFIC_SECRET_0 6136718cad45aa6bf7e110904591bc57a0c388c5e46b4eac7dc95b02e82b606a 3dbe60f21503664bd1eaf6eeab908eac03ac647af2d8b70c30a75dcc6e0d2332
SERVER_TRAFFIC_SECRET_0 6136718cad45aa6bf7e110904591bc57a0c388c5e46b4eac7dc95b02e82b606a d597181e62cae1d37e5afab58443a3f1b9c35635bc8e70679de0fd7357640733
EXPORTER_SECRET 6136718cad45aa6bf7e110904591bc57a0c388c5e46b4eac7dc95b02e82b606a ba84af2bf8f9e238e670d9fd04ea29702fd4e0ea229968d64d9815ffc9c014b2
CLIENT_HANDSHAKE_TRAFFIC_SECRET 5f365c4d0901c757888b404a94dcc19ed5a77d8d72ff506d3cd9db6f30e04f14 1c1b8dfa0c24f7a916fbd1fbd5b64eb24f72403c554c30c62074fe27b3041b089b8b227d9cd9cad1eff6f22e89889801
SERVER_HANDSHAKE_TRAFFIC_SECRET 5f365c4d0901c757888b404a94dcc19ed5a77d8d72ff506d3cd9db6f30e04f14 16a70bd46fabd1dd4708bfc9faaef8611f1e9fd0be23485458038f0b2359a45e92844b6c13758a42ff4f76bf06ea7cfb
CLIENT_TRAFFIC_SECRET_0 5f365c4d0901c757888b404a94dcc19ed5a77d8d72ff506d3cd9db6f30e04f14 639d749cc655035c1d5871ed0d606e79a654762fb6674d7865bff2a4dc6395a4e4251992ccdee349ab96609b5ac0490b
SERVER_TRAFFIC_SECRET_0 5f365c4d0901c757888b404a94dcc19ed5a77d8d72ff506d3cd9db6f30e04f14 c473c1899858d13bb800c7b69699ad95102ffdbc3cf29e4406426f541a1f90f3231d1bb850578612010ee7f6b51259d9
EXPORTER_SECRET 5f365c4d0901c757888b404a94dcc19ed5a77d8d72ff506d3cd9db6f30e04f14 995a56f46b12876e737af4a65a58ccbe9dfef88ebca8813c2f9a21958502c40cc201071dff0cae3928d83e913f1091fd
CLIENT_HANDSHAKE_TRAFFIC_SECRET f7de551c50824aa48d2aa09982b633b606e03a483536a80f3a850019a8e08a2d 3b5e02164df2598980c5a9cd5dc6331bb5b89b93dbb2ac3fd953e899ee462a0fc6a5c7e2f3878eff31f2d6999f09ec19
SERVER_HANDSHAKE_TRAFFIC_SECRET f7de551c50824aa48d2aa09982b633b606e03a483536a80f3a850019a8e08a2d d200564dfb52199e263930a53acde5f010e8e5b8def4fd43ca5a8b694acc55f3e728f925795a1004ad4d34cd70039646
CLIENT_TRAFFIC_SECRET_0 f7de551c50824aa48d2aa09982b633b606e03a483536a80f3a850019a8e08a2d 7a1f7648f450faa1725008a3e02e366b4063c2b20fe3f13f438db8154c063b9e52ab84ae2fc4bd26454de09bd7499f6f
SERVER_TRAFFIC_SECRET_0 f7de551c50824aa48d2aa09982b633b606e03a483536a80f3a850019a8e08a2d 74e62ceed40de518cc49abb1d3ffb006896ea640595a31132e4a8a32c107b9a10892889cef9b183e9e6ad95afb7f10ae
EXPORTER_SECRET f7de551c50824aa48d2aa09982b633b606e03a483536a80f3a850019a8e08a2d d5d099cdd431b46cd15f1773e7985214b9d8dce6e766c48fd9706ae61a29a889e44c14ba747aa18c96491dda4fc2ebb0
CLIENT_RANDOM 1f44f9145d4339188149f79a2e3f4b46b54e3e4b9dd7e833f7c5687a9724e622 58f9b6928a016af2ef8687c6bd4704e1993a62d7dd8ea0f6961909223e3d62056281fa1a6efde7228380210563f24eee
CLIENT_HANDSHAKE_TRAFFIC_SECRET 11065d87b54d2c54b7e28bc1ca6f0b0c1cda0432ebe949f6fca78e7a765101a7 e083e9f0693c2bc7da3e8dd4d113529e8e3684a97e0fd446408ae288faf8e9a447980533553bea81eca521b4fba62d38
SERVER_HANDSHAKE_TRAFFIC_SECRET 11065d87b54d2c54b7e28bc1ca6f0b0c1cda0432ebe949f6fca78e7a765101a7 757da73fd37862e6db383ed7d9e1e328424d918b770e290344669c1c9732afb8861b11b17ea7eed0c5def51f5f80c23d
CLIENT_TRAFFIC_SECRET_0 11065d87b54d2c54b7e28bc1ca6f0b0c1cda0432ebe949f6fca78e7a765101a7 23bc134f57bd3246b9178b2ab3726d8cd997a5decf9ddc6be918b4d7d95f826eb3a2f51510b0e155cc9aeb085f8ab11d
SERVER_TRAFFIC_SECRET_0 11065d87b54d2c54b7e28bc1ca6f0b0c1cda0432ebe949f6fca78e7a765101a7 fded97e78d7e8ebf9b0ad464dc02cd4d8a4499b9f75718da67b254a18b2822240665db3e75daa87ca453399220e6699d
EXPORTER_SECRET 11065d87b54d2c54b7e28bc1ca6f0b0c1cda0432ebe949f6fca78e7a765101a7 c907e13c0d44db993162c08596b653b0c0245a6dc1322b3e5235ab2a0fe41b46663af1ca78cdb30bb41f2381491b8132
CLIENT_HANDSHAKE_TRAFFIC_SECRET 4794cc0b03a3a94f76e05c3f262be802629d499da05a3d83c1d92e6acddb0dd4 bcbb55ada273d06544fc2560b542d8641362a0365fcab31edcb19692d17da59a6db79d8551c1254422302f38993de4c4
SERVER_HANDSHAKE_TRAFFIC_SECRET 4794cc0b03a3a94f76e05c3f262be802629d499da05a3d83c1d92e6acddb0dd4 b8beb52733c95aba72d7be6a3efcae1a9b512cd4ffd3fd5a3fa4ff9259a7ab6eb56a9561941005c6c7d267257671c782
CLIENT_TRAFFIC_SECRET_0 4794cc0b03a3a94f76e05c3f262be802629d499da05a3d83c1d92e6acddb0dd4 fb3049b5af9705d68822e7cdecc191e03f06e31afc4fb5c563616107bfb6cbf1b1e86fd9d5e33a29e741671abdf225be
SERVER_TRAFFIC_SECRET_0 4794cc0b03a3a94f76e05c3f262be802629d499da05a3d83c1d92e6acddb0dd4 66d0f606527bf8829f853085bb478db1d7671e0987bbe7ead86b923341f48221a74c5e5c96b436818619b3bb0d8b6e23
EXPORTER_SECRET 4794cc0b03a3a94f76e05c3f262be802629d499da05a3d83c1d92e6acddb0dd4 0c981f5b5123398d965327d4cc8e35789178af16fda1d8ff3ab4884502940c3777a6529642212742754f84c748e2881c
CLIENT_HANDSHAKE_TRAFFIC_SECRET ff499b6336e4e5704a79a899a543d90105e3e603daf5067ac07f2f22c841c21f c43b0ccdc75d37fadfac63640f2fed02bd74b8de186a44360470aabdf90e6e1581820cfc27dc7ffdc0b19a57f362c8a8
SERVER_HANDSHAKE_TRAFFIC_SECRET ff499b6336e4e5704a79a899a543d90105e3e603daf5067ac07f2f22c841c21f a8d7ed5b403ab74bd65e6d8fd97c265eb9cb10d771cc315a8de78b466ddb634f6dcc025b8f8e4198b25c95de849139ad
CLIENT_TRAFFIC_SECRET_0 ff499b6336e4e5704a79a899a543d90105e3e603daf5067ac07f2f22c841c21f c32ba0c908a56d1a566177d259d6a6a3a25043f1a8fac488ae22dd6ab7ab6423caa80ca24e7cda8c27c922f0a72c16fd
SERVER_TRAFFIC_SECRET_0 ff499b6336e4e5704a79a899a543d90105e3e603daf5067ac07f2f22c841c21f bb12705ae292f0150a36c129e8dfa0333fdc8aa987b182a88d3cf76a61c0d27935a185e3b4db6569dd339efe37e2bf0a
EXPORTER_SECRET ff499b6336e4e5704a79a899a543d90105e3e603daf5067ac07f2f22c841c21f 48947442878b1fb8a97d238ac357f68810f58542e6577fc7eeb914a0683916f154d5fdecee03a70aca361bcc31f43adb
CLIENT_RANDOM a8254e365acbf3e17a7be1c23b71dc8b7613c0a8574e6a3b1ee51adcba368790 b0995e902969ef168fcecf0f1201164f1ad8e21770d56c201eaf1bbae5aaa47cdd0d38df341efb078b09b734edad7a2c
CLIENT_RANDOM 25e419f5aad59cba9658c9126e03e11ffcd8fa2d067132917ee7bbfad939ee5d 2fc8e5636fcb003c3bb3b40db542df6f4e452642c298b459e473aab109b4a17c956b2c091a32c688014877030f86ca81
CLIENT_HANDSHAKE_TRAFFIC_SECRET f7aa5e4040f4e11cf7d40081c0279620b4f73e825cc3377cffa45a03452863da aa03393c08c26afd343432aab06ddbef442451187a3b9a3c0b51ac339c309d09
SERVER_HANDSHAKE_TRAFFIC_SECRET f7aa5e4040f4e11cf7d40081c0279620b4f73e825cc3377cffa45a03452863da 907b16e234d505d7f7e8b7ce240f81de44ca7793f4a57532419d88cf860c6101
CLIENT_TRAFFIC_SECRET_0 f7aa5e4040f4e11cf7d40081c0279620b4f73e825cc3377cffa45a03452863da be3b1a872c2f5485405bbba6ec4895bdbb89cd5f852e1b3487232a93f0fc265a
SERVER_TRAFFIC_SECRET_0 f7aa5e4040f4e11cf7d40081c0279620b4f73e825cc3377cffa45a03452863da f6b7e40f7d0a801c0d15311e9dbb91342963ea03bffd810ded1b4095963044c5
EXPORTER_SECRET f7aa5e4040f4e11cf7d40081c0279620b4f73e825cc3377cffa45a03452863da dd72f10b63c98001211ef47b795b7be6b60315aa2a4e44b461b9e2a9c3b41e41
CLIENT_HANDSHAKE_TRAFFIC_SECRET c200e34bbe2c498545126b5a95f59cc4f584c74ece604aa22f30e04e47647f24 a5f3f418f63717f0841a8124f4d7e634d016681b662d074f38a65a4558782f4f93f5c8f8a1e8f323648f724e94e7b41f
SERVER_HANDSHAKE_TRAFFIC_SECRET c200e34bbe2c498545126b5a95f59cc4f584c74ece604aa22f30e04e47647f24 fda4d5ed8f1b25e2f68365bb183165bcea1d8b0e66130b438940a371690f7b3fedbb0bf1a5644de583af93ac033a3fda
CLIENT_TRAFFIC_SECRET_0 c200e34bbe2c498545126b5a95f59cc4f584c74ece604aa22f30e04e47647f24 b3ec8ba6690308b64b309d0ea13952df031e97cac893e99de6b49114f41e50bb5c7a682fb92508d0ddb8d8ce47bca043
SERVER_TRAFFIC_SECRET_0 c200e34bbe2c498545126b5a95f59cc4f584c74ece604aa22f30e04e47647f24 7faab1be2abe7c74edd02845171df5c94582d8aa427bac152b4ed1e9d6a4413dd5f0efe26517faeaa0915a3bfba24dd8
EXPORTER_SECRET c200e34bbe2c498545126b5a95f59cc4f584c74ece604aa22f30e04e47647f24 9a9cb6c9c199aa2625233be434585345ef805a199442dc8b9d5a013db6177ef7e92e73f4891b556aed8616b78ca140be
CLIENT_RANDOM 7cccc5a9fb33e1d4e21c6bfccc2455b9df7fdd9f7df8156b10e97516eb53a8d8 a104b1c791501f891193d5a4aba286c396b21b861f8f3c69580e5090f267293b95806eae2d59e53b1552b4f6558e7384
CLIENT_RANDOM feb91b09e5995a1999d375f7443f0877cb73a81adf9ddea1cf9464cfd32e1d86 1bab61dfd37922064ea7819bf48d6a64ac00450e4e62846e1365e9df0eedc7f5ee9ce6efebf4d84070b6fd4debedeae9
CLIENT_RANDOM 509f8a926a86276931df8da9d05f7c4f2d8a8a5ac78095b2021df8f22a07faca 1253f58162f73259215af4e70714e0e3568fe5cc75a3162edd12668b21e96d67c1d049cce55d3bbbe9b20fc2a686aa1b
CLIENT_HANDSHAKE_TRAFFIC_SECRET 0859b34a60b93a07957895c5e0084e5d8085adfbd9d4298b1b82e1fa671e2a58 77b4143907715dd567f56bb53e1f3be1268b033f3d121770b7b21416fb2adbdd
SERVER_HANDSHAKE_TRAFFIC_SECRET 0859b34a60b93a07957895c5e0084e5d8085adfbd9d4298b1b82e1fa671e2a58 a3d84dd80a798681dcb7b68582ee0222a48391056714620c3e6ff2d9a7b47aad
CLIENT_HANDSHAKE_TRAFFIC_SECRET cde45c0d0017fc0340ca8b7d9a71b29afd81bfde611419957d8b8fbba97dd385 983674916913c4cc1ec00f66b4e091f812f7e05aedcc2fa7e956d9dc70a39bac
SERVER_HANDSHAKE_TRAFFIC_SECRET cde45c0d0017fc0340ca8b7d9a71b29afd81bfde611419957d8b8fbba97dd385 83efcfa0bda4bc15b3f4346316c2734499ae407840bf5bc3dd9c71b806be838d
CLIENT_HANDSHAKE_TRAFFIC_SECRET b0edbec212990c84080803d56e6226352913f68cb836488bbd950a7f7dbe4a36 0dfd98ad604eeeeda3b61da79fe613b8d1215f4fe845b63e2999d810baf57db5a95c146e270e16db8440c006400e3b6b
SERVER_HANDSHAKE_TRAFFIC_SECRET b0edbec212990c84080803d56e6226352913f68cb836488bbd950a7f7dbe4a36 83b8a9d9fcdd46eab032df829c12fe6a814561716c8559f3df5d0485bf3c66629fecc7a663f106d82ca61fd146e5228f
CLIENT_TRAFFIC_SECRET_0 b0edbec212990c84080803d56e6226352913f68cb836488bbd950a7f7dbe4a36 4f06765a6f389e10ca9ef7018333f66e51a84e3d3fa4c2dff3ae4c664450605a619048fe453899cb3801146fdd3a3517
SERVER_TRAFFIC_SECRET_0 b0edbec212990c84080803d56e6226352913f68cb836488bbd950a7f7dbe4a36 c8b03de9582bb63aa68604ddc581d59ed0acbfdf880afe40edce27c6f44f5b16eaff9ca1d9e2b27a3482553ce7c698fb
EXPORTER_SECRET b0edbec212990c84080803d56e6226352913f68cb836488bbd950a7f7dbe4a36 a700cc4ee6a4f000e78d6b74461b8868545d73892b02692991227c8667a43a910c850d1d8e98437f111e80532373bf45
CLIENT_TRAFFIC_SECRET_0 0859b34a60b93a07957895c5e0084e5d8085adfbd9d4298b1b82e1fa671e2a58 cdfe60de1e99b21496f881c815e690b11b68f0d919d282a7ab5418a692a0c4ac
SERVER_TRAFFIC_SECRET_0 0859b34a60b93a07957895c5e0084e5d8085adfbd9d4298b1b82e1fa671e2a58 9404e73097da03ead80065ad2bc495acba96e40b2c61831b75d751e922e13fd5
EXPORTER_SECRET 0859b34a60b93a07957895c5e0084e5d8085adfbd9d4298b1b82e1fa671e2a58 19cc3197943f11687245989e924d832cd3f24a4094eae44d2351e139fc27fb77
CLIENT_TRAFFIC_SECRET_0 cde45c0d0017fc0340ca8b7d9a71b29afd81bfde611419957d8b8fbba97dd385 bbfabd3c3aa1bc1b188cbd3d286bdec93669565f82d96b72cb42524bbd118f09
SERVER_TRAFFIC_SECRET_0 cde45c0d0017fc0340ca8b7d9a71b29afd81bfde611419957d8b8fbba97dd385 1078eac59635dc1a341b641b7d9ffb0bbcd4bf87f698fba6b20ffaf256a0a9e0
EXPORTER_SECRET cde45c0d0017fc0340ca8b7d9a71b29afd81bfde611419957d8b8fbba97dd385 2aa766f582ac812b380d218e0dd454f151fa317481bb40eecc53713d1c3a0c53
CLIENT_HANDSHAKE_TRAFFIC_SECRET e42fe75a1ec47fae5d09b0ceff3c22f18db0f6ea3c7b7cd036a709544bd504af d0896d4511dda36493fb77160522c4d577fad8cfa6bb6b9cbb8d4488e3a44652
SERVER_HANDSHAKE_TRAFFIC_SECRET e42fe75a1ec47fae5d09b0ceff3c22f18db0f6ea3c7b7cd036a709544bd504af dd565a0d13ef2c0902383c25e73b55ef424674bbebbe8dcd711ddb4c4d234b7d
CLIENT_TRAFFIC_SECRET_0 e42fe75a1ec47fae5d09b0ceff3c22f18db0f6ea3c7b7cd036a709544bd504af 5ba40a5be051e1d8b9bd1ccdd2356e8863948acb2c9b48d3555cea71779f22af
SERVER_TRAFFIC_SECRET_0 e42fe75a1ec47fae5d09b0ceff3c22f18db0f6ea3c7b7cd036a709544bd504af 933ae9cf35ecde7fc12316863ee6f6c891533aaa5f85f556a253522df63f7527
EXPORTER_SECRET e42fe75a1ec47fae5d09b0ceff3c22f18db0f6ea3c7b7cd036a709544bd504af f0307aa5ddd0790e93ecb6ce469f0cb6d449fe2705ab5ff0c6a9539e9be734c5
CLIENT_RANDOM 65d0a748c9173cd22e846699bf389c385c04809758baaaa48bfff85e81a6fc2c 8e1a6f6c6ecc4f5334b60da292d7e87391af3f18943cfd4991afd7409cd7233583149cf401ed708e4356febc9ff63aca
CLIENT_RANDOM c6bc2f753c9ae2e985ecc5bbe66dc6f3a56acdc1247b65de8bfa592817c71e9c 38721ad9d08619e433c8ae0cc1ed2224b7ca1357fc8581568d2853e4b869fbe1be44535c21a63ad21ea84cd02a56dd2b
CLIENT_HANDSHAKE_TRAFFIC_SECRET 8c0e4440ecfb1202b339492438ca59ef58870ce7fcdd0b179ce09f610fe349fc 0293c063258dee39e721adcb0007182dee1e32c9e0e90368bf6971f6f5cbde5642a1efd988ca9f63cd0add10e59c15d5
SERVER_HANDSHAKE_TRAFFIC_SECRET 8c0e4440ecfb1202b339492438ca59ef58870ce7fcdd0b179ce09f610fe349fc 5dcb7fb8a4f966c97fcf82b17fe614079a3410bfb1953578f6927df2ca309774ba5bd7b3f4f675206a441030cbf1d630
CLIENT_TRAFFIC_SECRET_0 8c0e4440ecfb1202b339492438ca59ef58870ce7fcdd0b179ce09f610fe349fc e8a5924339a7697cea8b618c39d843de44cc1d8d3adae3a19e334d55ae0f65a62351483d48ff6ccf87d51a82334221d7
SERVER_TRAFFIC_SECRET_0 8c0e4440ecfb1202b339492438ca59ef58870ce7fcdd0b179ce09f610fe349fc a62569d48a730d4e7a18bc5bccbc0ce708e3135a6f6604bbe2b95005f9aa5d54ff5e2e7bb57198cdee8e75bc3a3f0ff3
EXPORTER_SECRET 8c0e4440ecfb1202b339492438ca59ef58870ce7fcdd0b179ce09f610fe349fc d9dea3f4d1cfda49c40c25deabe85c5ae57d66ace09df8ec9eeec17a95b26dbe08911b6997151c29f8a7fca2e8ea66b1
CLIENT_HANDSHAKE_TRAFFIC_SECRET 5c98bc9f7aa846c7dbc60c80e5355c2e903dafd28f2dfb4524250c38a14e32e4 6c0c611f8306dcfe377405a30d95483984beaa933672dece79d82515eb8fb7e50478c2882438ae5bf2808ee1ce66f807
SERVER_HANDSHAKE_TRAFFIC_SECRET 5c98bc9f7aa846c7dbc60c80e5355c2e903dafd28f2dfb4524250c38a14e32e4 dd8706abadec1228e1363566c34bf8899701495490f9c9b217d8fd6f5935536b199f13222b0107fb85e560f8330a8e52
CLIENT_TRAFFIC_SECRET_0 5c98bc9f7aa846c7dbc60c80e5355c2e903dafd28f2dfb4524250c38a14e32e4 f6f4446be6957288cc3f26261986086151f9923e3ea9e343ef296aae917ac1ce287e88248e98b740cab2c55102114fcb
SERVER_TRAFFIC_SECRET_0 5c98bc9f7aa846c7dbc60c80e5355c2e903dafd28f2dfb4524250c38a14e32e4 0f6257df4ff7ad63c8738d9c75661f6d57e5cdcdf424ddf66c8a7df530448f5f84b045b50ce561b1c88c80d655d60d86
EXPORTER_SECRET 5c98bc9f7aa846c7dbc60c80e5355c2e903dafd28f2dfb4524250c38a14e32e4 602e4b6ada03723ea56f8a367e2bba98fad6947ab86f0adae4bfd924183cda55b18bbfb2b1ad800e8b48f787acd1d155
CLIENT_HANDSHAKE_TRAFFIC_SECRET 6d94f63f55cdada2d318424f960024acd794a6b82ab80e81bf17a0e30e11af26 12c10bd430aaa23120dfdb2e7ed1bb7f96c7247216a80e57c204164fb695f5b19364064c16c704ecd8ca0dd96c00361c
SERVER_HANDSHAKE_TRAFFIC_SECRET 6d94f63f55cdada2d318424f960024acd794a6b82ab80e81bf17a0e30e11af26 199f684d123591b7ea5da2e67d320380c0f279cba01a527e079aace6db20bd2c68437b4fdf810389599045d676b2aad6
CLIENT_TRAFFIC_SECRET_0 6d94f63f55cdada2d318424f960024acd794a6b82ab80e81bf17a0e30e11af26 2b66ac760ab8981f44da974aef45c2ef54e455734327ebee0bd5ff9ff7a34f290abda62773352bc1816a27bde087b89c
SERVER_TRAFFIC_SECRET_0 6d94f63f55cdada2d318424f960024acd794a6b82ab80e81bf17a0e30e11af26 d2d2c66da7521118182928a8ad8c64c8c4106eaef04a28bbecee35a812c5127384f5dbc97bf14a009cfd9fca0a7c195b
EXPORTER_SECRET 6d94f63f55cdada2d318424f960024acd794a6b82ab80e81bf17a0e30e11af26 73251d3aa8c5e83aa783bc71214e49b441dd231f2ace550d3db2d8178a3a44d49d9b64ad941347b71b1ddd8aa09abba9
CLIENT_HANDSHAKE_TRAFFIC_SECRET 55b5739d7a579bfbd17d7f5b3a203018a40887233217dadb7aa52aea7cac78a5 d38ee28cb8d6d5da3358addd26b1b00597541bed71d19b921b79fb19b54dc43a1e3fcdfc7f647f487cb7ea2449706669
SERVER_HANDSHAKE_TRAFFIC_SECRET 55b5739d7a579bfbd17d7f5b3a203018a40887233217dadb7aa52aea7cac78a5 c1c2f47d1f27bac010dafcc3a35d4870ba98bdf42c283e4d117993972db41afa75a4cef044c7decae2466bec05f26c73
CLIENT_TRAFFIC_SECRET_0 55b5739d7a579bfbd17d7f5b3a203018a40887233217dadb7aa52aea7cac78a5 e1a0f2a7876d8d44a679b8242a43bed68cc965ccc7b3afb193d65b36c57320299bdea4adf0b7cd85b009c8b447525baa
SERVER_TRAFFIC_SECRET_0 55b5739d7a579bfbd17d7f5b3a203018a40887233217dadb7aa52aea7cac78a5 0d1521d19a9cf2ee74231d4a1a69320fc30640087336c0511a7c2602779995d0acaaf4d239c41bc647fe2c41627752bf
EXPORTER_SECRET 55b5739d7a579bfbd17d7f5b3a203018a40887233217dadb7aa52aea7cac78a5 66a8147d483ba75cc760df2cb6ac0d448f6e40d2797850f8f9ac21a82c65d6f5c4cd119d00c3b5b5a8846d1aa24b904c
CLIENT_RANDOM b49f2339a3a00847301faf007f3de1b22d26b4ba44466be2d7e4687a275903f7 51c56c739d27136858d361564719dc1fa4b82e943a690af64ff8f3c1b1408409da8f9d2d7b13f2ad649327b81f5c2497
CLIENT_HANDSHAKE_TRAFFIC_SECRET 7794b9563513d83a8da2e2638810b537026d34bdb343c3b2dad72abcab085a4f 30145b02fbfbef556b89c46a2807e72e13e7524931156260f6ab2b8194eb1f595833dc7096a52f831019da432b806d1d
SERVER_HANDSHAKE_TRAFFIC_SECRET 7794b9563513d83a8da2e2638810b537026d34bdb343c3b2dad72abcab085a4f 84e80dae85ef9d86cd0126d1a3ff939759d81d07d8803d4d6b44aa86666212fc48e17ba645129891b1cff40add5b0834
CLIENT_TRAFFIC_SECRET_0 7794b9563513d83a8da2e2638810b537026d34bdb343c3b2dad72abcab085a4f a017dcfa003036d848480449eb8bf5b48b32756314900c3fa8caafa50bf108de7d99c6b9bbaa8ab6ce96935f19dedf06
SERVER_TRAFFIC_SECRET_0 7794b9563513d83a8da2e2638810b537026d34bdb343c3b2dad72abcab085a4f 6d828a0cb63fa24a33ef7d3c1e87fa2324e4bb9f388f803bf31f3b765da7ae84b86b3f84dbef3023c0681428778c83c0
EXPORTER_SECRET 7794b9563513d83a8da2e2638810b537026d34bdb343c3b2dad72abcab085a4f 36a80d8d655c0c38942f65058db35ad75a10f802a738f6a792112eb6b97a03ba18b564f7108b8b8b0be6fcc7414ab1c7
CLIENT_HANDSHAKE_TRAFFIC_SECRET 82cc5e624157639b47a8da1e138c819f7c72025ab562d190b184b27d4987f054 972b1f50853193b4c22d34a1f55170242862f80f00f9ed407bdc6e24492d6258cb91447863e155ea7d3fb638e23cfe6f
SERVER_HANDSHAKE_TRAFFIC_SECRET 82cc5e624157639b47a8da1e138c819f7c72025ab562d190b184b27d4987f054 71cca5b5e4efeb38492f3985b6ff7add65f8ee7e160cfe18447a95ea5caa9dfbc3ba1e5237efed515a794286fb641a31
CLIENT_TRAFFIC_SECRET_0 82cc5e624157639b47a8da1e138c819f7c72025ab562d190b184b27d4987f054 d4c1f6b82bf885220954393210b4a7bf1a75ce5dab8dbaa6fcf2e73f4615c630e2b4a08d0d8aacae5a2d56a9a7821266
SERVER_TRAFFIC_SECRET_0 82cc5e624157639b47a8da1e138c819f7c72025ab562d190b184b27d4987f054 16c895176d39c1c35d1534b629569c92e85528a6fa0e38e27dca8c27671abb7d42e24ecb0010dd7ba9e36dbcaefb041c
EXPORTER_SECRET 82cc5e624157639b47a8da1e138c819f7c72025ab562d190b184b27d4987f054 fb1fa60b06812a87eb183342d014c3a83b2299d3b16b01e537c4e0d664c278e62a236255fc435e2564e111cb31be4cbe
CLIENT_HANDSHAKE_TRAFFIC_SECRET 9a5495e2c24dab0bb2f81c7ce66be1c931eb558b3c7a63c633e1cbc11ccf3d7c d46b0091eed4bfeb587569ce67567c967f8c636442eb4dec22da054b8f84d01b18269bbd239f2b6b115b33a6f7cb51a8
SERVER_HANDSHAKE_TRAFFIC_SECRET 9a5495e2c24dab0bb2f81c7ce66be1c931eb558b3c7a63c633e1cbc11ccf3d7c 10e6fd9069b0d254e416647c219f6a35c94108fb61230578987aeb48a2371e20cc17b30bebf05302366f0fc8bf24d532
CLIENT_TRAFFIC_SECRET_0 9a5495e2c24dab0bb2f81c7ce66be1c931eb558b3c7a63c633e1cbc11ccf3d7c b6fa53935e0cb549df8250157003fb5939756411f167feb290f9cd84386c2fc5d62ecbd738e3eeb395170c7b3a7f28ec
SERVER_TRAFFIC_SECRET_0 9a5495e2c24dab0bb2f81c7ce66be1c931eb558b3c7a63c633e1cbc11ccf3d7c 7b6a079f44f4f7da77f279068249c5d24c44db2e10361090ee9eb57655b4fb6a63671cf69cdd33f1ba6c15b6cff7bee3
EXPORTER_SECRET 9a5495e2c24dab0bb2f81c7ce66be1c931eb558b3c7a63c633e1cbc11ccf3d7c 6ea038f16d1e0eff1041df0464b2393c61ef2f1f64a1d04ccc460ad907c913e486ec371b73f177e7dbb0b44f7e47a9d0
CLIENT_RANDOM 3b5f1666697bd0254358d3da44934e34e85b8ba9492a8573340eb6307a745edc 43f7089570fa91cce76364c7aaad667954682e0e97933189d931b5ba9abfd5844bfeaa89e53361c23af945bbc8e498d7
CLIENT_HANDSHAKE_TRAFFIC_SECRET c672be7f25f6520289af91ee480f34d559cbd53f1bfe717b5419d0f93b815b04 8c2325724e4ace4873721634eb2ab26461a38d20a2a1e4c24649b6055f11b01a7df1b9e3d45ca90e1562c6be239a273a
SERVER_HANDSHAKE_TRAFFIC_SECRET c672be7f25f6520289af91ee480f34d559cbd53f1bfe717b5419d0f93b815b04 788830953c16f6b2f6dfa764b1382fa2f52f263cf9f80574f04bfd020904a3e5d4367ad7a0f3384e7869773659d6d3e8
CLIENT_TRAFFIC_SECRET_0 c672be7f25f6520289af91ee480f34d559cbd53f1bfe717b5419d0f93b815b04 66e0b42a05d5b6070a33f722779ebc3e9a2a4c3f02c36e3831338013aa6b8a7fc8dbd8166c7b686a55efd602b418e11b
SERVER_TRAFFIC_SECRET_0 c672be7f25f6520289af91ee480f34d559cbd53f1bfe717b5419d0f93b815b04 af7220af58cca20d5fa791135ebbbb15da0ab23763322772fba916023111764e9224dce87a00981adba385b658ae785d
EXPORTER_SECRET c672be7f25f6520289af91ee480f34d559cbd53f1bfe717b5419d0f93b815b04 1b0e6039fe80502b21fdefb320ea4131ae79ea1f952310ed012cce589bf24328d1b516a4b84b5a33e5a3212ac32930db
CLIENT_HANDSHAKE_TRAFFIC_SECRET 60df97655d6a1d6285bafa89a0dc0ff2c80f764308507fc70ab0715f304e75f0 1aaa983552ad516f113e69f8172f39817f9ddd0dcc224cffed465f2164a5ad0570aa75357f6e471ee5aa074eda6e00d0
SERVER_HANDSHAKE_TRAFFIC_SECRET 60df97655d6a1d6285bafa89a0dc0ff2c80f764308507fc70ab0715f304e75f0 26b8e25181e22e612b7fa4793fb1b9c322fc4c69374d444a85f5a250a2a6e948700c75672a74b1ea964ab69e203c7a95
CLIENT_TRAFFIC_SECRET_0 60df97655d6a1d6285bafa89a0dc0ff2c80f764308507fc70ab0715f304e75f0 df9d503dc13e7a3b4413cecd6b103cef68aa81c471d1eda50d06864438939aeca7339986179f4494c332879666752ab6
SERVER_TRAFFIC_SECRET_0 60df97655d6a1d6285bafa89a0dc0ff2c80f764308507fc70ab0715f304e75f0 b53451b8e18a015f14551fa253599ca3a085a4a0808e76912ff5140ea79692c51175904c0b90b03075bf87bd5f7af739
EXPORTER_SECRET 60df97655d6a1d6285bafa89a0dc0ff2c80f764308507fc70ab0715f304e75f0 d499687a4eb55741ee79c070d567c56672033e132cbbc0dddbafc7f27650b9a9ce035e8c46a9f246e9f2d1e563fca7b7
CLIENT_RANDOM 9566fc7051669f25a5adf7bb61b3c1e0c5eb4512869549256a971ff03de86d78 7d95ab427dc8e8dc43f2f0d65cd85260ae2523a986507101a38caae4ea6abf0198330b0b0927739eda89c487ed95dbc0
CLIENT_EARLY_TRAFFIC_SECRET 2558e4e6f2933cf43e9622ec9d4a1325a6dad1b3f0a0c4d9e33dd84fb2386482 28e645859015e92ac57e3ad320408a766623632e35d596b19fbfa19d681c7f02
EARLY_EXPORTER_SECRET 2558e4e6f2933cf43e9622ec9d4a1325a6dad1b3f0a0c4d9e33dd84fb2386482 7c0c8f0e39351c43632a32155f0108b11e39fe7d44cf32db2d1b24fdc55dfbfa
CLIENT_HANDSHAKE_TRAFFIC_SECRET 2558e4e6f2933cf43e9622ec9d4a1325a6dad1b3f0a0c4d9e33dd84fb2386482 c555ac27055bf88a8809b195624f05087d06af4cfebf05afd00238a6be5afba1
SERVER_HANDSHAKE_TRAFFIC_SECRET 2558e4e6f2933cf43e9622ec9d4a1325a6dad1b3f0a0c4d9e33dd84fb2386482 b228228ee68c66086729f15f04759e760a655e9c3a5313ee3cb025b5bf3eb8b2
CLIENT_TRAFFIC_SECRET_0 2558e4e6f2933cf43e9622ec9d4a1325a6dad1b3f0a0c4d9e33dd84fb2386482 8cd37f1b70a316e3e0320f84f45286d462f73fbbadaae2db96ae03f0c757425a
SERVER_TRAFFIC_SECRET_0 2558e4e6f2933cf43e9622ec9d4a1325a6dad1b3f0a0c4d9e33dd84fb2386482 5a2b001f3f0a33bfb4afa11b29a5a2191c7009cbbdd50f94ee8fbc7240099584
EXPORTER_SECRET 2558e4e6f2933cf43e9622ec9d4a1325a6dad1b3f0a0c4d9e33dd84fb2386482 3a248b73241607c001fcd9ae59a2c45f32a1a2f044bc1f9807d140bd9fcb6f9b
CLIENT_HANDSHAKE_TRAFFIC_SECRET 77879c5204e968de01e7c529411518ac6746e8cd9d97c52fa96796993a1cbea7 cf17437a7409feadcbc15c17a65965a29bfdc0d960e590c31bbdf2087219f52bd5d1dd73bad489ae1c64eb9d83c82ef0
SERVER_HANDSHAKE_TRAFFIC_SECRET 77879c5204e968de01e7c529411518ac6746e8cd9d97c52fa96796993a1cbea7 055c11d8b6928b95b29706f681186b570132f8a77c02766a6831da12cb6e33e6c5d1f32ecf3c7d073cf42a8a6cc72ebb
CLIENT_HANDSHAKE_TRAFFIC_SECRET adf1937c53496aee8bbfbb10d02fdaf8caf5b29cd29a6d8ac847b7772a309882 5def4f8b0539d491caa98dbea17c3b208e706b594f3bb8286eba9f077a2e9b867afe90992ad6c8cc71fdc80398e4371f
SERVER_HANDSHAKE_TRAFFIC_SECRET adf1937c53496aee8bbfbb10d02fdaf8caf5b29cd29a6d8ac847b7772a309882 f5aa9fb755484bd11b52c2a61f58da1874f0dc502737d77d06b84b03e6c47c238a6cf00dbd9e6ed99b1f122f1a0853f7
CLIENT_TRAFFIC_SECRET_0 adf1937c53496aee8bbfbb10d02fdaf8caf5b29cd29a6d8ac847b7772a309882 ab9b8bfca70e91cae9fab2051a0145a92119f38729497ce45e3ba0ca91cb80151b246460664a686309f19308503100d0
SERVER_TRAFFIC_SECRET_0 adf1937c53496aee8bbfbb10d02fdaf8caf5b29cd29a6d8ac847b7772a309882 0fa608f838099ea5dde652fcb0d4311e65f9417bf50526e6e0930b60e5c40412a5247c88964dc651ede1f73965ea8f1d
EXPORTER_SECRET adf1937c53496aee8bbfbb10d02fdaf8caf5b29cd29a6d8ac847b7772a309882 3fe38567d6df7306240158952368e26ffb89ca047a7832c263abdedfae9f25b5d386f911e5fca906c42b274f6abca04b
CLIENT_TRAFFIC_SECRET_0 77879c5204e968de01e7c529411518ac6746e8cd9d97c52fa96796993a1cbea7 3fd235b256a6fc98f73a2a007e8e7e82962341d6c905fb84e46a6d57741005879b6eed67b76af7dd1ba4e011a6bd6693
SERVER_TRAFFIC_SECRET_0 77879c5204e968de01e7c529411518ac6746e8cd9d97c52fa96796993a1cbea7 88ce46e218ea72b1b99524c42ac9799fb58b0cfb55bbe6f58518fa40c0f5b26c0b3b5b5e48a8b5377ac5e047a78a03cb
EXPORTER_SECRET 77879c5204e968de01e7c529411518ac6746e8cd9d97c52fa96796993a1cbea7 dd1c89da93b7e3eaecf7e985512af8ef5a6d379838040bcce2865e809daf0c6b9ea058cc6cb34aafa29b3bf674da15fa
CLIENT_HANDSHAKE_TRAFFIC_SECRET 8714d28075cba683d79a6e31dbab6740491bc1a4f2a42c3826bd80a37e0fa8d6 2123db442113b8cf5bd453654656f72fc80d198e99df335eaaa949dfdff1e222c1e843817480398439b532737fcafca5
SERVER_HANDSHAKE_TRAFFIC_SECRET 8714d28075cba683d79a6e31dbab6740491bc1a4f2a42c3826bd80a37e0fa8d6 6a59ba307e3c28664ebe0a753b883669e5ae0e509212839af6a8efad5fc22ccd998ed2c9087d8168e9b0bb5b52e5850d
CLIENT_TRAFFIC_SECRET_0 8714d28075cba683d79a6e31dbab6740491bc1a4f2a42c3826bd80a37e0fa8d6 dff614fe6aabc13c8ef0ebe7161334cdd29a65285f4279258515597357709320d1ca98794e4ced1ddf92b7cb36373d98
SERVER_TRAFFIC_SECRET_0 8714d28075cba683d79a6e31dbab6740491bc1a4f2a42c3826bd80a37e0fa8d6 b97c566a7ce1d8f5febb159e990e3bba26746fcbf6e4e5259971776934882fb11734310390ec97ffc80c28ba2730e359
EXPORTER_SECRET 8714d28075cba683d79a6e31dbab6740491bc1a4f2a42c3826bd80a37e0fa8d6 69e8816b1d970db7fcd2d2b44d188a2c6928b79351097ef3707d598673bf0900523a0b84d59fda29d04390d11ad0f98d
CLIENT_HANDSHAKE_TRAFFIC_SECRET ca4ab146538735eb57c60c89ca5dbb891373c03dafadff74faecec891b280cfd 57f8a488a5495499e9b27a8e667b81449bb90ec2fef82c1420b5f68af456d6cfb4477eff62cf8029691726f03f90a40f
SERVER_HANDSHAKE_TRAFFIC_SECRET ca4ab146538735eb57c60c89ca5dbb891373c03dafadff74faecec891b280cfd 7b48e8b01e1eb7d7bf9cc4e4ddc1829693439566db5c0718b6be7d2435b3ef53f0ba86827826d4e42d7497240d053f79
CLIENT_TRAFFIC_SECRET_0 ca4ab146538735eb57c60c89ca5dbb891373c03dafadff74faecec891b280cfd 3f73474544cdffa1787b6eb68611f0b94fdb4caf1861819c980e5270c240736a41aa94e6dbf11ca1c8757346c16db90a
SERVER_TRAFFIC_SECRET_0 ca4ab146538735eb57c60c89ca5dbb891373c03dafadff74faecec891b280cfd 47dd2af232f164e6a7e2986f161a5675d61e23c94be479cc562af3576236292ab1e119958b62698d19072de4a0b78e10
EXPORTER_SECRET ca4ab146538735eb57c60c89ca5dbb891373c03dafadff74faecec891b280cfd 83d7449dce2c5f7a5ceb17b48517db8742494b9e16e41dba92bc6da97ba2cb4f107431c1b21e3e5e5bf5fff11d6ad7b3
CLIENT_HANDSHAKE_TRAFFIC_SECRET a09a2be3402c72f6b89bf73f635900a69b72bb6b9aac7b1baf39538c011691b3 7b274c9937159400a13c7864005278620a2980445d06ce438f690c4e95f4d10cb2b2b1de7e2fc2f6ac091732f00f5d6e
SERVER_HANDSHAKE_TRAFFIC_SECRET a09a2be3402c72f6b89bf73f635900a69b72bb6b9aac7b1baf39538c011691b3 f5759b172df78f960229868091bee1ac86c8862b0d1960ac06e2f4bfd45263e7068e4e6ed182235cc4a6c3bab8e9c3a6
CLIENT_TRAFFIC_SECRET_0 a09a2be3402c72f6b89bf73f635900a69b72bb6b9aac7b1baf39538c011691b3 b5322b5011fd6e0c9ea166159a492dc7d2e6f82bc35d1b322d3c2269b4a8cea6d74615bb461256154d169aa835300b26
SERVER_TRAFFIC_SECRET_0 a09a2be3402c72f6b89bf73f635900a69b72bb6b9aac7b1baf39538c011691b3 955e48c88413726ca54a9238f4868b33b35ef08a8e9f9ea611298ea1352478cf34bb63091173380e33180d237f1ee9fc
EXPORTER_SECRET a09a2be3402c72f6b89bf73f635900a69b72bb6b9aac7b1baf39538c011691b3 aa811767261ebbdc94da4b28803fd8e2df7830ddb53d3f67c7367ef6027a1845fc85ee07e68f247c879b42bc3e8b43e0
CLIENT_HANDSHAKE_TRAFFIC_SECRET 379ca95bd46b340dd1de2a20e0e96618a32061f137b395df7bc2b627c3be0182 89269dc0366f2a3722d710cda8e80e5c22e67f73f8ad155c7e341087f80720221ad849f6c8584240448f772f7781ffe7
SERVER_HANDSHAKE_TRAFFIC_SECRET 379ca95bd46b340dd1de2a20e0e96618a32061f137b395df7bc2b627c3be0182 6f8199f06b8d51c945f21f71e84f5b70c8a55882a5c74fa143526725b8be153a20aef1d3bb3e7d4e3b1b6f464164ee43
CLIENT_TRAFFIC_SECRET_0 379ca95bd46b340dd1de2a20e0e96618a32061f137b395df7bc2b627c3be0182 ddfcdbeadf5f3cd7a556d4f6c82eb45a594ced8d5f6e947b4f1aa8ddd5baa7221388ddb85ac3170e5685964c7c1b757d
SERVER_TRAFFIC_SECRET_0 379ca95bd46b340dd1de2a20e0e96618a32061f137b395df7bc2b627c3be0182 15e81240afe859db824d70aa76d3fb6971a3fcbe6c57373d0d45b323a33830251305ccb2c234aa10c7d6978b0ebde430
EXPORTER_SECRET 379ca95bd46b340dd1de2a20e0e96618a32061f137b395df7bc2b627c3be0182 2ef035c4e660d9aba913c509e49403294188b9da1c0b161aee39847a8eb90f2ffbcd7fe3facae962ac4c079788ae79fb
CLIENT_HANDSHAKE_TRAFFIC_SECRET 2e94412829735d350fed5a2b2ffb7c6ac2fdfd8c4fdefcd8fdf15720c9821656 91b8aea2cc293351627f9750a5da32d0ea5ebeeac703846dfc68d160a78ad4f6979656faee71442899d38245bfd5bd16
SERVER_HANDSHAKE_TRAFFIC_SECRET 2e94412829735d350fed5a2b2ffb7c6ac2fdfd8c4fdefcd8fdf15720c9821656 dc53e6dc6aeba93a68ed9b65e43f486d86a3506b0cec6ed1f622a8bef5274c0d9d98e09ba4ccb2dd50260e24aeb69979
CLIENT_TRAFFIC_SECRET_0 2e94412829735d350fed5a2b2ffb7c6ac2fdfd8c4fdefcd8fdf15720c9821656 057c108f625b41da22b797c709a750620cc0225d60f1c63a8aea446dadc59839e677a3da0873e5cc67af1d6c8c27df86
SERVER_TRAFFIC_SECRET_0 2e94412829735d350fed5a2b2ffb7c6ac2fdfd8c4fdefcd8fdf15720c9821656 5398a7a383a925add440f5d7ec80d4924277b9dae51a21ebfafb36a2a84697d79446b66e20b98af035a9bbb54ca6a9b1
EXPORTER_SECRET 2e94412829735d350fed5a2b2ffb7c6ac2fdfd8c4fdefcd8fdf15720c9821656 c4e79e0c133849b5550ed5981ee52927c8278b1af4e03576c06076d25e7e32f24fdd3563831d95ab21e2ae7ae914fa21
CLIENT_HANDSHAKE_TRAFFIC_SECRET 057c680d4e4d0d73b80d6d1572cdc86b5e0bac2c4ff0c9b4c4cbaa28b8958650 f22388e5db74f5227f403f2149e07904e946d5214cc6dd95e2a27bff3564e7ae4f34e6cb24e017b09a860f6f0dc791ba
SERVER_HANDSHAKE_TRAFFIC_SECRET 057c680d4e4d0d73b80d6d1572cdc86b5e0bac2c4ff0c9b4c4cbaa28b8958650 002fa1f295dc2c9651db5ba1b7782a829095407840c4440c1644ca3ff01d161b15da5049dcb57eb7a5409dd2e2222790
CLIENT_TRAFFIC_SECRET_0 057c680d4e4d0d73b80d6d1572cdc86b5e0bac2c4ff0c9b4c4cbaa28b8958650 33a0dd3724cb85560f0c1c6edae013e494441b98f8f095f081d8bab522555c53a37c4698d3a47938532a5afec6564b47
SERVER_TRAFFIC_SECRET_0 057c680d4e4d0d73b80d6d1572cdc86b5e0bac2c4ff0c9b4c4cbaa28b8958650 1042b1b222db04742f4560873541303f6d373cd3c12903c6e11ebbc51847de443e994b7a6e4fae04488cfc1c35f11671
EXPORTER_SECRET 057c680d4e4d0d73b80d6d1572cdc86b5e0bac2c4ff0c9b4c4cbaa28b8958650 757997c77a17bbe24b89d12fa045401606d9a5c64919e32e58ad7483878e4b32b17a716381ebebfe009a0e7c3682f51f
CLIENT_RANDOM 7f601b27bf474859e5271a9e26c3893c702abe8c3f79a5a81cceae3b52a67bc0 67f6151509cfe3d494c914b65dc77fdb4b8a6c50599eb2989d978b572face20c360ba184258cda3636824272b76f1484
CLIENT_RANDOM 468e7f4039a87a294fd68f76d801daa6b4771cfac769fe8094edf79357b3e3de c0a1f24d98e772cee499a1ca74f1da52c3860fcc048136892cfdd2e0c6b4680a382f929290518bc24c0f7bb362e231bb
CLIENT_RANDOM 634200efbb91f9223452ec964d0665692bc2f3b280f6d5d503d355fa14c1ec2f 052802a8a4363242de34cde56eee45493dc4dd2df9161266ce248ebc93256891fe6addbb6ca2ff3e9c475512461cc05b
CLIENT_RANDOM 065ff3448d29083c5e488366d89daaf7213aa1e165d6afc8b2083c14abe77bae d5a0490747f6d37ce7502b086c7c4350c88ce5c6adce6ec23d79b2c6038427bb510e446274c6408ea146251077c46031
CLIENT_RANDOM 8f935cc3bb4c96e31d6590967637a6864811861e10d174bb088a08b7dd187134 6e95ddd98cf40e67cfd43f2b8be27e0fe60f82e9cf791e16ed814a545395b3810c15fa8bcb1bcddcbdabb3cfa6a5bf36
CLIENT_EARLY_TRAFFIC_SECRET 2b599ff2c9eeaf5a2a196d609fc95e79a6cfe77d7a8958f0b6310772ad8f740c b9443071301e60c31c014f43668b9e24b70b9e04e2b8365e3071549ff5dc135b
EARLY_EXPORTER_SECRET 2b599ff2c9eeaf5a2a196d609fc95e79a6cfe77d7a8958f0b6310772ad8f740c 7ea0afc622a3fb24f4acea1dad949166dd387ef871195dab7f7e5dcbe8b8112d
CLIENT_HANDSHAKE_TRAFFIC_SECRET 2b599ff2c9eeaf5a2a196d609fc95e79a6cfe77d7a8958f0b6310772ad8f740c d175037548b23e99f481e4afe2957cfa9b164d6dddd922645a2d1fa00a9f1c4d
SERVER_HANDSHAKE_TRAFFIC_SECRET 2b599ff2c9eeaf5a2a196d609fc95e79a6cfe77d7a8958f0b6310772ad8f740c 4e21243a4fe2d09e31ae475c299356e451e6cadc19b2c1e70f11d9a5ad89033b
CLIENT_TRAFFIC_SECRET_0 2b599ff2c9eeaf5a2a196d609fc95e79a6cfe77d7a8958f0b6310772ad8f740c c82e17db61e430bf2d0a9399e9ee19ffd458e9c038353e11bedd0b830ae9d6b0
SERVER_TRAFFIC_SECRET_0 2b599ff2c9eeaf5a2a196d609fc95e79a6cfe77d7a8958f0b6310772ad8f740c 44b5fb3ddad49c1c936b7c4869892211c376c6abb88686e7bbc835d5bd385357
EXPORTER_SECRET 2b599ff2c9eeaf5a2a196d609fc95e79a6cfe77d7a8958f0b6310772ad8f740c 9637e58c2dfa084d067158f3a1efd77ae9be01b8b7f588afbf7b9b5603ff85c1
CLIENT_HANDSHAKE_TRAFFIC_SECRET 20083215bdbd360ec1af78486d0e6fc43a23bd77a4a01103fa49932af2b3a280 b9f3de04dc062af8776601b651329dc00c425285e3e19bc41927e5eddf52953cc458bfd9b27d5b5f02c9bfe4714f5b3c
SERVER_HANDSHAKE_TRAFFIC_SECRET 20083215bdbd360ec1af78486d0e6fc43a23bd77a4a01103fa49932af2b3a280 8b4eae6976ebc0b388a6cb6c6f846c404276dedfea17621a6d1032c8b7eb42f8fbe738d76a7f6b2ed6ff72bf99d07a25
CLIENT_TRAFFIC_SECRET_0 20083215bdbd360ec1af78486d0e6fc43a23bd77a4a01103fa49932af2b3a280 b0ca926fe4dc808c0465bb1fe712daf4620209de0a64aa23cce6a4b300ed19a7feb31c901144d3b80bedae3df11defb9
SERVER_TRAFFIC_SECRET_0 20083215bdbd360ec1af78486d0e6fc43a23bd77a4a01103fa49932af2b3a280 3d0017be9ab700a9124e822e2da121b5e8229bcbd22afd18b827261204b3335d192b675c0a31af0d45b18168eb72b61f
EXPORTER_SECRET 20083215bdbd360ec1af78486d0e6fc43a23bd77a4a01103fa49932af2b3a280 0b875e8b8eead0e09205715ca733b1703a57228d94c6b9eedaf382bda615a3787d8d7c223cf11e00c7c7fc757b515e6c
CLIENT_RANDOM f7cd570466c0406b4718061d2a871687a83816a6ab13d14311421a0ac92e97e5 6ed473ddbeaca4dc48d51633491ec1f249b3f240eaff0bbb0226a7c0ec97a87dd3b88de887b5bdeb66473869a70fd82b
CLIENT_HANDSHAKE_TRAFFIC_SECRET bc730486e491e3c701dffa07e279eb091b593741c95fe2206b295cfa24d1ef50 5251f4d98253de1bc3d4487f10597329dad91a50871fdcdb06cd9a2da61c573677176571c66d9a7f998062d302b7d1e1
SERVER_HANDSHAKE_TRAFFIC_SECRET bc730486e491e3c701dffa07e279eb091b593741c95fe2206b295cfa24d1ef50 e058e756f75bb34e785bf5c75c49a69199d380a4e55d3a23d4257f98ad3dcccddb579fbd15b5bfcddb35d432e0c7c93b
CLIENT_TRAFFIC_SECRET_0 bc730486e491e3c701dffa07e279eb091b593741c95fe2206b295cfa24d1ef50 069fbd90cf4fca22dc68487a2cce6b1fb50f6fddfe2394403a8f2603f713b9a72bd6579dbac12feb95053ea4f6c48caf
SERVER_TRAFFIC_SECRET_0 bc730486e491e3c701dffa07e279eb091b593741c95fe2206b295cfa24d1ef50 6b9afcbd7b504974bf27e1115d6880433f3204c6f4469428ae61d81b1b6a35cd431ed92f7d0f5b16cb2f10bb505f3078
EXPORTER_SECRET bc730486e491e3c701dffa07e279eb091b593741c95fe2206b295cfa24d1ef50 9dc7e0c6f73121d0abad00cd99a05ea4260b44f3258657ead03e366f63560d4954219dcc9329ce1b3e37eada518fcf51
CLIENT_HANDSHAKE_TRAFFIC_SECRET 081c267bfd81c54c834a381378e6257dd39fb2ce0486268d2eb883ff36cf22d4 10dd77ce3682ed43fa6eaa52147aeb36a5279b56ae43d4ac508417e92d4e16d45a7b101406efc7a04ffd80be541c81e5
SERVER_HANDSHAKE_TRAFFIC_SECRET 081c267bfd81c54c834a381378e6257dd39fb2ce0486268d2eb883ff36cf22d4 ba476e909215d1dfbe0d23fe37e6b947beaceb6007882d743a214183856cc5c2653e27d1d32dbd44e13e27ae750d8d72
CLIENT_HANDSHAKE_TRAFFIC_SECRET 9970b584466d231e11ad967bd994b48b872e3af85a4b361d54a08198c3698acb d806b57670d373a25162d416effdc868f646e849fddddc390943a7d193757504ab12f2367a0c4facd4c1e31eb03ecb62
SERVER_HANDSHAKE_TRAFFIC_SECRET 9970b584466d231e11ad967bd994b48b872e3af85a4b361d54a08198c3698acb 1c6c760bcd88f9903bb91e2038fba223a3af8c67fdcd746df1c6333d1ff9ae127b1e98b39e3488823796e052c7df39b3
CLIENT_TRAFFIC_SECRET_0 081c267bfd81c54c834a381378e6257dd39fb2ce0486268d2eb883ff36cf22d4 d20b57affc29fe4e139aa23e1bdfca50da3fa89be7bfa0fa070ae04ac5383159d2de4635b09c6dc53e288b81f5fe6179
SERVER_TRAFFIC_SECRET_0 081c267bfd81c54c834a381378e6257dd39fb2ce0486268d2eb883ff36cf22d4 8e4ebe66e06f4158766b4f9f649957877a21a0d83d766aed862ed78aea94d66b39b8f7145d4a7123a4dff61fced7433d
EXPORTER_SECRET 081c267bfd81c54c834a381378e6257dd39fb2ce0486268d2eb883ff36cf22d4 018d71510fe0008f4e893bdcf16c377aa63fa22b8b588882dc1af59bdc1fd5861e8bdf9e204f80ba731e235b0a77f9cf
CLIENT_TRAFFIC_SECRET_0 9970b584466d231e11ad967bd994b48b872e3af85a4b361d54a08198c3698acb cd5ae4aacdf56d06335a4f345b9f7bef9d217354864f5baae6be21eb3a9d402d21032c28c593c075bb25953fa035c672
SERVER_TRAFFIC_SECRET_0 9970b584466d231e11ad967bd994b48b872e3af85a4b361d54a08198c3698acb 30922f4542099f1bad15cf50c1c5c68f0857180241f916614faa526bb57d3aa27a6e615d354d13aa59e43566b74fd40f
EXPORTER_SECRET 9970b584466d231e11ad967bd994b48b872e3af85a4b361d54a08198c3698acb 8a4826b7f24a6908996755fbaa74902505522e29416b38db7c7a7bc4109b10e09b602210cb080cdf3169dcd5b089bb64
CLIENT_HANDSHAKE_TRAFFIC_SECRET 3bdd701bcc3e53252653bf699588990097c48dae5b82fb8a982996da13db666e fa1ddaa4bf9f494cd5f6e3fa2d83cc3070e4ded1ab1af91d9d563747f9974af7f575d6e636d4024daee43c8b4e55d531
SERVER_HANDSHAKE_TRAFFIC_SECRET 3bdd701bcc3e53252653bf699588990097c48dae5b82fb8a982996da13db666e 1ebdf26bedba4f426f805c600414adb23711972c02e7b84cb5131290d3785e745f124d41a0246f2ca3e0910ebd490e02
CLIENT_TRAFFIC_SECRET_0 3bdd701bcc3e53252653bf699588990097c48dae5b82fb8a982996da13db666e f6d9a68422286d12a479063e8e610d501a910fb82daa872dd58af5be1f509f89ff70d77b0064a545082e887655413c08
SERVER_TRAFFIC_SECRET_0 3bdd701bcc3e53252653bf699588990097c48dae5b82fb8a982996da13db666e e878ad389ee6f32314c5c581af89fdb4bd2a41722e6693bb6f72770863ef1ef2b14ed54e2658ff3810a18f490893ca59
EXPORTER_SECRET 3bdd701bcc3e53252653bf699588990097c48dae5b82fb8a982996da13db666e d6b84cecb1276b91b38e4313eb4db15b6510997bf0d15c178c165a44a0e6a1258b23dc0adf2b117c633fa48703248e82
CLIENT_RANDOM d9d0fa9aa3129c341b97bf4e6c91501ba23d7c9e7236acc94e5cfbf2cbc2e1f1 f3ef4cb4f23144a0d42664a372dc9aaf7a26fc8e79a009027431bbde9e52c977bf1b85febbca38858ebdb6b0314ef140
CLIENT_HANDSHAKE_TRAFFIC_SECRET 26c7ee9eb4b46f1919f8cb297dd91f0f4dda8f958e04d49ffe77d8d2086406ac 3d47f854ac72bfa504010826d08f541f14e8e514f6a4e5fd0b1cfc5123c9d84b4bb63d74c53cbc42dc6d75503a8b0e39
SERVER_HANDSHAKE_TRAFFIC_SECRET 26c7ee9eb4b46f1919f8cb297dd91f0f4dda8f958e04d49ffe77d8d2086406ac 0576bd5e790793c76c9555ed9f45506640e9ef3a1c8d26e83111159337918e365091f5958afd5d3ca58fb89b30dbff32
CLIENT_TRAFFIC_SECRET_0 26c7ee9eb4b46f1919f8cb297dd91f0f4dda8f958e04d49ffe77d8d2086406ac 120771be91c02d04ea53f30ac79ff4c84732bb2712ae5e7a654e7b96ed1a6d528d1d69803972bdcb7dba7b67834ab4ab
SERVER_TRAFFIC_SECRET_0 26c7ee9eb4b46f1919f8cb297dd91f0f4dda8f958e04d49ffe77d8d2086406ac 87e435ebb4ba508ba9a91eb4b578570fd259b026bf05b0504ec0ba72fff9ae91c71caa7fb71f8c54018ade7c5fd8f0c5
EXPORTER_SECRET 26c7ee9eb4b46f1919f8cb297dd91f0f4dda8f958e04d49ffe77d8d2086406ac b3bec77a8b735ef6e13f312a73df0f09d323a40b387309ac93b7bf91eb6e6db3ec9406a2281cf20090f1abdc3581927e
CLIENT_HANDSHAKE_TRAFFIC_SECRET 240826de0ab42059aaa699556ab5d436c891f25a4a183aea412fffb91bd071ed c1ff7af4f58241bd14315724510554b7ea07c8187fbe2e1d3c6e015ba15ea9966330ed9e3504e3a5bb59b38b67fcc30a
SERVER_HANDSHAKE_TRAFFIC_SECRET 240826de0ab42059aaa699556ab5d436c891f25a4a183aea412fffb91bd071ed b460e0f375ea6e9cd531ce7fcca17d9c9f8836e0d236d2c57c9055e63ee157c00b685a003041a329bd0a892863e273a6
CLIENT_TRAFFIC_SECRET_0 240826de0ab42059aaa699556ab5d436c891f25a4a183aea412fffb91bd071ed 3b8d2651726ff9b856a61353fb88a18772be9e275a025d2d08854cebedba38ee29be22a22ace42702e472257576a2cda
SERVER_TRAFFIC_SECRET_0 240826de0ab42059aaa699556ab5d436c891f25a4a183aea412fffb91bd071ed 1bb1fcdb8ab6e45088c8047629d5c26a36fdb46bba7d93ab770ea5d398192b7ff8cfe9ea998fed8d8051c840c27ae7d6
EXPORTER_SECRET 240826de0ab42059aaa699556ab5d436c891f25a4a183aea412fffb91bd071ed a9ad6c4506c4a4809463bb78199d701c0e8ed6da41981cb7330e2a6976f0efa96e286b21791ecc610aff7f28e208faf6
CLIENT_HANDSHAKE_TRAFFIC_SECRET 58e1c5dc8ea010538747e9e12f3c5b80e949925206e9b93d0f84689f608b8421 b5779de22c05317121f84c575f508e1cc7feaa04e8173cedb00f5306cc10c8026a8ff259598bf66b76301589778ebce5
SERVER_HANDSHAKE_TRAFFIC_SECRET 58e1c5dc8ea010538747e9e12f3c5b80e949925206e9b93d0f84689f608b8421 728e1c2c48be0c61d21ea31d3698b9a5feaaee5793f339e61eee23c2e58ac9e9feb187afec8c97be67fdab725313dd11
CLIENT_TRAFFIC_SECRET_0 58e1c5dc8ea010538747e9e12f3c5b80e949925206e9b93d0f84689f608b8421 6171ad080843370f12e0cda0062acaa276f9b425359184386856d9c772f110cc885f4312f6bcbd7de708d750c92e7681
SERVER_TRAFFIC_SECRET_0 58e1c5dc8ea010538747e9e12f3c5b80e949925206e9b93d0f84689f608b8421 4f40f6b65e5ea6aab982783d4bd529f0417a89c5857df33665859e5ac47c130677aa83eda7a442c08c287da455303bfd
EXPORTER_SECRET 58e1c5dc8ea010538747e9e12f3c5b80e949925206e9b93d0f84689f608b8421 f23f8006edf9ba2b94f4e452e24aaeb1b67088c64d6a54c96298917871937c60374ced0b70e12ba893f660cafcf0bd89
CLIENT_HANDSHAKE_TRAFFIC_SECRET 8710431db790eabfb865a3b1d478232d7de72658f54411117c2fa1f8f7bbfcf4 a2b8a5109504ac9af5ce63ec34ac20272bdeaa4920576b097f85fcc2842cd2bdf7749c1a22f2a880b113b254dce7c672
SERVER_HANDSHAKE_TRAFFIC_SECRET 8710431db790eabfb865a3b1d478232d7de72658f54411117c2fa1f8f7bbfcf4 4cfc76f368ca42538dd963f88a57d37b8796d290943c1fda3ee2e7a09fc453416daaa739eacd7d09cac2a0bd42164b88
CLIENT_TRAFFIC_SECRET_0 8710431db790eabfb865a3b1d478232d7de72658f54411117c2fa1f8f7bbfcf4 45df1b2de1c65bbb348033232bd45cee5b2f11111a64114d9cb7b6c27c0698a5fa267f854f1ad4d4b6e8ee5180a4108a
SERVER_TRAFFIC_SECRET_0 8710431db790eabfb865a3b1d478232d7de72658f54411117c2fa1f8f7bbfcf4 2ed817d5b75770b6f93f5eaeebd8652fbccb5d07d6d92864d57dd33105310ef980a946a13ea7b64275d9a08a3ac87792
EXPORTER_SECRET 8710431db790eabfb865a3b1d478232d7de72658f54411117c2fa1f8f7bbfcf4 4a699dbe99d0444d53676d15cd62fa5c8d94088a9338fea7c5d581debadf5bd317add4a70f602c15ce40c8c2b18d2515
CLIENT_HANDSHAKE_TRAFFIC_SECRET 7035d80e46c274a7564680050c41a3dd1bfe102b8c475760b2eb6834c3132a8c 0bccf77220f3cfda752aba25d199b8441d1140f2f757cafc3a6cbb3a017272f5f2dbe2a170611d20c7325c238eee2b63
SERVER_HANDSHAKE_TRAFFIC_SECRET 7035d80e46c274a7564680050c41a3dd1bfe102b8c475760b2eb6834c3132a8c 834f688cdfacdb022ac789187ea278523e8e199b29cd75f7af51a3d17337c7999c15a9366f40747cb4cb26d5c90258d4
CLIENT_TRAFFIC_SECRET_0 7035d80e46c274a7564680050c41a3dd1bfe102b8c475760b2eb6834c3132a8c 398c6aa8b54912c4a37ca6a3e34fec5b4d9e537b508bea9439fad6677ea41d8c652b18aa0f0ab0dd8b851eac0d35ea77
SERVER_TRAFFIC_SECRET_0 7035d80e46c274a7564680050c41a3dd1bfe102b8c475760b2eb6834c3132a8c a8d3434200f753c6aa5bf0f872c4d9077c6fc3cfbb67b6cf3a4ea9f819bc467e60345ab4412632e0620e9a3d7ff2abe0
EXPORTER_SECRET 7035d80e46c274a7564680050c41a3dd1bfe102b8c475760b2eb6834c3132a8c c60909362492ae07cd252ab2c3144a404aac95c3681ec0bc938cae7f096a0c4cbd9c9d80d9e4f85605fc8fb97de2a5c8
CLIENT_RANDOM 566bb558a083bc20eb813003a86430ac92497ac4f2a60d666d48a4d05173d340 f2fafb6261414407435f22fd644b16385d0a4656d7aba4fc602cfbd89f766a937763b7463ac2ae7667337eea2de6fb66
