# SSL/TLS secrets log file, generated by NSS
CLIENT_RANDOM 2dbfd268329bc220f0f819241d6a87e04a53979b8359d5c989ecb4422f7c1cca 3dedb45c91f39e73ac0699c3911f80642af142d967b63a467c3f8f8b5c23231787696ab90061649636ffd3fc0bc14fcf
CLIENT_HANDSHAKE_TRAFFIC_SECRET e16f144732b533c44f82a2b251deb68eecddfe057452eeb71bf67fa2564e2b49 e61348422c1bc5ccb060bc7666b9dbd79c26e9f31dfe8f01d63a41b52a70b8dc
SERVER_HANDSHAKE_TRAFFIC_SECRET e16f144732b533c44f82a2b251deb68eecddfe057452eeb71bf67fa2564e2b49 f41572420723686a9fe41a9fe2c41c01c424d66dbed15aef00f75b4e4a33949d
CLIENT_RANDOM 4a6c5f4d7a43116e05f54cd0ff56be9929d68f5f04c7bfa5b6b292a0f629ae00 4c2da370935346c83f46038fe4a8838dc4c60de97c6d8b14a30a382df0064f3b85eeb43a098d46d29b26644bfe52a8ed
CLIENT_TRAFFIC_SECRET_0 e16f144732b533c44f82a2b251deb68eecddfe057452eeb71bf67fa2564e2b49 a53f9c66abb1294bb3fe80b7fbc868c0052cb50bd14ccc175106f8cd4b7ebad2
SERVER_TRAFFIC_SECRET_0 e16f144732b533c44f82a2b251deb68eecddfe057452eeb71bf67fa2564e2b49 1727c706f38ec9bf47f645f5f9ba947fcb39ddc731c69f8a55c43cfd38eb3515
EXPORTER_SECRET e16f144732b533c44f82a2b251deb68eecddfe057452eeb71bf67fa2564e2b49 9885af3c20560464afb85a0c413a25f16d7f53a59368649e553c55ffd1c84905
CLIENT_HANDSHAKE_TRAFFIC_SECRET a9cee0b85807ea401f2ed04a5f39c0255dc3c2daa0c3ee72674928f62a82292f 18b05c5b1d024136179e7ec79c55a7661289fb8657d7ba49bf5277194725f108974777d68f95c943b84d854cc0607c69
SERVER_HANDSHAKE_TRAFFIC_SECRET a9cee0b85807ea401f2ed04a5f39c0255dc3c2daa0c3ee72674928f62a82292f cafeaa0b4baa90a3da22e10e080436641dba94160d0df0f8c396a876cf6c035592c0aa6469488d7c3589859caf16ad46
CLIENT_TRAFFIC_SECRET_0 a9cee0b85807ea401f2ed04a5f39c0255dc3c2daa0c3ee72674928f62a82292f d235dc26b295056c75b83b39503352c73f53cd9b3ee052bfa5aaf268dcbd89a8d493b873bcecc5206d2a9969a27f86b4
SERVER_TRAFFIC_SECRET_0 a9cee0b85807ea401f2ed04a5f39c0255dc3c2daa0c3ee72674928f62a82292f ffedd392d2416b322675d3a77b0c1faba1064817008ff0023c9c53811c3d5bf8ecd964da036700bae214e838dc17a727
EXPORTER_SECRET a9cee0b85807ea401f2ed04a5f39c0255dc3c2daa0c3ee72674928f62a82292f 58320758dd820dff03cb7140724e98bc87c23fe40d978a88f0908e591887c74d7d1911da7f12e23ca4786e6c23a1707d
CLIENT_HANDSHAKE_TRAFFIC_SECRET 47817f5a61a6ace93f46f7a0e9a6c235058522fef96212c063dba04326482f69 824f0972a08a36a3aa9ccc8f9f4ec29e961592f05383cb75c434b6c4d838907f
SERVER_HANDSHAKE_TRAFFIC_SECRET 47817f5a61a6ace93f46f7a0e9a6c235058522fef96212c063dba04326482f69 448e4f1720578b9823749de86a40ddf34f89bdfef145a30e260c4a526b4471ea
CLIENT_TRAFFIC_SECRET_0 47817f5a61a6ace93f46f7a0e9a6c235058522fef96212c063dba04326482f69 097470d6311c545f582024a1381addbfa4a5b34038a51fb099ef3d046d2b1dd8
SERVER_TRAFFIC_SECRET_0 47817f5a61a6ace93f46f7a0e9a6c235058522fef96212c063dba04326482f69 5482350def6f31d4cc7f57165a98f00810ca787a832cac7785988fe0d3abb32c
EXPORTER_SECRET 47817f5a61a6ace93f46f7a0e9a6c235058522fef96212c063dba04326482f69 e93cb1b9b3cce66240fc58b6fe03feb674044b50773c37a3396e9751b2c60773
CLIENT_HANDSHAKE_TRAFFIC_SECRET 3844ebb8c9aeaff32c17110762a517e84ddf331b9f77d0c0012c4df7061544f2 273d30337279153e055d993cec12e04bdbca88536e7258e6104696e38f805976
SERVER_HANDSHAKE_TRAFFIC_SECRET 3844ebb8c9aeaff32c17110762a517e84ddf331b9f77d0c0012c4df7061544f2 e14796cdae95edf08403a888385022b4de583609a69c23c370c51551aff529ec
CLIENT_TRAFFIC_SECRET_0 3844ebb8c9aeaff32c17110762a517e84ddf331b9f77d0c0012c4df7061544f2 02bc0568a1cf7959da83c778409688343f914361bd9ebb54de0365e11547ba33
SERVER_TRAFFIC_SECRET_0 3844ebb8c9aeaff32c17110762a517e84ddf331b9f77d0c0012c4df7061544f2 318f2f4e9b6e74c76ad977d9a3be78d039faaea7e09e26f4ecbb01d5e18a31a4
EXPORTER_SECRET 3844ebb8c9aeaff32c17110762a517e84ddf331b9f77d0c0012c4df7061544f2 c062fd22bc501c0e6a9de73c7413779eccb2531256704a2edb7e108502908ab8
CLIENT_HANDSHAKE_TRAFFIC_SECRET ff08f7cd9fce372e3913ad92d10504b8aae3407c18c6c0f1fd0b52bbe9afd586 7d5c6273ecff6da04c6bb08628c9b9ecc0d58826b8170dfec93a4165e1f89899
SERVER_HANDSHAKE_TRAFFIC_SECRET ff08f7cd9fce372e3913ad92d10504b8aae3407c18c6c0f1fd0b52bbe9afd586 2bb0006e48d084de076685b477d8fbacc029dd84d2c15a848bf6432ad573b970
CLIENT_TRAFFIC_SECRET_0 ff08f7cd9fce372e3913ad92d10504b8aae3407c18c6c0f1fd0b52bbe9afd586 ffc67cb6da90edb5d6b19ce0d1538c62ce082f4c11a3e20604d02d3440f0062e
SERVER_TRAFFIC_SECRET_0 ff08f7cd9fce372e3913ad92d10504b8aae3407c18c6c0f1fd0b52bbe9afd586 57001c74eb7da26d28fef5b021f6f0aa0df30d2d134e5def73d5a18749c58b72
EXPORTER_SECRET ff08f7cd9fce372e3913ad92d10504b8aae3407c18c6c0f1fd0b52bbe9afd586 e882ebc5e7c407248c5ccb71659439146235d07c9a62023840317a2438b190e3
CLIENT_HANDSHAKE_TRAFFIC_SECRET 63993c2a73aca1090cb1d01739ead7061cf4d68eccc0b6659d8890a7a67ff234 442459b0448334f3c8d2c31dbac53e31ebbb7fc33747c96c41de953d4bd9f57f
SERVER_HANDSHAKE_TRAFFIC_SECRET 63993c2a73aca1090cb1d01739ead7061cf4d68eccc0b6659d8890a7a67ff234 3da2f3f5ebe4e1d09ed0fcfee116e718950bf562f875d5411c2ea3c55150de80
CLIENT_TRAFFIC_SECRET_0 63993c2a73aca1090cb1d01739ead7061cf4d68eccc0b6659d8890a7a67ff234 6adeef1167be7d582d86294b80267364fcb3fb1275d482ab69c1df9b422d7261
SERVER_TRAFFIC_SECRET_0 63993c2a73aca1090cb1d01739ead7061cf4d68eccc0b6659d8890a7a67ff234 fdaa0a5d7e6bc5a7b4fbb3b8971cc616f7aad90ce8bd77b6ead69c72137263f6
EXPORTER_SECRET 63993c2a73aca1090cb1d01739ead7061cf4d68eccc0b6659d8890a7a67ff234 ff2a1da9d507a730295ed1d1868fa6cf38f6fec725c12b7b6f8900eeb4831479
CLIENT_HANDSHAKE_TRAFFIC_SECRET 15df918e753100eb52220ee759abbb4136f8df5792642dc082b6479541e10dd3 3a7981c25619c40685d00f6e79da0a96a6d8528dafb7d370ba66286863a0d2bc
SERVER_HANDSHAKE_TRAFFIC_SECRET 15df918e753100eb52220ee759abbb4136f8df5792642dc082b6479541e10dd3 749ee16690953bbb9e9141a20cc6a6e7b91a228eb862e43b70d63ea7ccb6cb2c
CLIENT_HANDSHAKE_TRAFFIC_SECRET a46187f15161c9cda148ae2fc3ec02b170a0ac648c861a73af216306bb9d5f14 482890b06beb64c552860c8683ba9bc56cdc3bebe4e20aeaa4ee0fe625d71c72
SERVER_HANDSHAKE_TRAFFIC_SECRET a46187f15161c9cda148ae2fc3ec02b170a0ac648c861a73af216306bb9d5f14 aeb8463768160174febf913bb48a37ed4832056b8a171a04a68168d7d45e1789
CLIENT_TRAFFIC_SECRET_0 15df918e753100eb52220ee759abbb4136f8df5792642dc082b6479541e10dd3 ab85fd56288b996335ddf96cd4973f2f2366c9aa3fa7e2e3a61454ba62c7126c
SERVER_TRAFFIC_SECRET_0 15df918e753100eb52220ee759abbb4136f8df5792642dc082b6479541e10dd3 d5956cbf0f4c9459065cfb70c37a3e0dfb8ece6dd9025cd994d0fd47902abd9a
EXPORTER_SECRET 15df918e753100eb52220ee759abbb4136f8df5792642dc082b6479541e10dd3 231b9924bee10155d82d62086326cf1bc94b6d0f21ee6c6704abf013dc00053b
CLIENT_TRAFFIC_SECRET_0 a46187f15161c9cda148ae2fc3ec02b170a0ac648c861a73af216306bb9d5f14 efd52f42094c2ca0ed28312dd3371f44e78d8318d5f0af8ba754970bc9ba46a0
SERVER_TRAFFIC_SECRET_0 a46187f15161c9cda148ae2fc3ec02b170a0ac648c861a73af216306bb9d5f14 448c92a8e336b3b52f35baaded46a0753654f3d7166dabab6d6cfad4af1c7f15
EXPORTER_SECRET a46187f15161c9cda148ae2fc3ec02b170a0ac648c861a73af216306bb9d5f14 b40043443af4acefc63ddb6666e1108727b522b82b17cdf44c10f2f13a99d8fe
CLIENT_HANDSHAKE_TRAFFIC_SECRET 2cd1d916b9d15504b7dabfdd45ccc51c3cf751063525eb35710aa79275860ae0 de34a914bfcdb12b55ca9f12024ccf2574204d7b1c7fe9303ce40ed3423084cc
SERVER_HANDSHAKE_TRAFFIC_SECRET 2cd1d916b9d15504b7dabfdd45ccc51c3cf751063525eb35710aa79275860ae0 036267335d319023d05e25019847c7137a8d2d5f400c4d2f7f704a44260387c1
CLIENT_TRAFFIC_SECRET_0 2cd1d916b9d15504b7dabfdd45ccc51c3cf751063525eb35710aa79275860ae0 027f8fb9c4623bf822024884d4e33119ff61bbbf42fbe2f2f76dc632efbf5699
SERVER_TRAFFIC_SECRET_0 2cd1d916b9d15504b7dabfdd45ccc51c3cf751063525eb35710aa79275860ae0 b2d1085cb228b853ce06f84152c527161352206087e6aeb4e04ab84cddbd9eca
EXPORTER_SECRET 2cd1d916b9d15504b7dabfdd45ccc51c3cf751063525eb35710aa79275860ae0 1c07b4d7fb6983e92b05420d318e842fd353d37ffb41b7306c02110762e7706d
CLIENT_HANDSHAKE_TRAFFIC_SECRET f2ee0db5d3f6730aef6dee6b844306087a0abe22196046202532c15c9048e413 bbcf95fcef988cf5451571efb09139b4008723a0a749eb917fb509f1693b614d
SERVER_HANDSHAKE_TRAFFIC_SECRET f2ee0db5d3f6730aef6dee6b844306087a0abe22196046202532c15c9048e413 6eb207d63748d82481595927c02a5437b5b0a61aeadcb9919c3e0e79a21cd76f
CLIENT_TRAFFIC_SECRET_0 f2ee0db5d3f6730aef6dee6b844306087a0abe22196046202532c15c9048e413 76feab4e448c8715a0af561f4762d3d154fd0ba41ea2731ecf3a74e9eaa15252
SERVER_TRAFFIC_SECRET_0 f2ee0db5d3f6730aef6dee6b844306087a0abe22196046202532c15c9048e413 8abd265aedc9943eac79833fd2cd6601407ada4dc095cf668312f34cc5519323
EXPORTER_SECRET f2ee0db5d3f6730aef6dee6b844306087a0abe22196046202532c15c9048e413 1e5610b78e42baf7ae92132eaa716c14842ce8100c3fd5fd4fd3f974fa1663a0
CLIENT_HANDSHAKE_TRAFFIC_SECRET 78ad9498e20feb88ce9275afbee710323dda501c0bdfd97f132a1ea2f8d459a5 993b1ef9c9d9723b44fb134c6fe4c6ca04c4aaf3f6bb37886d589d79eae45235
SERVER_HANDSHAKE_TRAFFIC_SECRET 78ad9498e20feb88ce9275afbee710323dda501c0bdfd97f132a1ea2f8d459a5 1802a4c86713686a2dc5714490348d656d9001e255ef6cc570a18c83ae6d0be1
CLIENT_TRAFFIC_SECRET_0 78ad9498e20feb88ce9275afbee710323dda501c0bdfd97f132a1ea2f8d459a5 551282aa3ce3a1563d15fd05b8c1513db2758b460a754a95627e6028115d2288
SERVER_TRAFFIC_SECRET_0 78ad9498e20feb88ce9275afbee710323dda501c0bdfd97f132a1ea2f8d459a5 ab592d242ca52adac4a1e8fa5bf0c03f96427ce68715f5dfd52e83b5966254b5
EXPORTER_SECRET 78ad9498e20feb88ce9275afbee710323dda501c0bdfd97f132a1ea2f8d459a5 e13975d0548c4d23c02d571f835a1885a806c3f55a85dddbd217c67ad025aab1
CLIENT_RANDOM 14054f5af23ca12b3d05aedfc14dd0ac5d2d23fc4b082bc0c782e4a86ba7d46b 5120ce79fff8576a2ed7f444e0258220458553495a9928ad2a46e4a8f7997d260a37a24cc765d1d6e4ea9e79911a1373
CLIENT_HANDSHAKE_TRAFFIC_SECRET fcf8cbcb0ede4744b6575e8279c653c3fe98fd7eba4e2431755c1c806367052e 08fbc8faea309a9863a7a3c9782d87f4c6f72782268e1d1f61aef5e4a26afc61
SERVER_HANDSHAKE_TRAFFIC_SECRET fcf8cbcb0ede4744b6575e8279c653c3fe98fd7eba4e2431755c1c806367052e 67d22893b6ff088ded99f300eb1c2620262b11108c8a96673f21c414489c5f5d
CLIENT_TRAFFIC_SECRET_0 fcf8cbcb0ede4744b6575e8279c653c3fe98fd7eba4e2431755c1c806367052e 53ee1b8c1550adf1507e7c90dfb2947c07a2094f4c076531fdd39b098dfc800e
SERVER_TRAFFIC_SECRET_0 fcf8cbcb0ede4744b6575e8279c653c3fe98fd7eba4e2431755c1c806367052e 1903b07013d4588ee1bfa8d10653be56cc5f94408089570c48b6b7ef161c74b3
EXPORTER_SECRET fcf8cbcb0ede4744b6575e8279c653c3fe98fd7eba4e2431755c1c806367052e cb337946a1332978b5aa96b9e6ba81885591db7edd9cf4aadf3119719c2f331b
CLIENT_RANDOM 5ea1accf1dc37e9106f36952f47c60dc0a283c7db75931c24b222adba28e6e3e c157ab8b286501d0781863dcffa09525bb95bed268134f031a69a707b84af1af99678ac04f554c0add3aa6b20bb475c4
CLIENT_RANDOM 0925e96885bd19cc8c420faae2f121d8f22c9714ce14003da57f20cb08d636ad 3279d254064d6356cf47581a01e456df177cf3dfbd5a4d3b6190bcd889180b6d0c91f5617d5aba54f5ce5b8f37e75e61
CLIENT_HANDSHAKE_TRAFFIC_SECRET 53cd9f61aab50393a5ab8402615886e0424ba649f83b5666b057605ea89b6fa1 8b9899bfdc397dc0e14c2b060dd1533cb5119d0dde3c7b96c68364a0144f05329dea635506b2ff12e7bf31be5645e204
SERVER_HANDSHAKE_TRAFFIC_SECRET 53cd9f61aab50393a5ab8402615886e0424ba649f83b5666b057605ea89b6fa1 067517341c21bdaa0046c40c548502fb92ea0ba59bc7951691792df985dc9b31269dd1c4b315b2633e504c04901a66f7
CLIENT_RANDOM 4200ae13e5d3565eee1fa06cddf68336d72bfdc9038626af8f351fac61729fb2 051fb9cf8f9107116422c860587be9feae90b92ff14a0268b6bb76c9451888ac6c1a27ef7e35a2bb114af64d053a63f6
CLIENT_HANDSHAKE_TRAFFIC_SECRET b197b7d295f094b2660b5dab5bcff2ecdd0de2277174235f8e069bac1540b56a 6da85af5664aa75471882e03c8caad8677b26b5e20caa0c7136e033be2b533b16ebaf7937385297457b67b0f27aa0213
SERVER_HANDSHAKE_TRAFFIC_SECRET b197b7d295f094b2660b5dab5bcff2ecdd0de2277174235f8e069bac1540b56a 1f2ae9ce75bff2ea776822c1b3b9fe712c1830113549fa4078412162e5e3829ed221ee298e2705482f515a4e1b94cd4d
CLIENT_TRAFFIC_SECRET_0 b197b7d295f094b2660b5dab5bcff2ecdd0de2277174235f8e069bac1540b56a ea7a20996cb8f277479725641b76024aab1edbb5f95bafdf030474153847f3e88f4078f7c945f298be92102d8d7c6385
SERVER_TRAFFIC_SECRET_0 b197b7d295f094b2660b5dab5bcff2ecdd0de2277174235f8e069bac1540b56a c117a45a1ae148b8cbb41db3b42c36bf4bf90b640e072393021549eab9b32a5a63f337e3093f9fe9474563f46b680855
EXPORTER_SECRET b197b7d295f094b2660b5dab5bcff2ecdd0de2277174235f8e069bac1540b56a 6031c88a6dab87317ec7ff4bd95604eaabbc59b6d7c4a65c35c8b771cc1554fda3667c0df5b8b692c3569162cda951b3
CLIENT_HANDSHAKE_TRAFFIC_SECRET 557fee715ae1bdde9c9f952ad024e93de71fed1f8dafca775fa92596e829e24e 295bee80ae179c219e179e645e3cfee7c59e81c768e8c217f2f856c5ad45658605e5411ab30ea0fead4084e30b097a9e
SERVER_HANDSHAKE_TRAFFIC_SECRET 557fee715ae1bdde9c9f952ad024e93de71fed1f8dafca775fa92596e829e24e 94f9c245c5427086a60c0c2a6b4a54fbf96a58d0de1a4ac7fc4f38f0d2e8264661d7422b3c99f21eaaf01d037a6c9610
CLIENT_TRAFFIC_SECRET_0 557fee715ae1bdde9c9f952ad024e93de71fed1f8dafca775fa92596e829e24e 91184134b1cd5826a7f28b35fb5ce2056bcab8fea672e9dc1ba927444476ebcb4fcf0558f07b104e8c5ce44d07facef6
SERVER_TRAFFIC_SECRET_0 557fee715ae1bdde9c9f952ad024e93de71fed1f8dafca775fa92596e829e24e 2a7cc609dcac35f479bdc73835e6115c5457afa8f110a538ba51bc1a8f695f1074e5a68a8d1d9836ae123c41a13cf076
EXPORTER_SECRET 557fee715ae1bdde9c9f952ad024e93de71fed1f8dafca775fa92596e829e24e 0a7f470ad6b2fbf79ed5758f2a73e946b073272a9a29f3d7cd9fa12b5e48594c90cac858afed22ead2f834871a1a8f5b
CLIENT_HANDSHAKE_TRAFFIC_SECRET 2f4c13da045f8193b137d15fe564d1dfd611d569fd5b6a80b722ee0ab92d47ef f654156b74db27b0d110c5991f72afaa8166d7648a02a93e250d8fe470abb525fa1408fc62cede89ad39d967859af7a5
SERVER_HANDSHAKE_TRAFFIC_SECRET 2f4c13da045f8193b137d15fe564d1dfd611d569fd5b6a80b722ee0ab92d47ef 5085a5c177f33862c8efe89fab967a6a2f189d1cbaa1030a64f3a357329606857e92ebe893bace0675c1026f6df7a319
CLIENT_HANDSHAKE_TRAFFIC_SECRET 841766fd585a405d81bfe04bea57e71949bc022a091115f659bdd5e6c960a1c4 2c7c3c0cd20d6d6626aeaae2e208caa74ec85341328b92a39cb436299ab0f2d2b6eb1fd6b3d008c5e8cea3a866c99540
SERVER_HANDSHAKE_TRAFFIC_SECRET 841766fd585a405d81bfe04bea57e71949bc022a091115f659bdd5e6c960a1c4 37c968699ff7b1b1942ea3e31bacb2fd6f8cc58643f4493717337e8b7719df602151eb6477d58526c6026bfd3d1c5eba
CLIENT_HANDSHAKE_TRAFFIC_SECRET 688a5e5f5fcf6a6881418f56f32e43ce8f26a47c98f371b4f7aab079ab891808 9aac7f72d3b8a59103306339b22c5d06aa56524412920bbcb4dae1f62ba68df3b435d26f47401acab7b73fb09e1b06f7
SERVER_HANDSHAKE_TRAFFIC_SECRET 688a5e5f5fcf6a6881418f56f32e43ce8f26a47c98f371b4f7aab079ab891808 126d9914af9e4ebf8be804913df5ce766434458c74fbe4f9adab112991439516a3e89571586c2781214c9ca04020da2d
CLIENT_HANDSHAKE_TRAFFIC_SECRET 68f7064e4013a270d8d1b0cc23783441336137671b2469c03c150397c938332d 4148977ab1a0f51bf55884ef3501e7a162e4f7a13615fb51fa8dea713e90c4c03185fcd09e08f0cfeac6abbbeba8c530
SERVER_HANDSHAKE_TRAFFIC_SECRET 68f7064e4013a270d8d1b0cc23783441336137671b2469c03c150397c938332d ba6f19d3669b47ebaded87c266e9afe2fc18c9ac00b73019e42e07e122b9056085dc237a45ac875c8a80829ab3735a41
CLIENT_TRAFFIC_SECRET_0 2f4c13da045f8193b137d15fe564d1dfd611d569fd5b6a80b722ee0ab92d47ef c0aa004468d5e4de84c1aec47565acf3581d772859a78a2267c5529dd9919a1a0edd30e663e1734c96d5810808763648
SERVER_TRAFFIC_SECRET_0 2f4c13da045f8193b137d15fe564d1dfd611d569fd5b6a80b722ee0ab92d47ef b92e119285a20e75a21cdec71ac9529484e2bf9f4cc6603eb6754a2b5b3ce4e84852074e237d9de251cd364357fafd9d
EXPORTER_SECRET 2f4c13da045f8193b137d15fe564d1dfd611d569fd5b6a80b722ee0ab92d47ef 73d1652e70f888a4bbbc793f947e53e5529a0936ff35517cd25d34944603d9618e4d93bd2277731ede0d4266871c281b
CLIENT_TRAFFIC_SECRET_0 841766fd585a405d81bfe04bea57e71949bc022a091115f659bdd5e6c960a1c4 4f306a0933d53c83e26d795774d9afb75278505fee76115f186ac390daf564d58fbd732582ee06fc4c5a97d888bd5841
SERVER_TRAFFIC_SECRET_0 841766fd585a405d81bfe04bea57e71949bc022a091115f659bdd5e6c960a1c4 5d0f8951c54955887ed2d07e8903e0af0cff6e3165cd2b5671402c2c1b89066f251d671b468e19be9571a3b841ff5111
EXPORTER_SECRET 841766fd585a405d81bfe04bea57e71949bc022a091115f659bdd5e6c960a1c4 9f9131509e50d8981a4c655500caf59e823d589805a170ad5bced5ce4c4bf0ebd09ba308df7859bac75e2119d3d41b11
CLIENT_TRAFFIC_SECRET_0 688a5e5f5fcf6a6881418f56f32e43ce8f26a47c98f371b4f7aab079ab891808 0fc12ee8fe2e91f51b9d9f8e93b521aeb6feee8737f75374d04ddea3ca9250c23ca32825abbef5f131cf81f4e1b16cb4
SERVER_TRAFFIC_SECRET_0 688a5e5f5fcf6a6881418f56f32e43ce8f26a47c98f371b4f7aab079ab891808 17ee23e552d4eea30a8c4cfe89a924bd7cf7b633e300cf1882a5d4d3801b4c7ad5a09b8b448da01bd52ac3f324b65bef
EXPORTER_SECRET 688a5e5f5fcf6a6881418f56f32e43ce8f26a47c98f371b4f7aab079ab891808 75fe34fa3b725265e38ac3963af74ac46cc62a3a66068ec7eae19bf862412bc9fb94c476d3dcfeba832130afe4c0fded
CLIENT_TRAFFIC_SECRET_0 68f7064e4013a270d8d1b0cc23783441336137671b2469c03c150397c938332d da1251e14ca78591c1a42ee65c6c9577f297ea6b726d0a8b33b39f86ba7aeee234980bc1838a12ea25d09aad45f10329
SERVER_TRAFFIC_SECRET_0 68f7064e4013a270d8d1b0cc23783441336137671b2469c03c150397c938332d 5ebcbf856117981115ecc71daed3a3d207bc8c8ede0a673c0df20e40507cdeb6e452409b3f6d10c535b4f08aa0a12112
EXPORTER_SECRET 68f7064e4013a270d8d1b0cc23783441336137671b2469c03c150397c938332d 53558bd01d256a8d9d931c24d736b1def7e40b5b40330f56235b40e19460c72a35f03579f8a30daaf3c49c4381dae81d
CLIENT_HANDSHAKE_TRAFFIC_SECRET 2c6708182a875a186ec8092719a4911ea724ac602ad30298d2dd0a9518547594 eda65da4a471d20315a1a9e1aa33cbdb140cc34d0ae2d05f8ca27cb6dbfb22305f72e14b4158c33767b224546b149ee5
SERVER_HANDSHAKE_TRAFFIC_SECRET 2c6708182a875a186ec8092719a4911ea724ac602ad30298d2dd0a9518547594 cebd0d94cb4eb0a93065b3a49276fd5113e2c0428d4bc0d47d2b878ae3d78ad7d8873348a14e492e4c935f9d37be4ba7
CLIENT_TRAFFIC_SECRET_0 2c6708182a875a186ec8092719a4911ea724ac602ad30298d2dd0a9518547594 6c98f425ee75f7d959c574e64f016ad5ce810f34d7e9577ece8baf83184575b714c8a9e86e6a864b199f7b14dd68b02d
SERVER_TRAFFIC_SECRET_0 2c6708182a875a186ec8092719a4911ea724ac602ad30298d2dd0a9518547594 f3ef4668ca839a839f68a9884c8990d94982067b0d9736030398c59f490fb49987efd17f6bc76722e316537d29efd027
EXPORTER_SECRET 2c6708182a875a186ec8092719a4911ea724ac602ad30298d2dd0a9518547594 dd777252111d3e47ffcc1997d02ce7cce5983c84bea6cd4cf22a886bdc361d3d272ca0a33e51741913989d845af58cbc
CLIENT_HANDSHAKE_TRAFFIC_SECRET 068d40b7f911ef855403b1a1e08a25517772a5470195a60a716f4139eef1f5af 074a1b0737ef4297c06edd885433885741b04827d6c3c8181324305b5dd820f7ce4985ed5e311ba0a429703928ff5a93
SERVER_HANDSHAKE_TRAFFIC_SECRET 068d40b7f911ef855403b1a1e08a25517772a5470195a60a716f4139eef1f5af 95e8f338f177bc2920c802a3cf25227017fedf1fa650cb13abc7696e6e1195ae0d5bb63951fd2dc7c036dfc7536943d4
CLIENT_TRAFFIC_SECRET_0 068d40b7f911ef855403b1a1e08a25517772a5470195a60a716f4139eef1f5af e8aaf9598aabc014e6279201cfad2cd5c850b7af7f00a99155a7c401a2a0a789c296c99839c5cda8e7e3a5c5ccd8521c
SERVER_TRAFFIC_SECRET_0 068d40b7f911ef855403b1a1e08a25517772a5470195a60a716f4139eef1f5af a56b36735dbb4e7c32f60d1fea5e5e13162da5d8541f574493d1b502da2e8d296e9c9aa0d76df0cdffe01379fa338d1b
EXPORTER_SECRET 068d40b7f911ef855403b1a1e08a25517772a5470195a60a716f4139eef1f5af f14d93195ed5d90b2385ecb8c2c871502e1d1f46334bf080881faabb98aa0d1c390c52d3a9e099846e42353aa04551ae
CLIENT_RANDOM 2b1c6b082ca85a922ed0abd3a10162ddf23ec94141ddda7d2d52dfc24863cf77 9c852ef04914505af50209152f7c5a1c9862ab7dd3d58854b40f5c30b41a4021a3dd851392031ccaecccff532922ac79
CLIENT_RANDOM ee6f3c3d8dd7199856adeb9800ad4557665fe3dd233ada5c285e6ed8cd3d2370 ec9fdc1c742b8ee9e03ad40c09a094968964dc271f0a3448331ee0269108560c95613ddb4b6ba70c65617e979303bc35
CLIENT_HANDSHAKE_TRAFFIC_SECRET 79cd7c6a5eda9c2591baae87a370bac0ac4ff59abf1dbfd0296f285658134d07 7dc8da5cd22316ab7ecf89e502caf5905ac584c48dc1d72c798b440d1e7df045
SERVER_HANDSHAKE_TRAFFIC_SECRET 79cd7c6a5eda9c2591baae87a370bac0ac4ff59abf1dbfd0296f285658134d07 976560af0be61c4885ec09e549b8874292275f9349f4a147a88711c4450897c9
CLIENT_TRAFFIC_SECRET_0 79cd7c6a5eda9c2591baae87a370bac0ac4ff59abf1dbfd0296f285658134d07 eeb7d0f3d944a4e98fb36e858ee77b5b52a8c26d5d5bb2c468356c89563f1a3e
SERVER_TRAFFIC_SECRET_0 79cd7c6a5eda9c2591baae87a370bac0ac4ff59abf1dbfd0296f285658134d07 adfd7b6693ec7277c052234fd4e363b461c13699365329f98fc338865c0652ad
EXPORTER_SECRET 79cd7c6a5eda9c2591baae87a370bac0ac4ff59abf1dbfd0296f285658134d07 737dcc60baa510e604320370a5afbb430d3efe94ca2aa8c1960f03ee604ca3c1
CLIENT_HANDSHAKE_TRAFFIC_SECRET be330fe49317588dbe4672c6d9224cb8383180c13bde1a8299319373fd2cb1ba 2bdf6d831b6065215f7ed32f89bde6bc53fc3f91afc7a77d0f9c07079df4773c599a6db1ed4e7ba03400627ccde3c524
SERVER_HANDSHAKE_TRAFFIC_SECRET be330fe49317588dbe4672c6d9224cb8383180c13bde1a8299319373fd2cb1ba 04fa7d8f569756573eabb51461ddda8540a03d5ef98058c09787864c0e958f4608a7483e6d1d43e970aaf50c763c1b5f
CLIENT_HANDSHAKE_TRAFFIC_SECRET 1170f794b22e7bb73c2fdde36badcdafac6d408946e839341c987d9e63a93c25 8241da02769db1ba6f0c7547011268134ec8e7d337da714ac8b4dda21a63990bf1d98382847f57a7bda29c8b4ccb32b2
SERVER_HANDSHAKE_TRAFFIC_SECRET 1170f794b22e7bb73c2fdde36badcdafac6d408946e839341c987d9e63a93c25 623877145316589c4581ed7c9c270ef657ded493afd82de001db339b60ee48c9d93c084f4dc1c6ca59c9b38c0ac6501b
CLIENT_TRAFFIC_SECRET_0 be330fe49317588dbe4672c6d9224cb8383180c13bde1a8299319373fd2cb1ba e875eeec7b2fdfd43479cb5d28355678a37bd428096e353d286b69a019e1ea6533a95273f08ee4e4f0bef304a9092381
SERVER_TRAFFIC_SECRET_0 be330fe49317588dbe4672c6d9224cb8383180c13bde1a8299319373fd2cb1ba 51505faa93ff39f46bc78979525e92bb676e1d03d563a6846ca0d8e5016b375eb0ea3745516e475ee019b943442415e2
EXPORTER_SECRET be330fe49317588dbe4672c6d9224cb8383180c13bde1a8299319373fd2cb1ba d162849dbcb5850c31e7a6ab19bf76b059500b62744bd5fef9da9844990f75f5feb15205d5d947c113ca598186335058
CLIENT_HANDSHAKE_TRAFFIC_SECRET 1b6d1ab9ecdeca0b89fcb8af02307c39008839b0d9db3f55ef02484f27271ba2 b29104651da59affd6f710da89f9a7bdae537fb6e584dc969f6b3fb86268e50bde6abf4d3e619d71036a11c23a388d5e
SERVER_HANDSHAKE_TRAFFIC_SECRET 1b6d1ab9ecdeca0b89fcb8af02307c39008839b0d9db3f55ef02484f27271ba2 5a158e2292f81499e49d1bc7a7af25f6921316236af26dc0d5c448f59ad1a0d04212d04e4abcc50515ac31bd93e2422c
CLIENT_HANDSHAKE_TRAFFIC_SECRET 12beb0f157447f9386c28a1953abaf214506218d6a4fae51fc124d6894bd1f30 d8d34f677c8b1cdd9fe5e23cb19d7a00bbf54834ac148321ee6155de967f6331d86330a6ed79171dc940ca35d4f54711
SERVER_HANDSHAKE_TRAFFIC_SECRET 12beb0f157447f9386c28a1953abaf214506218d6a4fae51fc124d6894bd1f30 62f009516fe1ddac6230b82d2aa5931866705d4f27ace5680d12fa84a1abb1193f62ba77003287fbed900cabd44c03ba
CLIENT_TRAFFIC_SECRET_0 1170f794b22e7bb73c2fdde36badcdafac6d408946e839341c987d9e63a93c25 35b6c550aa5464e0f808de0ebe1077b0647ca4a8d96040e6080767ae15c719b098c041acde0bde252abcb382e0be29a9
SERVER_TRAFFIC_SECRET_0 1170f794b22e7bb73c2fdde36badcdafac6d408946e839341c987d9e63a93c25 7939c2e60e10117cde36c42aef2ee01ac6ccdab21b8a1cb662bfacaa5cb6e5d2050c371a0180cbbe437a54244d935af2
EXPORTER_SECRET 1170f794b22e7bb73c2fdde36badcdafac6d408946e839341c987d9e63a93c25 9f95d47ce422154f73b95b5b1cc84050b0f842fa2e138d69bbe3cf52ff53a2176e4552c01e8f9439ff7f13e1db2e0d95
CLIENT_HANDSHAKE_TRAFFIC_SECRET 0ea61246e5d9968b09cb9dab050c02bbb88cb4e92e1b68ee51534c9641b593f4 9fd7c83b999c4c2d67d7a9a31109e4442eb778873988aca94b79b5e7cbfb4d3029d5be3d5329a58355785b2e2c1886ad
SERVER_HANDSHAKE_TRAFFIC_SECRET 0ea61246e5d9968b09cb9dab050c02bbb88cb4e92e1b68ee51534c9641b593f4 3052250945a9250b54aa87a1cc98be1711c2f8dc4e08d495e0b05bd0c5bbcfbc939c67e139b0feba26ddea4536e73149
CLIENT_RANDOM 15bed09a73a11a88215fddbb2804bb1ea57e2811a870b9ea830cd95b8fcb87b3 cb7a2919cefa0cee5eab898f7051f4e2dd9f5cc29bb0ca480b10023eb1f39328e80a30893210da02ca8ae4cbc22fb7b9
CLIENT_HANDSHAKE_TRAFFIC_SECRET 301a747388553a330abeb06b9fe48a2e0cc8e3c1e2cb1ca5aa8161f6c89a2c94 ab35603829aa7eb84be1a95aa102c4ef4ba028d6cff3fd6e3da41b30e3bc6cd93f37d306ace736afe90db1ce48408d91
SERVER_HANDSHAKE_TRAFFIC_SECRET 301a747388553a330abeb06b9fe48a2e0cc8e3c1e2cb1ca5aa8161f6c89a2c94 87d8105ef05ebe451d7f72e34a24fb7362f3ec63e0b355bc55ecf3775f77424f185c9f9bc1041f1304aafc833a2f19fb
CLIENT_TRAFFIC_SECRET_0 12beb0f157447f9386c28a1953abaf214506218d6a4fae51fc124d6894bd1f30 b71cba48d2b8990b69edbc767a0a964e2632b3cb1fc26235ba72df9c62e13c6c16670e858ea2bf1e11a2b00448dd55eb
SERVER_TRAFFIC_SECRET_0 12beb0f157447f9386c28a1953abaf214506218d6a4fae51fc124d6894bd1f30 f7a810ac03449e102cff8eaeab90c1968c32d97b2b260979342b86f4a50df4d287ea6ec8abde050ea38f85bad18f7c00
EXPORTER_SECRET 12beb0f157447f9386c28a1953abaf214506218d6a4fae51fc124d6894bd1f30 8c5596654c4c28b1951a3b2788236c95f154ba1df3bb18e9a4739c512fb095adfb0c690d2a3263a612cf31b3aca72fcd
CLIENT_TRAFFIC_SECRET_0 0ea61246e5d9968b09cb9dab050c02bbb88cb4e92e1b68ee51534c9641b593f4 a31a9bd8b602ae58e60258c202af066bac6c7aeb7dfcd5f98803565c01c553595a2e48c6546658f8e9e7855c2d0f029f
SERVER_TRAFFIC_SECRET_0 0ea61246e5d9968b09cb9dab050c02bbb88cb4e92e1b68ee51534c9641b593f4 2066eb9e0a82e98c8d508ffc04adb634044bfc0d8d952f1d8fee36da60eda9756a99da88d9229b142dad788ef5e9c115
EXPORTER_SECRET 0ea61246e5d9968b09cb9dab050c02bbb88cb4e92e1b68ee51534c9641b593f4 05c2d1dc8ffbcd6fe80c1696788459213dd705cb091dd6a1b0062a8dd34ca84d01f395c78f48ea09a94fcc656a28cde0
CLIENT_TRAFFIC_SECRET_0 1b6d1ab9ecdeca0b89fcb8af02307c39008839b0d9db3f55ef02484f27271ba2 75c1dcae636ecfaa715c906ef5c1d2e8c53eeaec7ea030212daf1428b81ea73a460c0dd3866cd0b178bfc274cb9baa33
SERVER_TRAFFIC_SECRET_0 1b6d1ab9ecdeca0b89fcb8af02307c39008839b0d9db3f55ef02484f27271ba2 f8ef99163fe7e745282a951eb798e0f7c74b6bd28a9ccf85da63525e7f55f64311e44720e8cc968f119cc3cc9770ef46
EXPORTER_SECRET 1b6d1ab9ecdeca0b89fcb8af02307c39008839b0d9db3f55ef02484f27271ba2 d1858f8f138207189db6d97c16b10189704c518f7e8515237cc9b18249d753917f9b1043e523c224ae35487d5777834f
CLIENT_TRAFFIC_SECRET_0 301a747388553a330abeb06b9fe48a2e0cc8e3c1e2cb1ca5aa8161f6c89a2c94 282029f6a03fc527069874415995929abf885758bd7d5ae6f69bdf92040ed38bfebd18ad6db9ac049d69b0753f622fe8
SERVER_TRAFFIC_SECRET_0 301a747388553a330abeb06b9fe48a2e0cc8e3c1e2cb1ca5aa8161f6c89a2c94 2e46cb6c60632ceeb9142a05ebaf60b2155c955dd945a2fe55d1c0f3e63b2058b02bf9a5db29e02957dad3a6494d46b0
EXPORTER_SECRET 301a747388553a330abeb06b9fe48a2e0cc8e3c1e2cb1ca5aa8161f6c89a2c94 3ffed8ac48914bdc87ffffac641ff968a36c1f0c4c381bb81806094e15fe07aafc23cf7077e3ea7262842679ad3ad474
CLIENT_HANDSHAKE_TRAFFIC_SECRET 656b6db538c043efcb2c5219fab5913f7401769386953237d4ffeb2b0161fc10 b78fdbf0f23721c54a557013a13f64d5f97f7755259b0ad9b42d010d9d88e9df
SERVER_HANDSHAKE_TRAFFIC_SECRET 656b6db538c043efcb2c5219fab5913f7401769386953237d4ffeb2b0161fc10 add5eae687465fde2cb1fdba2a924d6bc305a6ef78d62acbb65ae41e07237a96
CLIENT_TRAFFIC_SECRET_0 656b6db538c043efcb2c5219fab5913f7401769386953237d4ffeb2b0161fc10 2af63cf10236c024000689574601caea025a2ac3ea787461ccc8134b17f2e3ee
SERVER_TRAFFIC_SECRET_0 656b6db538c043efcb2c5219fab5913f7401769386953237d4ffeb2b0161fc10 0875fac7ce8c6fb68cf77b67ee02a97ec632b79ad600f0bc465eed60cd747fdc
EXPORTER_SECRET 656b6db538c043efcb2c5219fab5913f7401769386953237d4ffeb2b0161fc10 bf14d1305d6e4da03eb1342fb4c9335db901d3392b15a66d0208ebaf186d1e24
CLIENT_HANDSHAKE_TRAFFIC_SECRET 4a2ce0065d79abbef44e810e59c59f640dec05282bfab7fa731fec118533dc8b 87c484a919f15b668b4e2e2d6274f4b136c39b9044d77737409f8a0661d0e5f65caee0b6d65a18486ad552dff6aa346a
SERVER_HANDSHAKE_TRAFFIC_SECRET 4a2ce0065d79abbef44e810e59c59f640dec05282bfab7fa731fec118533dc8b 231869a7045157f6ab0d744188320ad5a16455e01f293d64c2ab4d1bf5e43bb5ec9bcb0d0b0750f3490dd0acf590af10
CLIENT_TRAFFIC_SECRET_0 4a2ce0065d79abbef44e810e59c59f640dec05282bfab7fa731fec118533dc8b d2849879910a190091e75681a693c0a37de787156d65f1eaea2363e5c16e08aee1bb391e53f19c625889d9933ed02d3b
SERVER_TRAFFIC_SECRET_0 4a2ce0065d79abbef44e810e59c59f640dec05282bfab7fa731fec118533dc8b c49ea4bce8036d113b7a52fff9d43d9df21ff7fe826e2d621c90bbcdfba7c5e5c78f1ad96dd6871c0b5f7427cdf940f5
EXPORTER_SECRET 4a2ce0065d79abbef44e810e59c59f640dec05282bfab7fa731fec118533dc8b c02e4cfccb54cf0823b4411c6696524e122eaa77d0e5120bcc44959baf80dd9e5e61e21d41b2e104cb99a2f1d63841b0
CLIENT_RANDOM f237cea5a4fc5e47d782f639489fdb23d051e0791f82dc3f9a4736c7ca8bf5f6 fec376f73954f3f4642d04ddd19f6de7669179b465ff98eff7a09ea7d3bba67b2e7a72983178d431b2325ff659228c99
CLIENT_RANDOM e790bd5c316cee15b8d281655ce7f3acc923308e4db06c7bca87f54dc03cec24 8b4c88a07a1e97e6a1cbbb1c57ba0100684429203a55823baf8383586184f4b5109f06e8cc692426dae57af2cc6b2eca
CLIENT_RANDOM a823289845baa25a1ec5544428d272e129fc64ef796fddcf9a1a73cc5e36023f b540e8124ecb19e91c8ef1f9d867c30bad5913da0b7dae2c297a5c97a6d30440cbb5ca417f3cb47dfb972f0638b30f15
CLIENT_HANDSHAKE_TRAFFIC_SECRET 67e1945c8641b4f26873e962786b5ee827aeb4ee311db1141e40be91e1687332 fd538728cb6231e6596ddbdbae67e92312c68593ca3407b13e5e59fe6472b989
SERVER_HANDSHAKE_TRAFFIC_SECRET 67e1945c8641b4f26873e962786b5ee827aeb4ee311db1141e40be91e1687332 002cd2b7103d1c9ad42bed83d276f365fbc30f4ceac2fd26187a291eab7f06d5
CLIENT_HANDSHAKE_TRAFFIC_SECRET 59d462784ea52d666a3008c3de3a76b446ea30c9ded06ef4db5067b13546204c d2d3bab496ca14699a4afb617cf59eacdc7ec2251adc30d404d244d2dfcce8f8
SERVER_HANDSHAKE_TRAFFIC_SECRET 59d462784ea52d666a3008c3de3a76b446ea30c9ded06ef4db5067b13546204c 98c25058e18b26ef0da619037b548feffc67bb6823a41f7a00af7299e94f62bf
CLIENT_HANDSHAKE_TRAFFIC_SECRET 4617a0e996e06ddb2bd990bb0782193a7bde8b976565885554ad4f37dfd2b24b 30c7996714084b96176e06c9082e0f6329b4201eab4523e815f88aa1d1fab817574df258b0d40c1a2ee358244a968d16
SERVER_HANDSHAKE_TRAFFIC_SECRET 4617a0e996e06ddb2bd990bb0782193a7bde8b976565885554ad4f37dfd2b24b 1fa9592609cdadbbf487baa4b94a739672d3cd38465e48d7eca9d1a584667ccc97761c5fb65f9236ebde17c2b66713a7
CLIENT_TRAFFIC_SECRET_0 4617a0e996e06ddb2bd990bb0782193a7bde8b976565885554ad4f37dfd2b24b 7e5f9422ff3a676f23a1378a0d7fb79a2fb81376b2a57daab75ba3cb13dfb51a630be3bce0ff5a044b034131ca11ff82
SERVER_TRAFFIC_SECRET_0 4617a0e996e06ddb2bd990bb0782193a7bde8b976565885554ad4f37dfd2b24b 8d65aa453afce0753c9e9507f016ae79dc00617f0121f336965013891f876ae2c98d6ae88041a95a73edc9ab735b6bc5
EXPORTER_SECRET 4617a0e996e06ddb2bd990bb0782193a7bde8b976565885554ad4f37dfd2b24b 47842df4aedb567c592c315f0a21c4bd8c4bcccc6177c7d6ea0d40e726efaf571c7ebcfcb5fd7653533368cd081be6e5
CLIENT_TRAFFIC_SECRET_0 67e1945c8641b4f26873e962786b5ee827aeb4ee311db1141e40be91e1687332 f905f892b8c7ae479f6f53e9f9e7bb4a54cdc9b85c53d7e2357aa648e1ec1013
SERVER_TRAFFIC_SECRET_0 67e1945c8641b4f26873e962786b5ee827aeb4ee311db1141e40be91e1687332 a9a92b5249537743f30a0314121ee61ba428f0379cc70267d110f0d6928d72c7
EXPORTER_SECRET 67e1945c8641b4f26873e962786b5ee827aeb4ee311db1141e40be91e1687332 f36ce1f55717bef0b45eb7384a019d72b21fe6c1589af9706abbed9e363b7ca0
CLIENT_RANDOM ac6798fb5d146fed2a32bbee387968a61118f25b604dae4133f4610dc1fd7b4d b52ed761541709c62c8fed4a76ae29bb315a01225b52ca4ad3358882ada02873e51e40ab2e2e8e2f93e4596083cf7dea
CLIENT_HANDSHAKE_TRAFFIC_SECRET 8e1666841821ffdfb17ac512f1caacfdc3241d0e40169c478a3d340c5210e897 45f9dd9669afa026e0bd28c91d9d317b33eeacc33dc69967c6da5b3b59ac7df0
SERVER_HANDSHAKE_TRAFFIC_SECRET 8e1666841821ffdfb17ac512f1caacfdc3241d0e40169c478a3d340c5210e897 81c54771c50be3da4b568762b68e4f71e86492da191323b3f1b962151962c6a7
CLIENT_TRAFFIC_SECRET_0 59d462784ea52d666a3008c3de3a76b446ea30c9ded06ef4db5067b13546204c 87eb4aa26847defa0d8b2478dc60b3e42a713808454dd300735cf570ab55e062
SERVER_TRAFFIC_SECRET_0 59d462784ea52d666a3008c3de3a76b446ea30c9ded06ef4db5067b13546204c 52e8ad2160d478ca448df75282a01d6a6411619f52b37d983ea0fedb11333937
EXPORTER_SECRET 59d462784ea52d666a3008c3de3a76b446ea30c9ded06ef4db5067b13546204c a22296f644d9b427320e27049d6efd94f97a5d8dc9b63e787ff39203564ca8a9
CLIENT_TRAFFIC_SECRET_0 8e1666841821ffdfb17ac512f1caacfdc3241d0e40169c478a3d340c5210e897 af6bbc95fe364fb8e271a966076cef6e8c7c550252e2735028fb380ee1cb1309
SERVER_TRAFFIC_SECRET_0 8e1666841821ffdfb17ac512f1caacfdc3241d0e40169c478a3d340c5210e897 b4f475a7e49a3ed0d71999a088806543bab27f6b3c0046e8391e7a34752a047e
EXPORTER_SECRET 8e1666841821ffdfb17ac512f1caacfdc3241d0e40169c478a3d340c5210e897 eab362b6587a172a7e327ec709878968a5947c288cfbe7b1a7a83146924e5e14
CLIENT_HANDSHAKE_TRAFFIC_SECRET 883a9b0f35c7119b004c005d89186830dc553bbc0830499fb1e61876983e438f 7516c740dcea7f40cc1807cb9bd9e75cced5aeeb25b263f4206ccead0783470e75f88e2c5f9e939ae458555d28334405
SERVER_HANDSHAKE_TRAFFIC_SECRET 883a9b0f35c7119b004c005d89186830dc553bbc0830499fb1e61876983e438f c12b063d074add71666503f2f2f370cc27fffe86314184ea6e1336c43edd34c97e1d7afa732c2bcd0c82c8f8881531fe
CLIENT_TRAFFIC_SECRET_0 883a9b0f35c7119b004c005d89186830dc553bbc0830499fb1e61876983e438f 3847e408634951719503894f25a720412840a98e2fdff6569b8f36c713544c8478c7dc7cb782172cdefe15831b980045
SERVER_TRAFFIC_SECRET_0 883a9b0f35c7119b004c005d89186830dc553bbc0830499fb1e61876983e438f 2c7ef1d850f86dd6db56c15fe92aed2644ea99d5b433c89f701bf13c6f514253911135bc309f3d3d076ab9772627ad44
EXPORTER_SECRET 883a9b0f35c7119b004c005d89186830dc553bbc0830499fb1e61876983e438f 13adb1e7c0f9ea286489e603aee5190878860f6baf3f6694820acc0e4b5030fbc5b927a6b88a9d512cf238ecb1adad10
CLIENT_HANDSHAKE_TRAFFIC_SECRET 9e836bce99af6c4025bee48a651f1d2271a6dd61e87bcfd4468d9aa4d5716ddf e896824150787d1474d7087b5486606caf0a12c950344eb951b04520a5aa910da79ca93c41d980f0f32977a1c61c5d4f
SERVER_HANDSHAKE_TRAFFIC_SECRET 9e836bce99af6c4025bee48a651f1d2271a6dd61e87bcfd4468d9aa4d5716ddf 4e58fd5c67a4caadf3d34124f049e0b384a9ff236510e37570b0d4f8409bd920441a969586e4a1186be99832a1251a51
CLIENT_HANDSHAKE_TRAFFIC_SECRET 700fce76afd950c35739a2a07fa07a950e166c59b4993735cc524e374568dbca 2f3d05f451a574495de2f48c1be6c69cbb757e08ca55f53e0c6f14449386ca49fdb0a2be011b97e7888c1ab7dcc1e040
SERVER_HANDSHAKE_TRAFFIC_SECRET 700fce76afd950c35739a2a07fa07a950e166c59b4993735cc524e374568dbca e463899e379ae0e31e802fd5eb45d6cdc4ead1192434146f73147700226f61e61994f6084f0310d8c36ad33e47e825e2
CLIENT_HANDSHAKE_TRAFFIC_SECRET ae41d1503d9c349ac213ad9cded52c3777dcc641fbc951e305cd290a396ac632 356f03be6521be66558e3ad2b7bf11226d6783aeacbd1e80693a585417fd45f37a629ee5ac26197529a7d8349eb076ba
SERVER_HANDSHAKE_TRAFFIC_SECRET ae41d1503d9c349ac213ad9cded52c3777dcc641fbc951e305cd290a396ac632 18814bc1bb31a77d1b91299aee34fc8f4e8f4c017c8bc5aabba8a294328e1663e56056ac2e1d42b7b7b07a7f0637d712
CLIENT_TRAFFIC_SECRET_0 9e836bce99af6c4025bee48a651f1d2271a6dd61e87bcfd4468d9aa4d5716ddf 912d888d32c8451607d3970de53c59cd0683e45e2937e33773668e1fcaf0c15810934f3f8a079628b12f358beafba5e8
SERVER_TRAFFIC_SECRET_0 9e836bce99af6c4025bee48a651f1d2271a6dd61e87bcfd4468d9aa4d5716ddf 364abfc0fd4d81e64296b98c3702c6768f92a0a34e5a6197d82a3b35419fbea28e9137297ce0d67b7cf0bea89fd48cc4
EXPORTER_SECRET 9e836bce99af6c4025bee48a651f1d2271a6dd61e87bcfd4468d9aa4d5716ddf bf50e6b9369fdeb99dfa7f78f1b303b43e98b3bcf0bff8c0c9245d2639399cb88782179fa17bc09e4ed954caacdc5ab0
CLIENT_TRAFFIC_SECRET_0 700fce76afd950c35739a2a07fa07a950e166c59b4993735cc524e374568dbca 43544dcc3e93dab28ee6bfa2ac1830e8ab15c499302ff2549616c287763fd121f5559b610e8cae97132beee77159b270
SERVER_TRAFFIC_SECRET_0 700fce76afd950c35739a2a07fa07a950e166c59b4993735cc524e374568dbca 911ed400879546c863ed53666fc09cde5d05f7d4fb3c40b4de207f88cd7c6088141ac74358281bdd60ea7363f7807bb4
EXPORTER_SECRET 700fce76afd950c35739a2a07fa07a950e166c59b4993735cc524e374568dbca 3912308b3274d7e4215cbef09487a377a0723dc6f0ba4531247ece2d347a4c5845e26cf6612cfc124910d47ee9de09a0
CLIENT_TRAFFIC_SECRET_0 ae41d1503d9c349ac213ad9cded52c3777dcc641fbc951e305cd290a396ac632 22c969daac452dab8e91287853df12505c781c723eed16325e16300dc7449b83b58336fa77585d918ac4964003f9b0c6
SERVER_TRAFFIC_SECRET_0 ae41d1503d9c349ac213ad9cded52c3777dcc641fbc951e305cd290a396ac632 aab0f439f2b635d9cb8733807c4470b85ae7158ccfaba5635e9255fcc63b645dd974f1b3538947a9bcb35af7cb0f7a74
EXPORTER_SECRET ae41d1503d9c349ac213ad9cded52c3777dcc641fbc951e305cd290a396ac632 aab4ab16fb1886ae6d1dbaac3cb20c5712ee91145769bd96eec093d87f5dab584df6bfe2c0439ae2debbffe5f2d6de7e
CLIENT_RANDOM 79dacbeac98543dca4ede56c55a821f01769e1828f232d8540fc84d574fcbee1 298afb16519793368737c8bddb2668ac1addcca9bbb8b20bb0c762d5fe06dcfd2b184316c16fac480da84ed35324b007
CLIENT_RANDOM 7f2822c8ab24c3c254ba15c930bfe622d1f3b585abee340fefe064e8a0f1e9d1 963c4207ca304e634b51c21bc369949d9259e805425408c46130b944d7405f39c1f374183c1776cf75a34717f30cdfc2
CLIENT_HANDSHAKE_TRAFFIC_SECRET dd6d9e524c67a438ca1034dd29b23b843332e86cd2681a1022b3a85c3d1c1171 43ba4d97b009a5474f10ed5f05f9da8cb0e7df6c92bf7c58b530a9ff8b0d1932
SERVER_HANDSHAKE_TRAFFIC_SECRET dd6d9e524c67a438ca1034dd29b23b843332e86cd2681a1022b3a85c3d1c1171 5534e061d94d4abdec1291d853a5aadc5c9b3c75ec1c00d176372a2b78937c66
CLIENT_HANDSHAKE_TRAFFIC_SECRET 35edd9e20cbfb6c68ae3e28dbdae97b5e2ad6bafc791665826e7462c42abbdc6 184881616861991a9635dbaedf4182f1ebf23492ea9522a16ae9d97b15ce934bde4abaeed8a8b006b56927b1418e4dc0
SERVER_HANDSHAKE_TRAFFIC_SECRET 35edd9e20cbfb6c68ae3e28dbdae97b5e2ad6bafc791665826e7462c42abbdc6 4f6aef191d3dee2624cbfa4a347f5cc37ff891e2e16f9a6413cbf2eb33187a2ba02e724c293b73ff0c45bab9a62e1619
CLIENT_TRAFFIC_SECRET_0 dd6d9e524c67a438ca1034dd29b23b843332e86cd2681a1022b3a85c3d1c1171 c560d52124b4256b30b4207724348b9b9780b03919ca8fbb8a1d3867590cb81c
SERVER_TRAFFIC_SECRET_0 dd6d9e524c67a438ca1034dd29b23b843332e86cd2681a1022b3a85c3d1c1171 736981dce6283f4b6103ed00de6136bf08b864a0284de07145e6ada093200da7
EXPORTER_SECRET dd6d9e524c67a438ca1034dd29b23b843332e86cd2681a1022b3a85c3d1c1171 701cbeb54de7eb39f22ec173f30824857741b28a1cf7e78a84b90325d1484478
CLIENT_TRAFFIC_SECRET_0 35edd9e20cbfb6c68ae3e28dbdae97b5e2ad6bafc791665826e7462c42abbdc6 5c4954a48800ed3e3dc3cf82e75be3bed887773f27915516a050665cefca8df978526955def2d7298489c31e548fb6df
SERVER_TRAFFIC_SECRET_0 35edd9e20cbfb6c68ae3e28dbdae97b5e2ad6bafc791665826e7462c42abbdc6 39b698e6b9fc289751dcf593e02ddeb25782a683a73d20cf6a40c14aa06fc8b88c60b43966d4a8769d01ae6758e77d11
EXPORTER_SECRET 35edd9e20cbfb6c68ae3e28dbdae97b5e2ad6bafc791665826e7462c42abbdc6 60b88fb1e9d98b3bc6ecb682222d551dc1e0b783b6d247626d7ded4a40b76395255c69915f8d3e9446bc4b6ff8ee7255
CLIENT_RANDOM 8f6444832ffee7283d1c6114b3c73199f870441435350d506e74baaeec783733 e1d07f7209b1a234848c879fd5e839e301dda4c5bfa49cb788f27740977163bb3c7bf69d4c5bd32de00addceada26624
CLIENT_RANDOM 99346a7c3120c644553612b85d6a63584a9d64536660ae2c8177718447bb9dbb 5bbce1e9726e108650534f35734d48916e93c7a44f0b5b52b3bb43b4ada990f11ad3f8cd9ad6a73b3bc6abd83543b9af
CLIENT_RANDOM c97af393501ebb5b223a28623ed03f9bbee2d16f2fd412691e30d37868e0eb78 d4595e94867090da636c5383904076e563c7ab13f3a1f40d5101ff827ef457e1407363076af678ccf6ef9edfd8dd902d
CLIENT_RANDOM 1fe3f1d47c41e967cf600ac18f3d88ec83d8b0aa6102c12cc506a7d568025e11 d79ac3e42c4a263b13d6e790a89c8882511f48cd61f8588fa13645a8130b663c1759f4bb4a16d16785a72d43e675d49d
CLIENT_RANDOM a5fbec2921e41ba0ac30d93e161589acebf300c1205ac8a4a720a402a41c8a25 e857a45740aa3118991757a45c2a00e2ffbf6e9494ce006272b959fba4cebbd0cc828326309deda2c29893afa094a7a8
CLIENT_HANDSHAKE_TRAFFIC_SECRET b086150bedaa0ead0d9db685d6aa45cc8fa56d3fae0930981109b47fc78cd7fc ec58f9a87151c442766fb12b3d779f2b363e55c5b82fb189f1c3bdf147519ed3e2f9980baba092d2bc0407af4a37566b
SERVER_HANDSHAKE_TRAFFIC_SECRET b086150bedaa0ead0d9db685d6aa45cc8fa56d3fae0930981109b47fc78cd7fc 73bc1e0421572ec50085e1b21d77065010c277c44ce5e9b9c340f51898e2a638058ab495bb6448fd702bbe6c12d570e1
CLIENT_TRAFFIC_SECRET_0 b086150bedaa0ead0d9db685d6aa45cc8fa56d3fae0930981109b47fc78cd7fc 8795772036d0b31188f22d8a58c2c40c0ed02563999957696873d1c39e62fc2226bbf20d4ab3ec607c9446646eb30cd1
SERVER_TRAFFIC_SECRET_0 b086150bedaa0ead0d9db685d6aa45cc8fa56d3fae0930981109b47fc78cd7fc 095d5e48544f0b6cb1f26cfa80df655fbcc5e9fa511b06926bbed82f899e0f84a152d9a82a85b1a47f2808d8c8716577
EXPORTER_SECRET b086150bedaa0ead0d9db685d6aa45cc8fa56d3fae0930981109b47fc78cd7fc c9c9bddc195ea0b151b6916b338ccc0a30f70d974b88c452767450ce9d6abd75f536139640a7979f50a4ce497863accb
CLIENT_HANDSHAKE_TRAFFIC_SECRET 53ef87266a5419c16a7d9dd1237c7a2bcaa23b42c666a8e036aafd7bb2326540 855ccf653d7797483ca9ae2d192977d1e2db93bbe77d3e683894192aaf3e27829cb15cdc12340aa689a569bed58e9379
SERVER_HANDSHAKE_TRAFFIC_SECRET 53ef87266a5419c16a7d9dd1237c7a2bcaa23b42c666a8e036aafd7bb2326540 611728adbe86a88ee6a2b10f9e04cfdec17857e207efecd570b73ab5855b0ffca9d3be9e19446823338147661e8b9b1d
CLIENT_TRAFFIC_SECRET_0 53ef87266a5419c16a7d9dd1237c7a2bcaa23b42c666a8e036aafd7bb2326540 a73bfbb239aca04375c3ffc26741f19789ec8bd2ebdd169fa9520b0a3dbb2f56f3d72b4aff5da7e88c84074c791f58e3
SERVER_TRAFFIC_SECRET_0 53ef87266a5419c16a7d9dd1237c7a2bcaa23b42c666a8e036aafd7bb2326540 0e5ca41c3a51b36d118fa6222073c5aca8975338450d879695a72990534e30b04db7d3922fa876b069b65793ce8aa7b3
EXPORTER_SECRET 53ef87266a5419c16a7d9dd1237c7a2bcaa23b42c666a8e036aafd7bb2326540 3405562caee5bd9e043979788ab4948750874565ed09cd8f349d297acf56f56afe3a41dba24e1b4c8a32f5eafbf165c2
CLIENT_HANDSHAKE_TRAFFIC_SECRET 838d8baf65926e23c7ccace5ac60c8ae2cdb847e19386ffdc57c266b0f1d874d 3e7013c0945e8e3c9eafc3068bdc4c23de9a1e8510779f09a7e7bfcf1da39484220dec7a19e9d6c8031655594e65a5e7
SERVER_HANDSHAKE_TRAFFIC_SECRET 838d8baf65926e23c7ccace5ac60c8ae2cdb847e19386ffdc57c266b0f1d874d 1c1a3813507c54894c0e29ffe23542aac0c4ce9ba61d83f969fba20224f9640f15e6aa3753cf1f9502e017b73b59b9ca
CLIENT_TRAFFIC_SECRET_0 838d8baf65926e23c7ccace5ac60c8ae2cdb847e19386ffdc57c266b0f1d874d fbf52c6b7d4b46c162b3fe81a2ee5ace1f893bc24fee19f9a14a9af0b363d35aad61da784fd4e97e9346340ca668924e
SERVER_TRAFFIC_SECRET_0 838d8baf65926e23c7ccace5ac60c8ae2cdb847e19386ffdc57c266b0f1d874d ad16a36be568501d8cbb725e01076baefaf01245e8b62438d38c71d4633ba549bbff2325111452790e0681e98413cdcb
EXPORTER_SECRET 838d8baf65926e23c7ccace5ac60c8ae2cdb847e19386ffdc57c266b0f1d874d a34e367a6cf7fc18dae1cdb12393a29540de077f62c9cfccd3a9c84d0f04ae7d7b501304b11bf39ff4259b59ea38c9b8
CLIENT_HANDSHAKE_TRAFFIC_SECRET b100cd83c12a455f6111c79192c5ccefcf0248b0dff447a23719e9c5df6febd7 c844c6da07b88a53cc6c06d243c8d37fd99629cb5db517964e09af2cb9687ec3061c87eabbfb8f5cf2bc5ceb20e0a22b
SERVER_HANDSHAKE_TRAFFIC_SECRET b100cd83c12a455f6111c79192c5ccefcf0248b0dff447a23719e9c5df6febd7 2ca54f3b12a247ab21669b0c61fdc80d208ca1fd41e711fba8473fb6a96a6c9dba5018668ef62bb955a5875edba652f2
CLIENT_TRAFFIC_SECRET_0 b100cd83c12a455f6111c79192c5ccefcf0248b0dff447a23719e9c5df6febd7 5e70a4acaf5cde6189f348b0dffa461412b3d56f4528f255c4aaff215b175511adc260a7c4e2f5cecd025fd6a6e823b3
SERVER_TRAFFIC_SECRET_0 b100cd83c12a455f6111c79192c5ccefcf0248b0dff447a23719e9c5df6febd7 a1b44245f4c32e65f4f38490d895b8eaac101890346e156e733d1c6cef3aba8b96e837ec63c65b53d9f2439bbcce1a68
EXPORTER_SECRET b100cd83c12a455f6111c79192c5ccefcf0248b0dff447a23719e9c5df6febd7 2bc7986a035c6da5419f0db3c677403a99e8ab19167daff668028e3063d3f69be805c4467f0fc8c1e08318e2c5feaee7
CLIENT_HANDSHAKE_TRAFFIC_SECRET 037ba3ff403e1b7bd390dfd65e78665d4a5f3c499c433f1b94ab97a5b8ca0e87 0680e91e25eb9cb3efe061206930411af872eb2364441597bbd142e5b8c336854d6706adbf3f0c837b54659c2db05c07
SERVER_HANDSHAKE_TRAFFIC_SECRET 037ba3ff403e1b7bd390dfd65e78665d4a5f3c499c433f1b94ab97a5b8ca0e87 5d2ae0f90b6645f001193c805e4673302c8a1733da8675911ace44d9464a0835254de98b6d12a30a3a87d7050834d0d0
CLIENT_TRAFFIC_SECRET_0 037ba3ff403e1b7bd390dfd65e78665d4a5f3c499c433f1b94ab97a5b8ca0e87 f45854c87b40892489ddc78af15b3b853ef84deb146dff214b6dd5a80ae8d4af78cb851e57246c35a0c876b9e1ae7dc3
SERVER_TRAFFIC_SECRET_0 037ba3ff403e1b7bd390dfd65e78665d4a5f3c499c433f1b94ab97a5b8ca0e87 2c013fd64c25f128cc63b1468b7fa86d3eb8a7ee057207ceb1cfc2afbfe62cab922a24c3647d3bf03180ef7d87d5fdd2
EXPORTER_SECRET 037ba3ff403e1b7bd390dfd65e78665d4a5f3c499c433f1b94ab97a5b8ca0e87 5b466e4d44d06861e58d09195f1c446b730bfa19f4db844f80a01c5dd2519695aa4fb72c012ec8e3d7bd45f821c0419b
CLIENT_RANDOM ca93a597fe10e874135c510bc4757cf89a4f35960636a322e143333e7da56447 387465a7e48ef84c0574e4dc957997b9f4d361e47e99bbb56a6ee676dbf0e75d129f150952bc9da3e4e75dc1c4da0b7b
CLIENT_HANDSHAKE_TRAFFIC_SECRET 0a9a2dad2d7aec44713542d92fd4962360834a66343042f9b78b4f1fe0361a60 8fc0910b8306050e2caa9fedecfcc4c12cd185bb5e7d71e7a90626e039a2895cbf458976fbd019cb2b5a32819f05b17b
SERVER_HANDSHAKE_TRAFFIC_SECRET 0a9a2dad2d7aec44713542d92fd4962360834a66343042f9b78b4f1fe0361a60 668f4491b23ad4ad8d1bf39847c7021701d3e7fd4350799ede86d2fd3da594043acb861cd01157e821f2d13f0b5f652d
CLIENT_TRAFFIC_SECRET_0 0a9a2dad2d7aec44713542d92fd4962360834a66343042f9b78b4f1fe0361a60 bdab74aa59450c4c97f47d3aad74ce88542dba5d11bf72abf06a033b59d785ca33303c767b9a15e1f27efab039ffbd62
SERVER_TRAFFIC_SECRET_0 0a9a2dad2d7aec44713542d92fd4962360834a66343042f9b78b4f1fe0361a60 f56513283d1acb9dc23f00e4818e076eb44abc88ab7b9202d5a4efc81ebe42e1dd1446c621197f0f7ff644c46dde94d4
EXPORTER_SECRET 0a9a2dad2d7aec44713542d92fd4962360834a66343042f9b78b4f1fe0361a60 51b3b3673f71bb602935801068da40fae5ee2212428f10016c8a0a28ae329aea1b6b8df8390738354414540e2247ed86
CLIENT_HANDSHAKE_TRAFFIC_SECRET 62140d5c42a249da032837bcecfb91e9182af8a09cfc84808cc0359dc5588e7e 471abeb94e6283531a51a6db3a92af61d5cd2c0c7400df65262afecac769aedd87c3ff7f8d44a31ca3207d46fa96c7c0
SERVER_HANDSHAKE_TRAFFIC_SECRET 62140d5c42a249da032837bcecfb91e9182af8a09cfc84808cc0359dc5588e7e 3b057120c56aa27a2b9e16ef2c3ab71da6b1257f1fbef2f974fe06fbf5c06902a5ad121238c9f05373560dd0eafea126
CLIENT_TRAFFIC_SECRET_0 62140d5c42a249da032837bcecfb91e9182af8a09cfc84808cc0359dc5588e7e 6bc0534ad6a3715a9ea1d485f69f81b968440e62cff02617618aad8f84109c273730ab95dd30a7379b39dd83737efe44
SERVER_TRAFFIC_SECRET_0 62140d5c42a249da032837bcecfb91e9182af8a09cfc84808cc0359dc5588e7e aaae353eddf84c99a37fdcd5c173abb78b25ae9c24a95dcbd62ef6ecb9af68eee60cbf4d17414f7d23e6927a37623cc1
EXPORTER_SECRET 62140d5c42a249da032837bcecfb91e9182af8a09cfc84808cc0359dc5588e7e 29b588bde199d20abc6f03d564de874d79c263351f3b72c2113846158d5ed1fc692a50ef58e7d89e06d8d9df1e95656f
CLIENT_RANDOM 4c52f80e1ee503ed88491c59b4c607315aa0a22642693afde3b36ba67bb51e39 88767a74ba225b29edb5bbcf360ccb3ff698fa520b6c89506a923f01b30693a30f4e0c5a25cf8a95f1817200d7340980
CLIENT_RANDOM 3c7f68911660f14f268b5b9fc6f42ba92305769fcda2725320c7cb9c273dc6ed 3fd3f593c2d03485c5e25c7f87e1dab79d111ced7b4ca04aac74ed2b7887f8b4ff573f382bb1b95939b21af701637eff
CLIENT_HANDSHAKE_TRAFFIC_SECRET 452ae0773fce013e4ffd6c4a57df8dc75ef82ccd2d6946daa2905010c9d9c611 af9c2ef1236d8eb79c32f3205a8a07b82571541da432d25d0a004356e8bf90a208d1e9688c1c84ad10b57369f31e9442
SERVER_HANDSHAKE_TRAFFIC_SECRET 452ae0773fce013e4ffd6c4a57df8dc75ef82ccd2d6946daa2905010c9d9c611 4e655173b95bce141a369b280a95ffe415300ad429fc0c134287be7a4d2288dd0b239fffc49be94525d48d50342d216e
CLIENT_TRAFFIC_SECRET_0 452ae0773fce013e4ffd6c4a57df8dc75ef82ccd2d6946daa2905010c9d9c611 b48c589206f7e3e1009880ba29f4d2327629695a8ee072f5c078594c4e4192cb60696e548cb07b96e47c7d4adcf84b8f
SERVER_TRAFFIC_SECRET_0 452ae0773fce013e4ffd6c4a57df8dc75ef82ccd2d6946daa2905010c9d9c611 813b37e861097ad0e17901d43a52872327bb485894b997b4cce136ea4c4493b5c0cdc9eab80ef21b2be64a93e5559976
EXPORTER_SECRET 452ae0773fce013e4ffd6c4a57df8dc75ef82ccd2d6946daa2905010c9d9c611 45786c5c709be800084877eddc872a2e64fdb8de30df31110d1f76701a5b0e8f2e09ccfb4833beb883a8c8141e7f4106
CLIENT_EARLY_TRAFFIC_SECRET c818a8f22c5ef03aa48a79e5ce8ae6bdb3d004a45d1615dd5d0357c3ccf572a4 d70fed4b36a08a464e1a01037d87c2dfdea83b2da2c1124fd1e2888877f22597
EARLY_EXPORTER_SECRET c818a8f22c5ef03aa48a79e5ce8ae6bdb3d004a45d1615dd5d0357c3ccf572a4 447143209d6d418b2d44761e253c6047cc282fa37b7181474f1ac57b695d208d
CLIENT_HANDSHAKE_TRAFFIC_SECRET c818a8f22c5ef03aa48a79e5ce8ae6bdb3d004a45d1615dd5d0357c3ccf572a4 4ded2f0522fd9ee8e7b12f5a4b4d7fcc2a37b44f8707ddaf95667a2ddcb31713
SERVER_HANDSHAKE_TRAFFIC_SECRET c818a8f22c5ef03aa48a79e5ce8ae6bdb3d004a45d1615dd5d0357c3ccf572a4 4158da5e26d47f3427079dd596f84877d7270b06db4a9398076e677937e201cf
CLIENT_TRAFFIC_SECRET_0 c818a8f22c5ef03aa48a79e5ce8ae6bdb3d004a45d1615dd5d0357c3ccf572a4 c3eed0494d7c89de19b151e1e97f7a8dd5eecf5c599f0747b09b6a0861ab035b
SERVER_TRAFFIC_SECRET_0 c818a8f22c5ef03aa48a79e5ce8ae6bdb3d004a45d1615dd5d0357c3ccf572a4 f8bebc585ab82c10fb82fb1ab6b53275931a795adef7ff282fc349913419859d
EXPORTER_SECRET c818a8f22c5ef03aa48a79e5ce8ae6bdb3d004a45d1615dd5d0357c3ccf572a4 b03d83d3054f3a63c88a344e194aef888eaf5af2a424116e38a615d569a5c839
CLIENT_HANDSHAKE_TRAFFIC_SECRET 9ac2ced7b63bfb0e4f3f74aee8833468d6c978f0e7dd2c2a1d77cc2fd57b5611 3e2b023f6b13e621c6be9813dda5298adeb5f425d7ea514d78c15f1cd611b56337e73d45595073be40b0691b16b040c6
SERVER_HANDSHAKE_TRAFFIC_SECRET 9ac2ced7b63bfb0e4f3f74aee8833468d6c978f0e7dd2c2a1d77cc2fd57b5611 384c585a381a8935c0b856e184ccc9d6bd23a5aa67a84117f7f6fef6b8d170b95d2b4bbffd2cadba821a37ed6d6aa073
CLIENT_TRAFFIC_SECRET_0 9ac2ced7b63bfb0e4f3f74aee8833468d6c978f0e7dd2c2a1d77cc2fd57b5611 e7bdeb221e49a6204d39a9436b165ae1d3d330efbe9ed984e699d264de5e23b0755a6f506a287288793f91c2afd27236
SERVER_TRAFFIC_SECRET_0 9ac2ced7b63bfb0e4f3f74aee8833468d6c978f0e7dd2c2a1d77cc2fd57b5611 7ce96f18d7aad7f4505a175be13e304f1e816949e207313a4cf5c7a2472b4a3242357ed58017a87086c381c6cdf73a91
EXPORTER_SECRET 9ac2ced7b63bfb0e4f3f74aee8833468d6c978f0e7dd2c2a1d77cc2fd57b5611 db3f8d3b5e67528076655963ae7d8dc221e08b641efcdbe60a4f542fff1bab2ce4d90c4b00eda50d0374b17ea52ff40b
CLIENT_HANDSHAKE_TRAFFIC_SECRET 45947ec4cad9f02f780e581b39d8aa49e85eac0d9530d3bedc0ea2e37c010526 f993793c6c6eeb1bd41e8b05bc7116f75f8b22bc41a85a7bf387dcc7e67e85d50bdf7e1128108ef0175672c1beadcc4c
SERVER_HANDSHAKE_TRAFFIC_SECRET 45947ec4cad9f02f780e581b39d8aa49e85eac0d9530d3bedc0ea2e37c010526 f9b292a74bc1848a6736cf5d5aaf01cce05e86cf109536f5bf96df4db8db74d02cfe746ee05b84d794c2cde88841c881
CLIENT_TRAFFIC_SECRET_0 45947ec4cad9f02f780e581b39d8aa49e85eac0d9530d3bedc0ea2e37c010526 a10327b924b52201c0d6057489c2af2bb2eb4a0ae02fa8e4f07b589f4fe91b8bad67ca5ba9e83422e949b329c3319fd8
SERVER_TRAFFIC_SECRET_0 45947ec4cad9f02f780e581b39d8aa49e85eac0d9530d3bedc0ea2e37c010526 fd7ddd8537a84dcfc1b1f29cc6e58804425f6c8670b10e06006076f9c6eae07a7124bac25e7ca5e3267102e32342edc6
EXPORTER_SECRET 45947ec4cad9f02f780e581b39d8aa49e85eac0d9530d3bedc0ea2e37c010526 34f1030eb57ba4ee7e4d50e03bbd97bdd7471ca8da0800ef27670008f84e22437e9307231ff7eb3a10320325f050c3d4
CLIENT_HANDSHAKE_TRAFFIC_SECRET a687317fcd43026554784522eca4115a238105865ad9c23acc7a342ca4dd2396 d77a15396666c06e5f89eca2de09889ff86dee84412fb4e28e223949346a06da970bc91e68b46a6c9627249661f18148
SERVER_HANDSHAKE_TRAFFIC_SECRET a687317fcd43026554784522eca4115a238105865ad9c23acc7a342ca4dd2396 62600be734df6a05949f846c1f892c515b57058c8e9008700a6ff53c466d2b04de07bb1a4720af735e44078c187cabf4
CLIENT_TRAFFIC_SECRET_0 a687317fcd43026554784522eca4115a238105865ad9c23acc7a342ca4dd2396 3aacb47d7dc3aee5de2ab76048cb5f312e800e4c6c93631bc54bb8fe25ebb7bf128ff40bc55c6a73b880763f44aa96a2
SERVER_TRAFFIC_SECRET_0 a687317fcd43026554784522eca4115a238105865ad9c23acc7a342ca4dd2396 1e2e0d61f42c629715195a682a9e4f7b6b333c99fcd8bef216e91871266b60375aa46033bdf9cb43692bc2d652253348
EXPORTER_SECRET a687317fcd43026554784522eca4115a238105865ad9c23acc7a342ca4dd2396 5c30da26f330408fc19e4c7b5f194eb69d39173634da8475bc217117099ad27d7e2e00395fa25f0257255bc00d29c253
CLIENT_HANDSHAKE_TRAFFIC_SECRET d0da148f6fe29362f6ccdb41d05755e1b59e8e089d9617aeebc6417093eee24a 3e90f0a09e51761d25a97eb6010c005518b1def42ebda8bbb566b74c41d4373912ce28542985d5bdd05068edc5dbb480
SERVER_HANDSHAKE_TRAFFIC_SECRET d0da148f6fe29362f6ccdb41d05755e1b59e8e089d9617aeebc6417093eee24a e7f4c53471740330d1d0a7a278453b949b8b3f81559c0643b230606a962c51154ae0ceeddcbd69653d8c5506b26b4d97
CLIENT_TRAFFIC_SECRET_0 d0da148f6fe29362f6ccdb41d05755e1b59e8e089d9617aeebc6417093eee24a 4afd676be6fff15f5dd3bd1a839a395ab8a74b80922d756760775a527a16fe3b4bc3b02bfeebfd29344a061edad98ee2
SERVER_TRAFFIC_SECRET_0 d0da148f6fe29362f6ccdb41d05755e1b59e8e089d9617aeebc6417093eee24a ea50cba544b61f532999b6ece78438219cf3884dc82d9a9c2016469c246995e03e7f1e4c0b115c6ef89b27bcadcd35e2
EXPORTER_SECRET d0da148f6fe29362f6ccdb41d05755e1b59e8e089d9617aeebc6417093eee24a 014d13c1eaf9aed9251d0eb8cc6abfcce2c09124faee42f9a4a40669ffadec24640dabd248aa3e0f15b0092e0e332bbe
CLIENT_HANDSHAKE_TRAFFIC_SECRET 4e4c908b18e58d1b7da2b08613f2b7edc4d08ebb39329bd951c1afbe2125b66e d349e335b7d9e8a4457726e6da75c5aebc8955f41dc52e72b38227db7e9f6993cfa9da69f73abec12c1117d1fcf10643
SERVER_HANDSHAKE_TRAFFIC_SECRET 4e4c908b18e58d1b7da2b08613f2b7edc4d08ebb39329bd951c1afbe2125b66e 101bdfccfc00a9b81f464d69444ebda404304c6a13efbf08319568f00d73dcb19c2e8cd734cf7f982c1d0dca12b50a95
CLIENT_HANDSHAKE_TRAFFIC_SECRET 72c247295be3c5cf2cee3e99663d01e1e33537a6d2421092407fc610851c6c99 a0aa99187bb6edfe277c4d437392769ed1d9156a35a3f8f63b1bfba44a311488354245af19e84e3fe5cd14f10a65412c
SERVER_HANDSHAKE_TRAFFIC_SECRET 72c247295be3c5cf2cee3e99663d01e1e33537a6d2421092407fc610851c6c99 92a22275dfb9f59a68b94c0eba8cbff87e1b3cffd66f6074db90dd0575d3e9c332ac82716c3b7f37b4f67291dac922d0
CLIENT_TRAFFIC_SECRET_0 72c247295be3c5cf2cee3e99663d01e1e33537a6d2421092407fc610851c6c99 2c98fcc135fa35d56d662ccb11833fe14a5cfa46c137dc08253a96775d699d355e1c056b5cb5899b3747151a68ee87b0
SERVER_TRAFFIC_SECRET_0 72c247295be3c5cf2cee3e99663d01e1e33537a6d2421092407fc610851c6c99 9470799fa6359c4fe7b13a36e727870b99567ad157da743d3fc2efa767abb50d1ae4b74eb42f2b7426003c5d688939d5
EXPORTER_SECRET 72c247295be3c5cf2cee3e99663d01e1e33537a6d2421092407fc610851c6c99 2f630a37649793a0952fb34e271019e42479109cf43347ecc882830fe3dfd294f0367483649e38de86a73e6ec5ded8f5
CLIENT_TRAFFIC_SECRET_0 4e4c908b18e58d1b7da2b08613f2b7edc4d08ebb39329bd951c1afbe2125b66e ac030bbcd787422c8f290a911c13f30a14c9ed6ac2597f634518e4b47690a1e95427a2c6c5ff157d126db1ece0014a3b
SERVER_TRAFFIC_SECRET_0 4e4c908b18e58d1b7da2b08613f2b7edc4d08ebb39329bd951c1afbe2125b66e c2bf37a4b8d9204c6e147a427ae26ad48fa09a74ec4c5723ca289290423484e049b87aa6eb477ae2a303e8a9dc49e6a8
EXPORTER_SECRET 4e4c908b18e58d1b7da2b08613f2b7edc4d08ebb39329bd951c1afbe2125b66e d77919580a7373037decf1bfa3820ecae329ecb829a753b684bec5bd1c7a995a5ca94725feaf914cfe74d28efc78a747
CLIENT_HANDSHAKE_TRAFFIC_SECRET 6b1f69abc5912eab7d13c348ffc0cadecca76fceacd7c207c58b1032893cc334 30a3c8db5167b0e33a0d2d444276c16239f5006a66ae0f0ad361904240af21ca47e0b2f80170578345ef487fbfd403d3
SERVER_HANDSHAKE_TRAFFIC_SECRET 6b1f69abc5912eab7d13c348ffc0cadecca76fceacd7c207c58b1032893cc334 309562aab7dd1972d2cf6bb43936f7d49bee72b2a07e2c65d049698ad66a18edaaf39a04bc493031b129fd0368c4cbbd
CLIENT_TRAFFIC_SECRET_0 6b1f69abc5912eab7d13c348ffc0cadecca76fceacd7c207c58b1032893cc334 d4176dfa6a88098fdbaa28810df68b975ac08aac73af3db5264ee40801fc8180bf5543f794487999797e61b3e0322681
SERVER_TRAFFIC_SECRET_0 6b1f69abc5912eab7d13c348ffc0cadecca76fceacd7c207c58b1032893cc334 afd10c2fad4e53e919eccb2709d41545c214d6f29340c39d996d478382d1ff7179910a95110aa0a569f549d0cfb7cf7a
EXPORTER_SECRET 6b1f69abc5912eab7d13c348ffc0cadecca76fceacd7c207c58b1032893cc334 2a2ccdab9646b3406b1d774ce260213b84e2e9ddb620019b714c7bef7b4338a0c47a0923ee90f854dc4bd5651e1222e8
CLIENT_RANDOM a4b834160deb2a059a7a84bb00be046774d351aefb9c4c881d5731b8efd29800 264677a6f1045e24d3e54bcd999015fc7d97024d97a0d758e5f334ca519b05a69be0c7d08e215e97e48614b59acabf0f
CLIENT_RANDOM 4a188701e2123d7ae6853972095d2e416752407327fa39e92a3019bb83ba0955 c799ff6808c29b30a2b1f2c364d248412dc5a3cf39fc3cc7b9e2981902a706fa4d78cc93270758e281b73470241ec76e
CLIENT_EARLY_TRAFFIC_SECRET b7738d501f32d37842d160f13fc6d28f2f40218e0ed72b57b7101cf76bf041f3 53b07946a5f56d839e8b11a1c95022c210393b2f8b0f8042e4b6390e3009bf69
EARLY_EXPORTER_SECRET b7738d501f32d37842d160f13fc6d28f2f40218e0ed72b57b7101cf76bf041f3 063d9501c4f07bb670c28ca4ca10cd3dd833ff2bc3db7f02cb81a3eadd706a27
CLIENT_HANDSHAKE_TRAFFIC_SECRET b7738d501f32d37842d160f13fc6d28f2f40218e0ed72b57b7101cf76bf041f3 7928f5d996ca2e8b40435c7a655d9890ce1d6f0166f2deddd20e8602088ae382
SERVER_HANDSHAKE_TRAFFIC_SECRET b7738d501f32d37842d160f13fc6d28f2f40218e0ed72b57b7101cf76bf041f3 50ee3d585b4cde052db7a23d7abb47103608c74f5e898199e333f0b574e66a77
CLIENT_TRAFFIC_SECRET_0 b7738d501f32d37842d160f13fc6d28f2f40218e0ed72b57b7101cf76bf041f3 5e4b4692b857e7c8fbb5d5b6a9ec552ae430323e9ce1609d22ffdf019fba05a7
SERVER_TRAFFIC_SECRET_0 b7738d501f32d37842d160f13fc6d28f2f40218e0ed72b57b7101cf76bf041f3 eccb1cc997be366091570dbcf7decfa2ee74042ede1978395a3094d25aed7650
EXPORTER_SECRET b7738d501f32d37842d160f13fc6d28f2f40218e0ed72b57b7101cf76bf041f3 746bb96e79a328a31d54c1cf29c7912765231c0a1eaba75b5b9db8b0a99fce4f
CLIENT_RANDOM 5253b94e26b9f521b777b0919dd4d4467094eacb2a9b74f4ea7e9684ddbb2ec7 58d0e582019c7a5b1c48622785fd3f30a73b0ddf413cdf7511a126e25358031817de93621d32b713f2306bdd41b772f1
CLIENT_HANDSHAKE_TRAFFIC_SECRET 4780a1bc9b459a371b42fdf72d6ff012a85780abcf04f70404ea8aae52a8da0e ff08d81f93d46d89997eff16c30724f82c530a9ba2ba1f6a0ac342978e050e77756be77e4c9b654ed0eb4ede5fdf93e6
SERVER_HANDSHAKE_TRAFFIC_SECRET 4780a1bc9b459a371b42fdf72d6ff012a85780abcf04f70404ea8aae52a8da0e 94560e06283c316a85c59240655790ae11b7428c7c99dc2ee3ac61b3f05ee10632cf8d522cfd51661d9990f88a000814
CLIENT_TRAFFIC_SECRET_0 4780a1bc9b459a371b42fdf72d6ff012a85780abcf04f70404ea8aae52a8da0e 8088d496880ed25de83c926aa6b725090f1c9c31b090f15e6371503d1bea61a0d58e648ff3e6d7540be3717f2d5c783b
SERVER_TRAFFIC_SECRET_0 4780a1bc9b459a371b42fdf72d6ff012a85780abcf04f70404ea8aae52a8da0e ede6f1f95d32af90f8fe409a2b8c6c005f52163060d2ac91016ac7622147639a909faf6e60db5858bf7f9a072dcc9afa
EXPORTER_SECRET 4780a1bc9b459a371b42fdf72d6ff012a85780abcf04f70404ea8aae52a8da0e 0424c6ac11b4c43c7d53fe8ef89bff84249de37968ad330eee448b4ea3c76ba3784df126097264d8ee38fc3df8a002da
CLIENT_RANDOM 135735b3c78d82b825e9e748feba4d811e0fd84285b2d5f0d52654c7ded7351f a8a0451eeddb4a4f13a3a113c0af736d85238dbf2118484f88120141b9baf441887a5d000834a485a46647ed546bbbc5
CLIENT_HANDSHAKE_TRAFFIC_SECRET 1fcb96388375b85bb0499da74071d27ac391b9a0dd8fe365788cf569c9490c39 a9b5232e7b72a934465d4c30b5dfb9871be840899998d7459baa5a7ab31a959ed114e3b2846d1d053ab94ec961ac2e76
SERVER_HANDSHAKE_TRAFFIC_SECRET 1fcb96388375b85bb0499da74071d27ac391b9a0dd8fe365788cf569c9490c39 de7f08a4eda8a67748c1e0c7bd01b272a9a1db30cfeb65a2f1d7ea0e1b8770270e257a587542a7a0cc13b751a0f8b2a4
CLIENT_TRAFFIC_SECRET_0 1fcb96388375b85bb0499da74071d27ac391b9a0dd8fe365788cf569c9490c39 7fbd2d6d78996f285799c3bd3dffc25e018193d27f1fce9c000d80e17d9a614b809aa01c250519fc175dd3e94334dbd7
SERVER_TRAFFIC_SECRET_0 1fcb96388375b85bb0499da74071d27ac391b9a0dd8fe365788cf569c9490c39 5fad26a099bf16d8e9f1474f1a6d959768c3660ec5ee55a18a1ac735a48d06a080c6d8ee9e9a67d47017f6e7b38e9a54
EXPORTER_SECRET 1fcb96388375b85bb0499da74071d27ac391b9a0dd8fe365788cf569c9490c39 89bb6ac2d213513aef68db67626a5b7c2e2a8a6619557dca07d283eabf34c620e1b1e8ee9356248d10084b51a489f2e9
CLIENT_HANDSHAKE_TRAFFIC_SECRET 75f49794c3af82924ffc56fa9e3b874f15c390d2771905a76a573f00b6d66fed bb4021fe06936635bcbced3579ca3f683e9f08a7cd78d841a336be81c76e27bb0eac5b139ea31e071762facde2731be2
SERVER_HANDSHAKE_TRAFFIC_SECRET 75f49794c3af82924ffc56fa9e3b874f15c390d2771905a76a573f00b6d66fed 87c89ee2eaff645f66f7344a055ac881e8e375bdaebda19aa76b72b756b2dd6bddc0885e261216e4f0ca76b9d3fd57c1
CLIENT_HANDSHAKE_TRAFFIC_SECRET 9321f04e0ca960b25059dd9bff5ea9bfdac106db03389d202c5322e92db3aa46 87590a5a86d0129b31e4a25d34de5f0fff1dfb6a25e4c69146612e226c288d8586946c3c61567cdb7e434c61b5315ad1
SERVER_HANDSHAKE_TRAFFIC_SECRET 9321f04e0ca960b25059dd9bff5ea9bfdac106db03389d202c5322e92db3aa46 0ac3588f94a21f9fd75fcec04401b1cbc07264a4b4972cf394638a7d4a448dc8c66d46241f002081c82ac18465e58ac3
CLIENT_HANDSHAKE_TRAFFIC_SECRET d196eeaec5921c3f164235a5717c59586208c0f0d0b6cb0227b7579923b51b8a aa509af5ffe0351145ae3ca62b7624f41384ca0fa863058439bb7c32fdaa3edc5bfe316d9c9a592730c603a96c5d039f
SERVER_HANDSHAKE_TRAFFIC_SECRET d196eeaec5921c3f164235a5717c59586208c0f0d0b6cb0227b7579923b51b8a db67493518d2217c89fb86f4afe13e671bbb544f70c91e930dcecdd8b1534af04cade04d0ab94d5280fdbad909d96531
CLIENT_TRAFFIC_SECRET_0 9321f04e0ca960b25059dd9bff5ea9bfdac106db03389d202c5322e92db3aa46 b085393433cb20ba9ae1bacb42723fc9ba3d45ba26bdb9da1ffd0acdb9e4bfa8bfecd95bb940171da0323af326d833af
SERVER_TRAFFIC_SECRET_0 9321f04e0ca960b25059dd9bff5ea9bfdac106db03389d202c5322e92db3aa46 d7f0f216a875165b51c284dbe2f67d2a52f0edbba4b7f0358a728f7e628bba7a329f31ab38732c915d12b162a0e3f866
EXPORTER_SECRET 9321f04e0ca960b25059dd9bff5ea9bfdac106db03389d202c5322e92db3aa46 83f000bbd818a1c905fafb6f1485704560686291819ad393f52c430f7e2cbdd525e9d891f06b3d757a57f7da39f49102
CLIENT_TRAFFIC_SECRET_0 d196eeaec5921c3f164235a5717c59586208c0f0d0b6cb0227b7579923b51b8a ab23cd33e84cce06d09de457be0845e5e00f243bacff7535d3acf7098753f0cb43c6f4d8c519cfbf320035d3caefc573
SERVER_TRAFFIC_SECRET_0 d196eeaec5921c3f164235a5717c59586208c0f0d0b6cb0227b7579923b51b8a d65f2d9836051983ad561f30bfe78bf4fc7a8796f13f5fee0393aaaab910adc4ef1e93bd67cb0a012b31c57ea116fa0d
EXPORTER_SECRET d196eeaec5921c3f164235a5717c59586208c0f0d0b6cb0227b7579923b51b8a 48a3fdee9174f820bb2582e5bf15a3035e177ca5f06b86082ed383395e1e667ed1a6fd1483855cbb2faeb61de5a1e174
CLIENT_TRAFFIC_SECRET_0 75f49794c3af82924ffc56fa9e3b874f15c390d2771905a76a573f00b6d66fed 5b2b1316d299d0388520fc7620ca82b858632bf9441ba7b7d973b85d2c3aa5ecc47f1119e02c7584d53fd948f6b84f74
SERVER_TRAFFIC_SECRET_0 75f49794c3af82924ffc56fa9e3b874f15c390d2771905a76a573f00b6d66fed f44ec65c5423b4b706cf1cb8a61192f187e81d6dbb6a5e1781536b36b657c1cfb78eadaa5c6c00563033b203baed2210
EXPORTER_SECRET 75f49794c3af82924ffc56fa9e3b874f15c390d2771905a76a573f00b6d66fed 4f425d2a1f830a41336f0551d3bc18de35aba50b2bb9bebe84ba869bd7c222f53bff3c87a84fe66d4e4ffeb42077e925
CLIENT_HANDSHAKE_TRAFFIC_SECRET 9485e5375cba41ce9e2d7de05bfdc9bd4b5440705275e6a1fd344dd7ed6eb79b f275e199a549d47127e22d5165aeedee33dcb55e1ddd5c0f960a4785bfd8708881546b20423a046fa7bdeb625450505b
SERVER_HANDSHAKE_TRAFFIC_SECRET 9485e5375cba41ce9e2d7de05bfdc9bd4b5440705275e6a1fd344dd7ed6eb79b 48ba5271062033e823f582d1b5cb29a10ef73f4689e5595e9bae41c72eef379cc9ec30a1a67bd8955f7d4708c0b744b4
CLIENT_TRAFFIC_SECRET_0 9485e5375cba41ce9e2d7de05bfdc9bd4b5440705275e6a1fd344dd7ed6eb79b 3d71685e353a61469279588b665324c9a521df2327d9b7d53049bd818b6ef68a1e92aa527a6ddef5c6d70ea27e41c734
SERVER_TRAFFIC_SECRET_0 9485e5375cba41ce9e2d7de05bfdc9bd4b5440705275e6a1fd344dd7ed6eb79b adc11687f05787823a2a42e2680607f8e01ea6baac49ce2ce3836c2d1afce810d19725f3a5b23e552d5fbb0f18d574d1
EXPORTER_SECRET 9485e5375cba41ce9e2d7de05bfdc9bd4b5440705275e6a1fd344dd7ed6eb79b c5ff1a2210ac93963cafaee50842c5e560420d61ff3751570ff47e5172b235a1926e8f8400e7dbbd5f78d6f6eee66091
CLIENT_HANDSHAKE_TRAFFIC_SECRET cb713c3d5ba87154e1fd1b0bfb833ca56a92bf67b59b79a8a04fa93e8f55c482 5583aeb8d98754d4808877483a44a8fb8195febd6f821b3df21dab6b42690e7973ae44c78bb0d2b4b9817eb723ba4ef9
SERVER_HANDSHAKE_TRAFFIC_SECRET cb713c3d5ba87154e1fd1b0bfb833ca56a92bf67b59b79a8a04fa93e8f55c482 ad30dfd93e58039d37319a1c8d1a375fbb270fb434ecaa1492e46fb4284606e55832b6bec851f0ebe0de1a22485fa1b2
CLIENT_TRAFFIC_SECRET_0 cb713c3d5ba87154e1fd1b0bfb833ca56a92bf67b59b79a8a04fa93e8f55c482 7f7a0ba835f0df80d9c9db3f7a9f490b801d0e82c5d9f6af53ce3049c8fc248118ebbd756b10fe26b39abd947221d010
SERVER_TRAFFIC_SECRET_0 cb713c3d5ba87154e1fd1b0bfb833ca56a92bf67b59b79a8a04fa93e8f55c482 5814d4b84b70e6fd221c1c392116644951c9ce29a5bd08f3b3946bf6808d43e2fe10f1008f886b9816b4e880519ffd24
EXPORTER_SECRET cb713c3d5ba87154e1fd1b0bfb833ca56a92bf67b59b79a8a04fa93e8f55c482 9471d118862ed3143d768eaadd3de78d935d84e813708a4fd2d2721c487f9012203b52a0be6f81f435cda4462d3c375d
CLIENT_HANDSHAKE_TRAFFIC_SECRET 554170894208e960565d580e68411a4158e048849cc7703cb50928c58ad92cb9 e8fe44b2b30e2200cca673157059b4fabc9c579c8ae382a585330d9844b31d7433789722c9361fca257f0fbd97db0581
SERVER_HANDSHAKE_TRAFFIC_SECRET 554170894208e960565d580e68411a4158e048849cc7703cb50928c58ad92cb9 909e79231e12e60789857f507c413630b43909576725f885b12a17b829a0f3feb3f03cdfcb40ff3bb03cc08298364e4b
CLIENT_HANDSHAKE_TRAFFIC_SECRET 7df424339371bc36b60d11c73852353b4e28eff01c951f5182f603bc8b7dc9d7 5b7d6c1f638d80a66d155c9fe18425f6d23a33e228015eb9999a0b3b0c8a15ab26acec5e7b9bfead77e19550eb91677f
SERVER_HANDSHAKE_TRAFFIC_SECRET 7df424339371bc36b60d11c73852353b4e28eff01c951f5182f603bc8b7dc9d7 f04f8719cee8e3f7e75ffd425e4a16438ed9823f5511c6d3bc30d5c744963c63f45e8626a5cc8af950c9a7b86ea4deb3
CLIENT_TRAFFIC_SECRET_0 554170894208e960565d580e68411a4158e048849cc7703cb50928c58ad92cb9 b6ec3a0775817d270779d5adfc18fc91859011a02adafa126ef6f2779c0c3271a906e5f3afec58de7a825c6b75f59ec1
SERVER_TRAFFIC_SECRET_0 554170894208e960565d580e68411a4158e048849cc7703cb50928c58ad92cb9 da9b3f3698bc598e00e510fded0092d38da7e58d84311a1ce59c19f0e0ef3d6e1332df4c602f13b5eaeadd77dff0ec1f
EXPORTER_SECRET 554170894208e960565d580e68411a4158e048849cc7703cb50928c58ad92cb9 bb3a979242fb9b1a1eab3ccfb92a7c42447b4be42dee3794ec9600f606a097c03dc07568e86989fc72a6f5ba2af6ac7b
CLIENT_TRAFFIC_SECRET_0 7df424339371bc36b60d11c73852353b4e28eff01c951f5182f603bc8b7dc9d7 81ab5aa2794b5470345595eca17eaeea3adf7cac2f45ef46cff0c8bc821dbde637723aa9dace69efc574a9757a95bf02
SERVER_TRAFFIC_SECRET_0 7df424339371bc36b60d11c73852353b4e28eff01c951f5182f603bc8b7dc9d7 9f738c734532c39afc13b9b48a76a1beba84cef3f1c2f2d1ba391abb8ef0e0629041521c6580784a20d9a2f9bfa60962
EXPORTER_SECRET 7df424339371bc36b60d11c73852353b4e28eff01c951f5182f603bc8b7dc9d7 722ec1ef40559d7cd4c924bf0fab53c7c6fb52abb3721dfd28c6c98bb2b7758603803f25d6ab0b80447f01cb6c1dfe0d
CLIENT_HANDSHAKE_TRAFFIC_SECRET 9ebc418a202f62b91e1a815c893e603ed3a5ca45355b554c3bc98a892409fbdd 3453c6dbad0f5c4bf5fbf6d6d6d82bc0e3d10ae0eaf6efda48638938aa1ef37ea13da710a9718b64d651d52d111a0f21
SERVER_HANDSHAKE_TRAFFIC_SECRET 9ebc418a202f62b91e1a815c893e603ed3a5ca45355b554c3bc98a892409fbdd 4b0a6a0e98b064d5c7786f2763bc8940551c32827ec2fb6e60f7571d64dcdebf4a2d583aff3934efa3c40f9228e6884f
CLIENT_TRAFFIC_SECRET_0 9ebc418a202f62b91e1a815c893e603ed3a5ca45355b554c3bc98a892409fbdd d4788a6a6dda57f2c390ad8bd0c5646135819108e1c9c3a4e28776f6bd88c8b56a7ca322a8d293b77981115b5580dd1e
SERVER_TRAFFIC_SECRET_0 9ebc418a202f62b91e1a815c893e603ed3a5ca45355b554c3bc98a892409fbdd 08e8f240f77d4c06278ebcba5702ce35e3df80cbe16e26117930f572275a6713d6936b7352807a76463c0c9baf13df3b
EXPORTER_SECRET 9ebc418a202f62b91e1a815c893e603ed3a5ca45355b554c3bc98a892409fbdd b4f5ec29f09a44b06a3fa3a0c57207a0001c9203b68a036ce2ca8ea94d3bc2ca04aa8da037f6f9667ccff6f6f2a676b5
CLIENT_HANDSHAKE_TRAFFIC_SECRET c8453795b03e9bc5bdc2bee37e5ee29efe6e91bb05d914370c946db29b87a5b3 90992c1554d2acb3e955eb8bf997c64f1ed4c060c411905390b85f28e9e7ba3b0643a7cd3bbad86a5bbfa66b4007bf0d
SERVER_HANDSHAKE_TRAFFIC_SECRET c8453795b03e9bc5bdc2bee37e5ee29efe6e91bb05d914370c946db29b87a5b3 a801d38459a8b172e6f4ff07b3e66f63bd6ba03c456edfb194347937eb64006acdedb39b961e6d176e6edc7052b160fe
CLIENT_HANDSHAKE_TRAFFIC_SECRET 06cd5e822983152515fccde51063eccce4d270d852818344a46cbbaf2393ebd3 e1992985aaf157aa2c953170a684c9b8e39ee6f390a8d06c43f1461826a5cad4f2b8c605c7b7de9e7423611cf6efe145
SERVER_HANDSHAKE_TRAFFIC_SECRET 06cd5e822983152515fccde51063eccce4d270d852818344a46cbbaf2393ebd3 8e6c87dd9746201446c26973a3d335fd0f6279416e13ec8679f2574f722cf469e7232af7c4c727dac01723510cc0b880
CLIENT_TRAFFIC_SECRET_0 c8453795b03e9bc5bdc2bee37e5ee29efe6e91bb05d914370c946db29b87a5b3 d07b8564cf76bb7fed72bf841e544656f9d4405483c9bd86eabf696edd93582d33ebe8de4e325c117ee71c0d88cd821f
SERVER_TRAFFIC_SECRET_0 c8453795b03e9bc5bdc2bee37e5ee29efe6e91bb05d914370c946db29b87a5b3 910fa93e17b6f1cf580366e679f54f85d3b3a60aa6bbede07df1543bb5030ae560e94ec5a61aeca87150ad8c181cf9ee
EXPORTER_SECRET c8453795b03e9bc5bdc2bee37e5ee29efe6e91bb05d914370c946db29b87a5b3 1f9eb6f5277371a419b8cc37b8ab5bece435a7aada6b69bdef7c4271bf83f00d0171567cf43bfbb23d3190c1134db32a
CLIENT_TRAFFIC_SECRET_0 06cd5e822983152515fccde51063eccce4d270d852818344a46cbbaf2393ebd3 ed9aff7b0fcb3af0849ce82b41298c7968c757c5d9a14bcee4fd326fc7e98c059dabd518579de39875695fc4aaf6730e
SERVER_TRAFFIC_SECRET_0 06cd5e822983152515fccde51063eccce4d270d852818344a46cbbaf2393ebd3 d419bb1e887d63a79dfc781cfce0e577afb3a6be652bf5eb1c984089608015b9c01328ff7a9ceba2f8a794271a6d4278
EXPORTER_SECRET 06cd5e822983152515fccde51063eccce4d270d852818344a46cbbaf2393ebd3 447c83b6351006808cb69dbfc10ea5966bdd070f8cdb9d78109847bd0c412fd7eb4ec27674dc36d7515deb28117e5727
CLIENT_RANDOM a8e4d24c1d978706bee6a1e9b4976f7a56e6f2b612f62f95eb6c3267cfefe123 8366ce344860e975fb9acbe8dbeb9505879f7215e4d89eda9a24d3a1866d8ffe751605ca9bcc03f16bce3b03b4d9e333
CLIENT_RANDOM ece4a50e8f444694dbbbabee4c58603a30a9584c5e9b3448c3dbdbe179fcf419 e614b268d6be063c1fcb39bf6ba9474ba0750adcbd42a2c5b3a2a74dc01119e5e9b65a05ddaf682ff3d577a5b0174533
CLIENT_HANDSHAKE_TRAFFIC_SECRET 3ea535b61f32ac273b5e3615d74d7a7e2518f9c742fc842b747b5b2bfb5ff27e 4d2408e972d22927bbaa076a48e72088fff4d2c823d2967d8bcd8fc6f86588331dac95e96a992d4e478735ac09cad3b5
SERVER_HANDSHAKE_TRAFFIC_SECRET 3ea535b61f32ac273b5e3615d74d7a7e2518f9c742fc842b747b5b2bfb5ff27e cb9c3ea60f63b3770194bd6d368c0eefd94bade681caa58fa363c88047186ddf70ce9d29f33f46034a683f6b7adc2ef1
CLIENT_TRAFFIC_SECRET_0 3ea535b61f32ac273b5e3615d74d7a7e2518f9c742fc842b747b5b2bfb5ff27e a6e878473b8835b39431494c63904b3a2b3eb74881bd2c7398835314fc95f8faf45850c3204fe005edd14242d379151f
SERVER_TRAFFIC_SECRET_0 3ea535b61f32ac273b5e3615d74d7a7e2518f9c742fc842b747b5b2bfb5ff27e 2f3ee9e136555a00ac638b7598ca4ef790b431a07e150734fc89e9f980bde8533292d7ddbab036cfd4be0f36307f53b7
EXPORTER_SECRET 3ea535b61f32ac273b5e3615d74d7a7e2518f9c742fc842b747b5b2bfb5ff27e d0cfc04ce2cb1e5d8677b863e6e62f3adaa8821df129a7c03d70670e85e27a28b82c4036eeb7a1908cf5033f4a57b506
CLIENT_HANDSHAKE_TRAFFIC_SECRET 958cab19b084506f5f520e568a647f4681ad58939b6bc61950e39e0765260296 8c1c45d9eeed9e520a480125549b8f930ea67c8cdcf4bf60daedc5cddab3aedebd582fe02b284fdd41a9ce926a801e65
SERVER_HANDSHAKE_TRAFFIC_SECRET 958cab19b084506f5f520e568a647f4681ad58939b6bc61950e39e0765260296 306604e91c9f87e2cf174d2382e7983a8d45024a9d8a759455ebc65818a7679fe626292793fa6826850591ef5de07938
CLIENT_TRAFFIC_SECRET_0 958cab19b084506f5f520e568a647f4681ad58939b6bc61950e39e0765260296 62190d3128d7af7f43738dc678b88f1d910d0f0ec6a254aad2df62cdd4bb7c58caf298de28d00770ed05b054c46afd88
SERVER_TRAFFIC_SECRET_0 958cab19b084506f5f520e568a647f4681ad58939b6bc61950e39e0765260296 406fdf8e46ddd101931e57df7d19c7f516b44c38f715f40a85f848ad2d3fc63f344b2121a025d5345d2874365991e902
EXPORTER_SECRET 958cab19b084506f5f520e568a647f4681ad58939b6bc61950e39e0765260296 3bca624d8a5d97da3420d226af703fc15af1460cea7f8fa9c0896d5e2c01580c1951c47c7a39c712cb25ad9dafb1bdf5
CLIENT_HANDSHAKE_TRAFFIC_SECRET cdf0866a4b483d768e18b0ea6788d06206d029ec2550876d3de41501c61b63eb 5aae25d471c365ba63834e4391ab90fc4eb332021d5d08e7ee8dacdeec76394006fb1a9879e8cedd6a2175c4035d101e
SERVER_HANDSHAKE_TRAFFIC_SECRET cdf0866a4b483d768e18b0ea6788d06206d029ec2550876d3de41501c61b63eb d1e129b0658da8992ee8ffb74ba4dcd468e4d8a3f6dc7ac2ddd26f666d2b76cc3baaca5a50118476586514002549c947
CLIENT_TRAFFIC_SECRET_0 cdf0866a4b483d768e18b0ea6788d06206d029ec2550876d3de41501c61b63eb 3de0340814769ba0994aadea6b561f8e251a8f4f7353a37b58cf6be7b18904c6466ac79a52fd5afeb4316a1022b43a2b
SERVER_TRAFFIC_SECRET_0 cdf0866a4b483d768e18b0ea6788d06206d029ec2550876d3de41501c61b63eb da09657052f78958254405e3a70c7eb9f87bee9c609488c8b73cd38f0fe77260b49acd4fbef5f006326e855a1157b55d
EXPORTER_SECRET cdf0866a4b483d768e18b0ea6788d06206d029ec2550876d3de41501c61b63eb 36bc387d874671ed7cba3d9df914e2ead19a27eb8a08dd56ac9d8abac3b8683c0c2a675aa1d1f80227683a24fb183af8
CLIENT_HANDSHAKE_TRAFFIC_SECRET 2e1603f69da4175eec3e5f568693295e1b52605974602422740158105c1053b6 5ded6f768a4a4d534f64c79c175fca09d89f79e495cda1fdf2ae6f1ae2b34513e256a056fa4aa7a3aecbd22e76e708fb
SERVER_HANDSHAKE_TRAFFIC_SECRET 2e1603f69da4175eec3e5f568693295e1b52605974602422740158105c1053b6 e92506a565c801290690c481f02114dca8caf1ba79329361d87a71920f6960f9bb896aca102e011b6922bc7dfb1be977
CLIENT_TRAFFIC_SECRET_0 2e1603f69da4175eec3e5f568693295e1b52605974602422740158105c1053b6 84403d62f243117c0336b0a8eabc941330259d48f6c13d4d8171e1dad23711d41d2be197b531ae30a907bfe39070085a
SERVER_TRAFFIC_SECRET_0 2e1603f69da4175eec3e5f568693295e1b52605974602422740158105c1053b6 34675781fa6f5f27c9eec6f31d50213eb63342e8c7ceedfdebcf9859cc606b5c4df920f47c9844ecbde84c01db30fd20
EXPORTER_SECRET 2e1603f69da4175eec3e5f568693295e1b52605974602422740158105c1053b6 5ada2ae23a718523959cfa095ea5b47c064e51c3f7b79525fd555642dc5407d777e968f0f9ba06f7dee600da9ffdcf51
CLIENT_HANDSHAKE_TRAFFIC_SECRET bbcc5069d32659dac77f368a0eebfe66a05ca14abbdaa9505ae73031a633fb0c e26dc40b519e2b3bd2126576409cd5e46a745e30135297e6a0d96dcc76a9f09fa4a343e40d90feaea5d398164be8ce67
SERVER_HANDSHAKE_TRAFFIC_SECRET bbcc5069d32659dac77f368a0eebfe66a05ca14abbdaa9505ae73031a633fb0c a21d0f39796cbecb8ce2adf351969493a44ac4e3354757d0042b816558b3dd694d744e1e7a0428e91d1a3f11ba4f2f31
CLIENT_TRAFFIC_SECRET_0 bbcc5069d32659dac77f368a0eebfe66a05ca14abbdaa9505ae73031a633fb0c 07ffc8f224f91c0c36de6f81fb605ec07ec9a776758d0e8f3f3de8998d91da8af9bd248f28133a048db3f6dcdc3ff51b
SERVER_TRAFFIC_SECRET_0 bbcc5069d32659dac77f368a0eebfe66a05ca14abbdaa9505ae73031a633fb0c 216e25a209e1f2cf8ab67b99177c1c1a1383fcda3849fa6b7f433f132f0e3782011d2c352fb639d8a8394eba6b4fab44
EXPORTER_SECRET bbcc5069d32659dac77f368a0eebfe66a05ca14abbdaa9505ae73031a633fb0c 8b0bfe74dc0a1ba81692391cb9cc31c97b12bc2b8f7f8083c49d656b2b0b3e1e5b7a4e3c6ef7821c67059a41abf96398
CLIENT_HANDSHAKE_TRAFFIC_SECRET 4751da7c8b98cc005832baa939bdcebebc68370777c943cf75556c9421d498de 60d99477f17415660c8432257cfb2941f57c292cd8e748a1ebda75769e315655c72cb189c5b8cd3e18959399d14eb96e
SERVER_HANDSHAKE_TRAFFIC_SECRET 4751da7c8b98cc005832baa939bdcebebc68370777c943cf75556c9421d498de 2fa234a04700812704479dfafba46cedcd526fdcfb87cc3861fe0dadb9fef98a4573e514f6cdcbe08ec697f0282738dc
CLIENT_TRAFFIC_SECRET_0 4751da7c8b98cc005832baa939bdcebebc68370777c943cf75556c9421d498de 4eaec13b3e2392ba3f885c263c22525c74069a70df8a3a2ab668640eaae9abc5a7b5ad9f62b3a151e83d2b864ab66e47
SERVER_TRAFFIC_SECRET_0 4751da7c8b98cc005832baa939bdcebebc68370777c943cf75556c9421d498de bddcf4dfcdc27b0cfa7044483a308a267347cccbedc97bd9108a513a6bf83351a29cccd230a3f6575452b2f03373f086
EXPORTER_SECRET 4751da7c8b98cc005832baa939bdcebebc68370777c943cf75556c9421d498de 284ed902987fc83da33545fb2399b21bc527d1723db3eaaefc7372548bdc21935d0d153846a875020a78ee26a3e6116c
CLIENT_HANDSHAKE_TRAFFIC_SECRET a3e20871cd6788c050461bba1606df5ad069afcba9fd8a2e0d664cfb26eb383c 5363933b69fc854a57aa4272b501fd5fb7b52d342971a10d1a7258c284fdb621356743a0639a0dda96aa18916a1463b5
SERVER_HANDSHAKE_TRAFFIC_SECRET a3e20871cd6788c050461bba1606df5ad069afcba9fd8a2e0d664cfb26eb383c ceaccaf9b7366db03058285535fa506972b560e322fa3d1d1261211c9dc64d2e2740f93cca3c51b60b3b07386df0f831
CLIENT_TRAFFIC_SECRET_0 a3e20871cd6788c050461bba1606df5ad069afcba9fd8a2e0d664cfb26eb383c 5df2db21c8d056406c806db1a17ca9905f33645323ae5d778133964d7da9fdc1f19c20ff4026b0fea4a5dfcabc23e008
SERVER_TRAFFIC_SECRET_0 a3e20871cd6788c050461bba1606df5ad069afcba9fd8a2e0d664cfb26eb383c 5bf096e744c4fd9eea6e0603f7a7d3a02b69c89b1cd65635a60c7a80ac675964ce3eec639fb22e9777b45efa078815a6
EXPORTER_SECRET a3e20871cd6788c050461bba1606df5ad069afcba9fd8a2e0d664cfb26eb383c 510fcbaaad911e7ac36937cf329eef05e40558c04fe45c574e7149ae3e155254be445f1de50266720d96a6dd84ea916e
CLIENT_HANDSHAKE_TRAFFIC_SECRET 56468f07301fcc88fef6841a327af0924576f26034f42267ccfdaf0ce9c89157 ed93b8fa220891c877f88e91a0aa6361c139b51e7e555cba5ad4c562c3661a077de1a7d55d995786759e9d6a395722fb
SERVER_HANDSHAKE_TRAFFIC_SECRET 56468f07301fcc88fef6841a327af0924576f26034f42267ccfdaf0ce9c89157 2b86f4472198f8951581505e430619402a916919932fd92d8a7c81f5d3a93d90d5fa1d1dad51cdd4a1db9221ff9228fa
CLIENT_TRAFFIC_SECRET_0 56468f07301fcc88fef6841a327af0924576f26034f42267ccfdaf0ce9c89157 fc17beb96c79f81d26042930ecfc9622995bd0eca647056e10b0386a2786469360276ef7b4a443a7cb8cfe397c15b4a9
SERVER_TRAFFIC_SECRET_0 56468f07301fcc88fef6841a327af0924576f26034f42267ccfdaf0ce9c89157 9a87f87f67ba38a3cb991bc45dfa1a840a8c4348be77ab0c5f396079e68671f8281a2afa34036c7e6a0ec39afaf51f36
EXPORTER_SECRET 56468f07301fcc88fef6841a327af0924576f26034f42267ccfdaf0ce9c89157 fe68a7baab1f442bf5d0d909485fc8a0daba96b2c26f298cdf759415c72df782c2e69676cb76bacfa11b5847de3d88f5
CLIENT_RANDOM 7a807d15fbce67837647ec9659ea23c4553267e13c128ee085ad3a268555b469 f155683f8ec16b5110beab9f5a9e9b53ac2fdd61c8e3f963768116513be90ec54ab2dcd1b880e8ea709b7342eb882815
CLIENT_RANDOM f1eeccc8f34f612f708e62540565aa71c1daa5abd2ff3c57ceca28573079783a aef3928a7995b69ead9ff5abb42a8e307fa70f1fd8d2a6ae92c90441575abe3e8deb80eace1ed2b5eb109a0497a3dc88
CLIENT_HANDSHAKE_TRAFFIC_SECRET fdea200db5e57744f469694e9d7d4be9c15ee3aa294dbbd6b461814e8bf4b8f5 79665634f22eaff497106133a8359e9185060fbd47d907c7f306e1eebb51a848273f7faffad011641c931e9cf62f8171
SERVER_HANDSHAKE_TRAFFIC_SECRET fdea200db5e57744f469694e9d7d4be9c15ee3aa294dbbd6b461814e8bf4b8f5 c7d44c02aad09074cb776071b74882547e5d8218a03ae9b9dba6171c2da8dab0c5e09bc3702ab530bf6a8d53715be726
CLIENT_TRAFFIC_SECRET_0 fdea200db5e57744f469694e9d7d4be9c15ee3aa294dbbd6b461814e8bf4b8f5 957e841d2656804114d707a0a80f4d652209b3403086206ab93ed12d43dda9d1f93be183f085a143ff357fc7e15bd458
SERVER_TRAFFIC_SECRET_0 fdea200db5e57744f469694e9d7d4be9c15ee3aa294dbbd6b461814e8bf4b8f5 74de2b65e956a1723c562b4c7a374645cf668c7b30b3c5f01a7573f6fb3ebcc0246f60b786aaa80349f10b331bd3ad0e
EXPORTER_SECRET fdea200db5e57744f469694e9d7d4be9c15ee3aa294dbbd6b461814e8bf4b8f5 e3159a3cffaa694b4826f342d1c565249f8097f0b36678f4604ad7381ac7deab18e51a196b062053e58a59a926221111
CLIENT_HANDSHAKE_TRAFFIC_SECRET 074e81631b7e1b0d90f0562c5826e003cf2e1225a4ad807d8b787013497a259b 3695235243b91bfbfdabe31acef5f523d491b3cd857751d36cb77f282d6afb6109f5df108c5e1c153cfe8ab92f383f3b
SERVER_HANDSHAKE_TRAFFIC_SECRET 074e81631b7e1b0d90f0562c5826e003cf2e1225a4ad807d8b787013497a259b 992bb04460f85304a8b8dae564417999d5fbb818fc6dfcdf4db26fdce824f2fa490ef56bfee431a7288582d5eed2b0ad
CLIENT_TRAFFIC_SECRET_0 074e81631b7e1b0d90f0562c5826e003cf2e1225a4ad807d8b787013497a259b a7215bcc923aeadf7d851a0fb2d2f9abcfac319a9f30d91525f277af4034962e5707cf0a337674b2d3f235e06b12f281
SERVER_TRAFFIC_SECRET_0 074e81631b7e1b0d90f0562c5826e003cf2e1225a4ad807d8b787013497a259b 7dc3be3296e71f0ee752c7adfb17da2d839565539dcf09b10b6c6d3405f1bdf57b3e71846fede7d2ec160b7ecc18b57c
EXPORTER_SECRET 074e81631b7e1b0d90f0562c5826e003cf2e1225a4ad807d8b787013497a259b dac9f88f92c18a348f51284d206cbca02044600d72919256acf7bcc0db4ce218e667e73f6a46bd0c39abbc6294ec65e1
CLIENT_RANDOM 0516ee38db8276843ef1262a4c0d32c8b562976b1f42b4b941e8329f7f631f2b f808594b7a855647cf6d7e46ac38a6a093c687c56cde1cc192ee0f0bfbc6e4b0bb9b55d9dfbdfbaa16de85bbfdf2f88f
CLIENT_RANDOM b1403de36d4105e014153dd617f57e3c368ea59f96dd7417e691599cbab34e0d 7615cdddc94a6175e6b0a69688f936edce75cd738a5858d347ac817742857bb680a2e5100685fe1232eb71135f2635ed
CLIENT_HANDSHAKE_TRAFFIC_SECRET e8667b484adaa25ddb42543f94088ba144bf1a294ef478ef7ecd01dcf51c3270 5626a19bed4ebed190b4b5f5d9d4251fed24c3cf9c71051767437241f3fcd4f15e2326e5254544b996571e34250bc40d
SERVER_HANDSHAKE_TRAFFIC_SECRET e8667b484adaa25ddb42543f94088ba144bf1a294ef478ef7ecd01dcf51c3270 42924cc819aa6fa9024917741d8f98238e4eb8a1f55cd1d63d5efaac34fd211ba9a76f9766fd98add0ffefc975e330b1
CLIENT_TRAFFIC_SECRET_0 e8667b484adaa25ddb42543f94088ba144bf1a294ef478ef7ecd01dcf51c3270 1ecc2b8bd1100ee1bde801ac18b471fb40f7b60b8553cf069684a8acc95320188d4059280463782b66ce20f868eee79b
SERVER_TRAFFIC_SECRET_0 e8667b484adaa25ddb42543f94088ba144bf1a294ef478ef7ecd01dcf51c3270 a6f9dafd278ac31996cab7c159350bcffe8a19bdca964dbe21244ffdf3710073a930d637e33e7c52e121a77bcb1f10b3
EXPORTER_SECRET e8667b484adaa25ddb42543f94088ba144bf1a294ef478ef7ecd01dcf51c3270 e692f1a31f4b7a948635f5d2079e9471ad607ad6132521e2fd2be5995675f0171f3fe996f2b8480e13ae66284ccb0eb3
CLIENT_HANDSHAKE_TRAFFIC_SECRET 872e1e26ee136fb4b358829dc9c794c4178557bf86b9b4e1592a1ddcfc4689cf 9d4ad4c06514d35876a2b2be99f9dfbbbcc75faa8e7121b8fec49b067cda908b505a526d14abab76802c8cabb5213f3b
SERVER_HANDSHAKE_TRAFFIC_SECRET 872e1e26ee136fb4b358829dc9c794c4178557bf86b9b4e1592a1ddcfc4689cf cafe39400885f0561e6111a1619f18cb9e7589160e3030b8fb6ae8acffa0da822751f440afd619e4db8b4109823afba6
CLIENT_TRAFFIC_SECRET_0 872e1e26ee136fb4b358829dc9c794c4178557bf86b9b4e1592a1ddcfc4689cf 0457bb77dc8540fd6ace570ca793b447a35fe636a9af4dc4efa25cd7625cd8173fecb866959eaeadeeb6e52f166566f8
SERVER_TRAFFIC_SECRET_0 872e1e26ee136fb4b358829dc9c794c4178557bf86b9b4e1592a1ddcfc4689cf 513826774d5e94b8cce8a850fc259b48d5aa5cc2bfd62a6144ff0e5968c9286726ade880dcb46ed11f7e668c44c4c68f
EXPORTER_SECRET 872e1e26ee136fb4b358829dc9c794c4178557bf86b9b4e1592a1ddcfc4689cf a47d01f63552a346c05763a2bb372b048369b2f647923456fc107d515d22b636967777c328f6148263db3b212e476cf6
CLIENT_HANDSHAKE_TRAFFIC_SECRET 5ddc5d50934a2d4f146b3cf4d740171c58bc867d7837edcc0745da344e1697aa 74d40a861ca01c131e722a3ff89c70ef8c4adb7e7cefab2114695228c0a0f88303448ce97cf5d801670957b9673b294b
SERVER_HANDSHAKE_TRAFFIC_SECRET 5ddc5d50934a2d4f146b3cf4d740171c58bc867d7837edcc0745da344e1697aa a6805db7f1e6b5fe95699104281fadf8144f15e7b57e961f4e8e810dd027d0ce55d08a28098b45d074fb7ea0fae531f4
CLIENT_TRAFFIC_SECRET_0 5ddc5d50934a2d4f146b3cf4d740171c58bc867d7837edcc0745da344e1697aa 34679f0a6e041efb513a1f305b98a3a17964a0139afcccb648a7c7919fc68f73582b9ce9d804aa70d61990bbd4e76b65
SERVER_TRAFFIC_SECRET_0 5ddc5d50934a2d4f146b3cf4d740171c58bc867d7837edcc0745da344e1697aa b895b1a4d8d1a1d493454b8ce3671c14af9fbefef7abb77612dacf7960aef1c800a1062fc95464cc282fe505c5f516c3
EXPORTER_SECRET 5ddc5d50934a2d4f146b3cf4d740171c58bc867d7837edcc0745da344e1697aa 767e6c5a3c09555172248bb43ea04a3618186b94241316348ae472940aa2fa82391570137dc37f324eeb9bbaea9ee516
